\BOOKMARK [0][-]{chapter*.1}{Acknowledgments}{}% 1
\BOOKMARK [0][-]{chapter*.2}{Abstract}{}% 2
\BOOKMARK [0][-]{tocmark.0}{Contents}{}% 3
\BOOKMARK [0][-]{chapter.1}{Introduction}{}% 4
\BOOKMARK [1][-]{section.1.1}{Thesis Statement}{chapter.1}% 5
\BOOKMARK [1][-]{section.1.2}{Introduction}{chapter.1}% 6
\BOOKMARK [1][-]{section.1.3}{Thesis Outline}{chapter.1}% 7
\BOOKMARK [0][-]{chapter.2}{Background and Related Work}{}% 8
\BOOKMARK [1][-]{section.2.1}{General Information Retrieval \(IR\)}{chapter.2}% 9
\BOOKMARK [2][-]{subsection.2.1.1}{Retrieval Models}{section.2.1}% 10
\BOOKMARK [2][-]{subsection.2.1.2}{The Study of Retrievablity}{section.2.1}% 11
\BOOKMARK [2][-]{subsection.2.1.3}{Query Expansion \(QE\)}{section.2.1}% 12
\BOOKMARK [2][-]{subsection.2.1.4}{Query Reduction \(QR\)}{section.2.1}% 13
\BOOKMARK [2][-]{subsection.2.1.5}{IR Evaluation Metrics}{section.2.1}% 14
\BOOKMARK [1][-]{section.2.2}{Patent-specific IR}{chapter.2}% 15
\BOOKMARK [2][-]{subsection.2.2.1}{The Study of Retrievablity for patents}{section.2.2}% 16
\BOOKMARK [2][-]{subsection.2.2.2}{Query Formulation}{section.2.2}% 17
\BOOKMARK [2][-]{subsection.2.2.3}{Query Expansion for Patents}{section.2.2}% 18
\BOOKMARK [2][-]{subsection.2.2.4}{Query Reduction for Patents}{section.2.2}% 19
\BOOKMARK [2][-]{subsection.2.2.5}{The Use of Metadata}{section.2.2}% 20
\BOOKMARK [2][-]{subsection.2.2.6}{Multilinguality}{section.2.2}% 21
\BOOKMARK [2][-]{subsection.2.2.7}{Multi-stage Retrieval}{section.2.2}% 22
\BOOKMARK [2][-]{subsection.2.2.8}{Evaluation Metrics for Patent Retrieval}{section.2.2}% 23
\BOOKMARK [1][-]{section.2.3}{Motivation}{chapter.2}% 24
\BOOKMARK [1][-]{section.2.4}{Related work}{chapter.2}% 25
\BOOKMARK [1][-]{section.2.5}{Summary}{chapter.2}% 26
\BOOKMARK [0][-]{chapter.3}{Baseline Framework}{}% 27
\BOOKMARK [1][-]{section.3.1}{Test Collection}{chapter.3}% 28
\BOOKMARK [1][-]{section.3.2}{Data Curation Errors}{chapter.3}% 29
\BOOKMARK [1][-]{section.3.3}{IPC Filter Errors}{chapter.3}% 30
\BOOKMARK [1][-]{section.3.4}{Baseline and Experimental Settings}{chapter.3}% 31
\BOOKMARK [1][-]{section.3.5}{Evaluation Metrics}{chapter.3}% 32
\BOOKMARK [0][-]{chapter.4}{Term Analysis}{}% 33
\BOOKMARK [1][-]{section.4.1}{Term Mismatch}{chapter.4}% 34
\BOOKMARK [1][-]{section.4.2}{Relevance Feedback}{chapter.4}% 35
\BOOKMARK [2][-]{subsection.4.2.1}{Discriminative Words}{section.4.2}% 36
\BOOKMARK [2][-]{subsection.4.2.2}{RF Optimal Query Formulation}{section.4.2}% 37
\BOOKMARK [2][-]{subsection.4.2.3}{Query Reduction Using RF}{section.4.2}% 38
\BOOKMARK [1][-]{section.4.3}{Pseudo Relevance Feedback}{chapter.4}% 39
\BOOKMARK [2][-]{subsection.4.3.1}{PRF Query}{section.4.3}% 40
\BOOKMARK [2][-]{subsection.4.3.2}{Query Reduction Using RF}{section.4.3}% 41
\BOOKMARK [1][-]{section.4.4}{Section-based Analysis}{chapter.4}% 42
\BOOKMARK [1][-]{section.4.5}{Noisy words}{chapter.4}% 43
\BOOKMARK [2][-]{subsection.4.5.1}{Document Frequent Words}{section.4.5}% 44
\BOOKMARK [2][-]{subsection.4.5.2}{IPC Code Definition}{section.4.5}% 45
\BOOKMARK [1][-]{section.4.6}{Summary}{chapter.4}% 46
\BOOKMARK [0][-]{chapter.5}{Improve the Performance by Minimum Users Efforts}{}% 47
\BOOKMARK [0][-]{chapter.6}{Conclusions}{}% 48
\BOOKMARK [1][-]{section.6.1}{Overview}{chapter.6}% 49
\BOOKMARK [1][-]{section.6.2}{Summary}{chapter.6}% 50
\BOOKMARK [1][-]{section.6.3}{Contributions}{chapter.6}% 51
\BOOKMARK [1][-]{section.6.4}{Future Work}{chapter.6}% 52
