This is pdfTeX, Version 3.1415926-1.40.10 (TeX Live 2009/Debian) (format=pdflatex 2013.4.18)  18 JUN 2014 15:59
entering extended mode
 %&-line parsing enabled.
**PriorArtSearch.tex
(./PriorArtSearch.tex
LaTeX2e <2009/09/24>
Babel <v3.8l> and hyphenation patterns for english, usenglishmax, dumylang, noh
yphenation, loaded.
(/usr/share/texmf/tex/latex/beamer/base/beamer.cls
(/usr/share/texmf/tex/latex/beamer/base/beamerbasercs.sty
Package: beamerbasercs 2010/06/12 (rcs-revision c3821710bb40)
)
Document Class: beamer 2010/06/21 development version 3.10 A class for typesett
ing presentations (rcs-revision a6b1a8434d30)
(/usr/share/texmf/tex/latex/beamer/base/beamerbasemodes.sty
Package: beamerbasemodes 2010/05/01 (rcs-revision efa082c6111d)
\beamer@tempbox=\box26
\beamer@tempcount=\count79
\c@beamerpauses=\count80

(/usr/share/texmf/tex/latex/beamer/base/beamerbasedecode.sty
Package: beamerbasedecode 2010/05/01 (rcs-revision efa082c6111d)
\beamer@slideinframe=\count81
\beamer@minimum=\count82
)
\beamer@commentbox=\box27
\beamer@modecount=\count83
)
\headheight=\dimen102
\headdp=\dimen103
\footheight=\dimen104
\sidebarheight=\dimen105
\beamer@tempdim=\dimen106
\beamer@finalheight=\dimen107
\beamer@animht=\dimen108
\beamer@animdp=\dimen109
\beamer@animwd=\dimen110
\beamer@leftmargin=\dimen111
\beamer@rightmargin=\dimen112
\beamer@leftsidebar=\dimen113
\beamer@rightsidebar=\dimen114
\beamer@boxsize=\dimen115
\beamer@vboxoffset=\dimen116
\beamer@descdefault=\dimen117
\beamer@descriptionwidth=\dimen118
\beamer@lastskip=\skip41
\beamer@areabox=\box28
\beamer@animcurrent=\box29
\beamer@animshowbox=\box30
\beamer@sectionbox=\box31
\beamer@logobox=\box32
\beamer@linebox=\box33
\beamer@sectioncount=\count84
\beamer@subsubsectionmax=\count85
\beamer@subsectionmax=\count86
\beamer@sectionmax=\count87
\beamer@totalheads=\count88
\beamer@headcounter=\count89
\beamer@partstartpage=\count90
\beamer@sectionstartpage=\count91
\beamer@subsectionstartpage=\count92
\beamer@animationtempa=\count93
\beamer@animationtempb=\count94
\beamer@xpos=\count95
\beamer@ypos=\count96
\beamer@showpartnumber=\count97
\beamer@currentsubsection=\count98
\beamer@coveringdepth=\count99
\beamer@sectionadjust=\count100
\beamer@tocsectionnumber=\count101

(/usr/share/texmf/tex/latex/beamer/base/beamerbaseoptions.sty
Package: beamerbaseoptions 2010/04/27 (rcs-revision 982469101dd6)

(/usr/share/texmf-texlive/tex/latex/graphics/keyval.sty
Package: keyval 1999/03/16 v1.13 key=value parser (DPC)
\KV@toks@=\toks14
))
\beamer@paperwidth=\skip42
\beamer@paperheight=\skip43

(/usr/share/texmf-texlive/tex/latex/geometry/geometry.sty
Package: geometry 2008/12/21 v4.2 Page Geometry

(/usr/share/texmf-texlive/tex/generic/oberdiek/ifpdf.sty
Package: ifpdf 2009/04/10 v2.0 Provides the ifpdf switch (HO)
Package ifpdf Info: pdfTeX in pdf mode detected.
)
(/usr/share/texmf-texlive/tex/generic/oberdiek/ifvtex.sty
Package: ifvtex 2008/11/04 v1.4 Switches for detecting VTeX and its modes (HO)
Package ifvtex Info: VTeX not detected.
)
\Gm@cnth=\count102
\Gm@cntv=\count103
\c@Gm@tempcnt=\count104
\Gm@bindingoffset=\dimen119
\Gm@wd@mp=\dimen120
\Gm@odd@mp=\dimen121
\Gm@even@mp=\dimen122
\Gm@dimlist=\toks15
)
(/usr/share/texmf-texlive/tex/latex/base/size11.clo
File: size11.clo 2007/10/19 v1.4h Standard LaTeX file (size option)
)
(/usr/share/texmf/tex/latex/pgf/basiclayer/pgfcore.sty
(/usr/share/texmf-texlive/tex/latex/graphics/graphicx.sty
Package: graphicx 1999/02/16 v1.0f Enhanced LaTeX Graphics (DPC,SPQR)

(/usr/share/texmf-texlive/tex/latex/graphics/graphics.sty
Package: graphics 2009/02/05 v1.0o Standard LaTeX Graphics (DPC,SPQR)

(/usr/share/texmf-texlive/tex/latex/graphics/trig.sty
Package: trig 1999/03/16 v1.09 sin cos tan (DPC)
)
(/etc/texmf/tex/latex/config/graphics.cfg
File: graphics.cfg 2009/08/28 v1.8 graphics configuration of TeX Live
)
Package graphics Info: Driver file: pdftex.def on input line 91.

(/usr/share/texmf-texlive/tex/latex/pdftex-def/pdftex.def
File: pdftex.def 2010/03/12 v0.04p Graphics/color for pdfTeX
\Gread@gobject=\count105
))
\Gin@req@height=\dimen123
\Gin@req@width=\dimen124
)
(/usr/share/texmf/tex/latex/pgf/systemlayer/pgfsys.sty
(/usr/share/texmf/tex/latex/pgf/utilities/pgfrcs.sty
(/usr/share/texmf/tex/generic/pgf/utilities/pgfutil-common.tex
\pgfutil@everybye=\toks16
)
(/usr/share/texmf/tex/generic/pgf/utilities/pgfutil-latex.def
\pgfutil@abb=\box34

(/usr/share/texmf-texlive/tex/latex/ms/everyshi.sty
Package: everyshi 2001/05/15 v3.00 EveryShipout Package (MS)
))
(/usr/share/texmf/tex/generic/pgf/utilities/pgfrcs.code.tex
Package: pgfrcs 2010/10/25 v2.10 (rcs-revision 1.24)
))
(/usr/share/texmf/tex/generic/pgf/systemlayer/pgfsys.code.tex
Package: pgfsys 2010/06/30 v2.10 (rcs-revision 1.37)

(/usr/share/texmf/tex/generic/pgf/utilities/pgfkeys.code.tex
\pgfkeys@pathtoks=\toks17
\pgfkeys@temptoks=\toks18

(/usr/share/texmf/tex/generic/pgf/utilities/pgfkeysfiltered.code.tex
\pgfkeys@tmptoks=\toks19
))
\pgf@x=\dimen125
\pgf@y=\dimen126
\pgf@xa=\dimen127
\pgf@ya=\dimen128
\pgf@xb=\dimen129
\pgf@yb=\dimen130
\pgf@xc=\dimen131
\pgf@yc=\dimen132
\w@pgf@writea=\write3
\r@pgf@reada=\read1
\c@pgf@counta=\count106
\c@pgf@countb=\count107
\c@pgf@countc=\count108
\c@pgf@countd=\count109

(/usr/share/texmf/tex/generic/pgf/systemlayer/pgf.cfg
File: pgf.cfg 2008/05/14  (rcs-revision 1.7)
)
Package pgfsys Info: Driver file for pgf: pgfsys-pdftex.def on input line 900.

(/usr/share/texmf/tex/generic/pgf/systemlayer/pgfsys-pdftex.def
File: pgfsys-pdftex.def 2009/05/22  (rcs-revision 1.26)

(/usr/share/texmf/tex/generic/pgf/systemlayer/pgfsys-common-pdf.def
File: pgfsys-common-pdf.def 2008/05/19  (rcs-revision 1.10)
)))
(/usr/share/texmf/tex/generic/pgf/systemlayer/pgfsyssoftpath.code.tex
File: pgfsyssoftpath.code.tex 2008/07/18  (rcs-revision 1.7)
\pgfsyssoftpath@smallbuffer@items=\count110
\pgfsyssoftpath@bigbuffer@items=\count111
)
(/usr/share/texmf/tex/generic/pgf/systemlayer/pgfsysprotocol.code.tex
File: pgfsysprotocol.code.tex 2006/10/16  (rcs-revision 1.4)
))
(/usr/share/texmf/tex/latex/xcolor/xcolor.sty
Package: xcolor 2007/01/21 v2.11 LaTeX color extensions (UK)

(/etc/texmf/tex/latex/config/color.cfg
File: color.cfg 2007/01/18 v1.5 color configuration of teTeX/TeXLive
)
Package xcolor Info: Driver file: pdftex.def on input line 225.
Package xcolor Info: Model `cmy' substituted by `cmy0' on input line 1337.
Package xcolor Info: Model `hsb' substituted by `rgb' on input line 1341.
Package xcolor Info: Model `RGB' extended on input line 1353.
Package xcolor Info: Model `HTML' substituted by `rgb' on input line 1355.
Package xcolor Info: Model `Hsb' substituted by `hsb' on input line 1356.
Package xcolor Info: Model `tHsb' substituted by `hsb' on input line 1357.
Package xcolor Info: Model `HSB' substituted by `hsb' on input line 1358.
Package xcolor Info: Model `Gray' substituted by `gray' on input line 1359.
Package xcolor Info: Model `wave' substituted by `hsb' on input line 1360.

(/usr/share/texmf/tex/latex/xcolor/x11nam.def
File: x11nam.def 2007/01/21 v2.11 Predefined colors according to Unix/X11 (UK)
))
(/usr/share/texmf/tex/generic/pgf/basiclayer/pgfcore.code.tex
Package: pgfcore 2010/04/11 v2.10 (rcs-revision 1.7)

(/usr/share/texmf/tex/generic/pgf/math/pgfmath.code.tex
(/usr/share/texmf/tex/generic/pgf/math/pgfmathcalc.code.tex
(/usr/share/texmf/tex/generic/pgf/math/pgfmathutil.code.tex)
(/usr/share/texmf/tex/generic/pgf/math/pgfmathparser.code.tex
\pgfmath@dimen=\dimen133
\pgfmath@count=\count112
\pgfmath@box=\box35
\pgfmath@toks=\toks20
\pgfmath@stack@operand=\toks21
\pgfmath@stack@operation=\toks22
)
(/usr/share/texmf/tex/generic/pgf/math/pgfmathfunctions.code.tex
(/usr/share/texmf/tex/generic/pgf/math/pgfmathfunctions.basic.code.tex)
(/usr/share/texmf/tex/generic/pgf/math/pgfmathfunctions.trigonometric.code.tex)
(/usr/share/texmf/tex/generic/pgf/math/pgfmathfunctions.random.code.tex)
(/usr/share/texmf/tex/generic/pgf/math/pgfmathfunctions.comparison.code.tex)
(/usr/share/texmf/tex/generic/pgf/math/pgfmathfunctions.base.code.tex)
(/usr/share/texmf/tex/generic/pgf/math/pgfmathfunctions.round.code.tex)
(/usr/share/texmf/tex/generic/pgf/math/pgfmathfunctions.misc.code.tex)))
(/usr/share/texmf/tex/generic/pgf/math/pgfmathfloat.code.tex
\c@pgfmathroundto@lastzeros=\count113
))
(/usr/share/texmf/tex/generic/pgf/basiclayer/pgfcorepoints.code.tex
File: pgfcorepoints.code.tex 2010/04/09  (rcs-revision 1.20)
\pgf@picminx=\dimen134
\pgf@picmaxx=\dimen135
\pgf@picminy=\dimen136
\pgf@picmaxy=\dimen137
\pgf@pathminx=\dimen138
\pgf@pathmaxx=\dimen139
\pgf@pathminy=\dimen140
\pgf@pathmaxy=\dimen141
\pgf@xx=\dimen142
\pgf@xy=\dimen143
\pgf@yx=\dimen144
\pgf@yy=\dimen145
\pgf@zx=\dimen146
\pgf@zy=\dimen147
)
(/usr/share/texmf/tex/generic/pgf/basiclayer/pgfcorepathconstruct.code.tex
File: pgfcorepathconstruct.code.tex 2010/08/03  (rcs-revision 1.24)
\pgf@path@lastx=\dimen148
\pgf@path@lasty=\dimen149
)
(/usr/share/texmf/tex/generic/pgf/basiclayer/pgfcorepathusage.code.tex
File: pgfcorepathusage.code.tex 2008/04/22  (rcs-revision 1.12)
\pgf@shorten@end@additional=\dimen150
\pgf@shorten@start@additional=\dimen151
)
(/usr/share/texmf/tex/generic/pgf/basiclayer/pgfcorescopes.code.tex
File: pgfcorescopes.code.tex 2010/09/08  (rcs-revision 1.34)
\pgfpic=\box36
\pgf@hbox=\box37
\pgf@layerbox@main=\box38
\pgf@picture@serial@count=\count114
)
(/usr/share/texmf/tex/generic/pgf/basiclayer/pgfcoregraphicstate.code.tex
File: pgfcoregraphicstate.code.tex 2008/04/22  (rcs-revision 1.9)
\pgflinewidth=\dimen152
)
(/usr/share/texmf/tex/generic/pgf/basiclayer/pgfcoretransformations.code.tex
File: pgfcoretransformations.code.tex 2009/06/10  (rcs-revision 1.11)
\pgf@pt@x=\dimen153
\pgf@pt@y=\dimen154
\pgf@pt@temp=\dimen155
)
(/usr/share/texmf/tex/generic/pgf/basiclayer/pgfcorequick.code.tex
File: pgfcorequick.code.tex 2008/10/09  (rcs-revision 1.3)
)
(/usr/share/texmf/tex/generic/pgf/basiclayer/pgfcoreobjects.code.tex
File: pgfcoreobjects.code.tex 2006/10/11  (rcs-revision 1.2)
)
(/usr/share/texmf/tex/generic/pgf/basiclayer/pgfcorepathprocessing.code.tex
File: pgfcorepathprocessing.code.tex 2008/10/09  (rcs-revision 1.8)
)
(/usr/share/texmf/tex/generic/pgf/basiclayer/pgfcorearrows.code.tex
File: pgfcorearrows.code.tex 2008/04/23  (rcs-revision 1.11)
)
(/usr/share/texmf/tex/generic/pgf/basiclayer/pgfcoreshade.code.tex
File: pgfcoreshade.code.tex 2008/11/23  (rcs-revision 1.13)
\pgf@max=\dimen156
\pgf@sys@shading@range@num=\count115
)
(/usr/share/texmf/tex/generic/pgf/basiclayer/pgfcoreimage.code.tex
File: pgfcoreimage.code.tex 2010/03/25  (rcs-revision 1.16)

(/usr/share/texmf/tex/generic/pgf/basiclayer/pgfcoreexternal.code.tex
File: pgfcoreexternal.code.tex 2010/09/01  (rcs-revision 1.17)
\pgfexternal@startupbox=\box39
))
(/usr/share/texmf/tex/generic/pgf/basiclayer/pgfcorelayers.code.tex
File: pgfcorelayers.code.tex 2010/08/27  (rcs-revision 1.2)
)
(/usr/share/texmf/tex/generic/pgf/basiclayer/pgfcoretransparency.code.tex
File: pgfcoretransparency.code.tex 2008/01/17  (rcs-revision 1.2)
)
(/usr/share/texmf/tex/generic/pgf/basiclayer/pgfcorepatterns.code.tex
File: pgfcorepatterns.code.tex 2009/07/02  (rcs-revision 1.3)
)))
(/usr/share/texmf/tex/latex/pgf/utilities/xxcolor.sty
Package: xxcolor 2003/10/24 ver 0.1
\XC@nummixins=\count116
\XC@countmixins=\count117
)
(/usr/share/texmf-texlive/tex/latex/hyperref/hyperref.sty
Package: hyperref 2009/10/09 v6.79a Hypertext links for LaTeX

(/usr/share/texmf-texlive/tex/generic/ifxetex/ifxetex.sty
Package: ifxetex 2009/01/23 v0.5 Provides ifxetex conditional
)
(/usr/share/texmf-texlive/tex/latex/oberdiek/hycolor.sty
Package: hycolor 2009/10/02 v1.5 Code for color options of hyperref/bookmark (H
O)

(/usr/share/texmf-texlive/tex/latex/oberdiek/xcolor-patch.sty
Package: xcolor-patch 2009/10/02 xcolor patch
))
\@linkdim=\dimen157
\Hy@linkcounter=\count118
\Hy@pagecounter=\count119

(/usr/share/texmf-texlive/tex/latex/hyperref/pd1enc.def
File: pd1enc.def 2009/10/09 v6.79a Hyperref: PDFDocEncoding definition (HO)
)
(/usr/share/texmf-texlive/tex/generic/oberdiek/etexcmds.sty
Package: etexcmds 2007/12/12 v1.2 Prefix for e-TeX command names (HO)

(/usr/share/texmf-texlive/tex/generic/oberdiek/infwarerr.sty
Package: infwarerr 2007/09/09 v1.2 Providing info/warning/message (HO)
)
Package etexcmds Info: Could not find \expanded.
(etexcmds)             That can mean that you are not using pdfTeX 1.50 or
(etexcmds)             that some package has redefined \expanded.
(etexcmds)             In the latter case, load this package earlier.
)
(/usr/share/texmf-texlive/tex/latex/latexconfig/hyperref.cfg
File: hyperref.cfg 2002/06/06 v1.2 hyperref configuration of TeXLive
)
(/usr/share/texmf-texlive/tex/latex/oberdiek/kvoptions.sty
Package: kvoptions 2009/08/13 v3.4 Keyval support for LaTeX options (HO)

(/usr/share/texmf-texlive/tex/generic/oberdiek/kvsetkeys.sty
Package: kvsetkeys 2009/07/30 v1.5 Key value parser with default handler suppor
t (HO)
))
Package hyperref Info: Option `bookmarks' set `true' on input line 2864.
Package hyperref Info: Option `bookmarksopen' set `true' on input line 2864.
Package hyperref Info: Option `implicit' set `false' on input line 2864.
Package hyperref Info: Hyper figures OFF on input line 2975.
Package hyperref Info: Link nesting OFF on input line 2980.
Package hyperref Info: Hyper index ON on input line 2983.
Package hyperref Info: Plain pages OFF on input line 2990.
Package hyperref Info: Backreferencing OFF on input line 2995.

Implicit mode OFF; no redefinition of LaTeX internals
Package hyperref Info: Bookmarks ON on input line 3191.
(/usr/share/texmf-texlive/tex/latex/ltxmisc/url.sty
\Urlmuskip=\muskip10
Package: url 2006/04/12  ver 3.3  Verb mode for urls, etc.
)
LaTeX Info: Redefining \url on input line 3428.

(/usr/share/texmf-texlive/tex/generic/oberdiek/bitset.sty
Package: bitset 2007/09/28 v1.0 Data type bit set (HO)

(/usr/share/texmf-texlive/tex/generic/oberdiek/intcalc.sty
Package: intcalc 2007/09/27 v1.1 Expandable integer calculations (HO)
)
(/usr/share/texmf-texlive/tex/generic/oberdiek/bigintcalc.sty
Package: bigintcalc 2007/11/11 v1.1 Expandable big integer calculations (HO)

(/usr/share/texmf-texlive/tex/generic/oberdiek/pdftexcmds.sty
Package: pdftexcmds 2009/09/23 v0.6 LuaTeX support for pdfTeX utility functions
 (HO)

(/usr/share/texmf-texlive/tex/generic/oberdiek/ifluatex.sty
Package: ifluatex 2009/04/17 v1.2 Provides the ifluatex switch (HO)
Package ifluatex Info: LuaTeX not detected.
)
(/usr/share/texmf-texlive/tex/generic/oberdiek/ltxcmds.sty
Package: ltxcmds 2009/08/05 v1.0 Some LaTeX kernel commands for general use (HO
)
)
Package pdftexcmds Info: LuaTeX not detected.
Package pdftexcmds Info: \pdf@primitive is available.
Package pdftexcmds Info: \pdf@ifprimitive is available.
)))
\Fld@menulength=\count120
\Field@Width=\dimen158
\Fld@charsize=\dimen159
\Field@toks=\toks23
Package hyperref Info: Hyper figures OFF on input line 4377.
Package hyperref Info: Link nesting OFF on input line 4382.
Package hyperref Info: Hyper index ON on input line 4385.
Package hyperref Info: backreferencing OFF on input line 4392.
Package hyperref Info: Link coloring OFF on input line 4397.
Package hyperref Info: Link coloring with OCG OFF on input line 4402.
Package hyperref Info: PDF/A mode OFF on input line 4407.

(/usr/share/texmf-texlive/tex/generic/oberdiek/atbegshi.sty
Package: atbegshi 2008/07/31 v1.9 At begin shipout hook (HO)
)
\Hy@abspage=\count121

Hyperref stopped early
)
*hyperref using default driver hpdftex*
(/usr/share/texmf-texlive/tex/latex/hyperref/hpdftex.def
File: hpdftex.def 2009/10/09 v6.79a Hyperref driver for pdfTeX
\Fld@listcount=\count122
)
(/usr/share/texmf/tex/latex/beamer/base/beamerbaserequires.sty
Package: beamerbaserequires 2010/05/01  (rcs-revision efa082c6111d)

(/usr/share/texmf/tex/latex/beamer/base/beamerbasecompatibility.sty
Package: beamerbasecompatibility 2010/07/12  (rcs-revision 6648c3177e4e)
)
(/usr/share/texmf/tex/latex/beamer/base/beamerbasefont.sty
Package: beamerbasefont 2010/05/10  (rcs-revision cd36e8a33c6b)

(/usr/share/texmf-texlive/tex/latex/amsfonts/amssymb.sty
Package: amssymb 2009/06/22 v3.00

(/usr/share/texmf-texlive/tex/latex/amsfonts/amsfonts.sty
Package: amsfonts 2009/06/22 v3.00 Basic AMSFonts support
\@emptytoks=\toks24
\symAMSa=\mathgroup4
\symAMSb=\mathgroup5
LaTeX Font Info:    Overwriting math alphabet `\mathfrak' in version `bold'
(Font)                  U/euf/m/n --> U/euf/b/n on input line 96.
)))
(/usr/share/texmf/tex/latex/beamer/base/beamerbasetranslator.sty
Package: beamerbasetranslator 2010/06/11  (rcs-revision 85fd1cc7fc42)

(/usr/share/texmf/tex/latex/beamer/base/translator/translator.sty
Package: translator 2010/06/12 ver 1.10

(/usr/share/texmf/tex/latex/beamer/base/translator/translator-language-mappings
.tex))) (/usr/share/texmf/tex/latex/beamer/base/beamerbasemisc.sty
Package: beamerbasemisc 2010/06/06  (rcs-revision bff0a9294b45)
)
(/usr/share/texmf/tex/latex/beamer/base/beamerbasetwoscreens.sty
Package: beamerbasetwoscreens 2010/05/01  (rcs-revision efa082c6111d)
)
(/usr/share/texmf/tex/latex/beamer/base/beamerbaseoverlay.sty
Package: beamerbaseoverlay 2010/05/07  (rcs-revision 5584dad462a9)
\beamer@argscount=\count123
\beamer@lastskipcover=\skip44
\beamer@trivlistdepth=\count124
)
(/usr/share/texmf/tex/latex/beamer/base/beamerbasetitle.sty
Package: beamerbasetitle 2010/06/12  (rcs-revision 717e481ca47a)
)
(/usr/share/texmf/tex/latex/beamer/base/beamerbasesection.sty
Package: beamerbasesection 2010/06/17  (rcs-revision e0d9401bb743)
\c@lecture=\count125
\c@part=\count126
\c@section=\count127
\c@subsection=\count128
\c@subsubsection=\count129
)
(/usr/share/texmf/tex/latex/beamer/base/beamerbaseframe.sty
Package: beamerbaseframe 2010/06/06  (rcs-revision bff0a9294b45)
\beamer@framebox=\box40
\beamer@frametitlebox=\box41
\beamer@zoombox=\box42
\beamer@zoomcount=\count130
\beamer@zoomframecount=\count131
\beamer@frametextheight=\dimen160
\c@subsectionslide=\count132
\beamer@frametopskip=\skip45
\beamer@framebottomskip=\skip46
\beamer@frametopskipautobreak=\skip47
\beamer@framebottomskipautobreak=\skip48
\beamer@envbody=\toks25
\c@framenumber=\count133
)
(/usr/share/texmf/tex/latex/beamer/base/beamerbaseverbatim.sty
Package: beamerbaseverbatim 2010/05/01  (rcs-revision efa082c6111d)
\beamer@verbatimfileout=\write4
)
(/usr/share/texmf/tex/latex/beamer/base/beamerbaseframesize.sty
Package: beamerbaseframesize 2010/06/27  (rcs-revision 6baa2d92e6f1)
\beamer@splitbox=\box43
\beamer@autobreakcount=\count134
\beamer@autobreaklastheight=\dimen161
\beamer@frametitletoks=\toks26
\beamer@framesubtitletoks=\toks27
)
(/usr/share/texmf/tex/latex/beamer/base/beamerbaseframecomponents.sty
Package: beamerbaseframecomponents 2010/07/12  (rcs-revision 09e82992d9b1)
\beamer@footins=\box44
)
(/usr/share/texmf/tex/latex/beamer/base/beamerbasecolor.sty
Package: beamerbasecolor 2010/06/06  (rcs-revision d1a9b48be06d)
)
(/usr/share/texmf/tex/latex/beamer/base/beamerbasenotes.sty
Package: beamerbasenotes 2010/05/01  (rcs-revision efa082c6111d)
\beamer@frameboxcopy=\box45
)
(/usr/share/texmf/tex/latex/beamer/base/beamerbasetoc.sty
Package: beamerbasetoc 2010/06/11  (rcs-revision 242ecaa6783b)
)
(/usr/share/texmf/tex/latex/beamer/base/beamerbasetemplates.sty
Package: beamerbasetemplates 2010/05/01  (rcs-revision efa082c6111d)
\beamer@sbttoks=\toks28

(/usr/share/texmf/tex/latex/beamer/base/beamerbaseauxtemplates.sty
Package: beamerbaseauxtemplates 2010/05/01  (rcs-revision efa082c6111d)

(/usr/share/texmf/tex/latex/beamer/base/beamerbaseboxes.sty
Package: beamerbaseboxes 2010/05/01  (rcs-revision efa082c6111d)
\bmb@box=\box46
\bmb@colorbox=\box47
\bmb@boxshadow=\box48
\bmb@boxshadowball=\box49
\bmb@boxshadowballlarge=\box50
\bmb@temp=\dimen162
\bmb@dima=\dimen163
\bmb@dimb=\dimen164
\bmb@prevheight=\dimen165
)
\beamer@blockheadheight=\dimen166
))
(/usr/share/texmf/tex/latex/beamer/base/beamerbaselocalstructure.sty
Package: beamerbaselocalstructure 2010/06/01  (rcs-revision 81f9e33f7cc2)

(/usr/share/texmf-texlive/tex/latex/tools/enumerate.sty
Package: enumerate 1999/03/05 v3.00 enumerate extensions (DPC)
\@enLab=\toks29
)
\c@figure=\count135
\c@table=\count136
\abovecaptionskip=\skip49
\belowcaptionskip=\skip50
)
(/usr/share/texmf/tex/latex/beamer/base/beamerbasenavigation.sty
Package: beamerbasenavigation 2010/05/01  (rcs-revision efa082c6111d)
)
(/usr/share/texmf/tex/latex/beamer/base/beamerbasetheorems.sty
Package: beamerbasetheorems 2010/06/06  (rcs-revision 7e7cc5e53e9d)

(/usr/share/texmf-texlive/tex/latex/amsmath/amsmath.sty
Package: amsmath 2000/07/18 v2.13 AMS math features
\@mathmargin=\skip51

For additional information on amsmath, use the `?' option.
(/usr/share/texmf-texlive/tex/latex/amsmath/amstext.sty
Package: amstext 2000/06/29 v2.01

(/usr/share/texmf-texlive/tex/latex/amsmath/amsgen.sty
File: amsgen.sty 1999/11/30 v2.0
\@emptytoks=\toks30
\ex@=\dimen167
))
(/usr/share/texmf-texlive/tex/latex/amsmath/amsbsy.sty
Package: amsbsy 1999/11/29 v1.2d
\pmbraise@=\dimen168
)
(/usr/share/texmf-texlive/tex/latex/amsmath/amsopn.sty
Package: amsopn 1999/12/14 v2.01 operator names
)
\inf@bad=\count137
LaTeX Info: Redefining \frac on input line 211.
\uproot@=\count138
\leftroot@=\count139
LaTeX Info: Redefining \overline on input line 307.
\classnum@=\count140
\DOTSCASE@=\count141
LaTeX Info: Redefining \ldots on input line 379.
LaTeX Info: Redefining \dots on input line 382.
LaTeX Info: Redefining \cdots on input line 467.
\Mathstrutbox@=\box51
\strutbox@=\box52
\big@size=\dimen169
LaTeX Font Info:    Redeclaring font encoding OML on input line 567.
LaTeX Font Info:    Redeclaring font encoding OMS on input line 568.
\macc@depth=\count142
\c@MaxMatrixCols=\count143
\dotsspace@=\muskip11
\c@parentequation=\count144
\dspbrk@lvl=\count145
\tag@help=\toks31
\row@=\count146
\column@=\count147
\maxfields@=\count148
\andhelp@=\toks32
\eqnshift@=\dimen170
\alignsep@=\dimen171
\tagshift@=\dimen172
\tagwidth@=\dimen173
\totwidth@=\dimen174
\lineht@=\dimen175
\@envbody=\toks33
\multlinegap=\skip52
\multlinetaggap=\skip53
\mathdisplay@stack=\toks34
LaTeX Info: Redefining \[ on input line 2666.
LaTeX Info: Redefining \] on input line 2667.
)
(/usr/share/texmf-texlive/tex/latex/amscls/amsthm.sty
Package: amsthm 2004/08/06 v2.20
\thm@style=\toks35
\thm@bodyfont=\toks36
\thm@headfont=\toks37
\thm@notefont=\toks38
\thm@headpunct=\toks39
\thm@preskip=\skip54
\thm@postskip=\skip55
\thm@headsep=\skip56
\dth@everypar=\toks40
)
\c@theorem=\count149
)
(/usr/share/texmf/tex/latex/beamer/base/beamerbasethemes.sty
Package: beamerbasethemes 2010/05/01  (rcs-revision efa082c6111d)
))
(/usr/share/texmf/tex/latex/beamer/base/themes/theme/beamerthemedefault.sty
Package: beamerthemedefault 2010/06/17  (rcs-revision d02a7cf4d8ae)

(/usr/share/texmf/tex/latex/beamer/base/themes/font/beamerfontthemedefault.sty
Package: beamerfontthemedefault 2010/06/17  (rcs-revision d02a7cf4d8ae)
)
(/usr/share/texmf/tex/latex/beamer/base/themes/color/beamercolorthemedefault.st
y
Package: beamercolorthemedefault 2010/06/17  (rcs-revision d02a7cf4d8ae)
)
(/usr/share/texmf/tex/latex/beamer/base/themes/inner/beamerinnerthemedefault.st
y
Package: beamerinnerthemedefault 2010/06/17  (rcs-revision d02a7cf4d8ae)
\beamer@dima=\dimen176
\beamer@dimb=\dimen177
)
(/usr/share/texmf/tex/latex/beamer/base/themes/outer/beamerouterthemedefault.st
y
Package: beamerouterthemedefault 2010/06/17  (rcs-revision d02a7cf4d8ae)
))) (/usr/share/texmf/tex/latex/pgf/frontendlayer/tikz.sty
(/usr/share/texmf/tex/latex/pgf/basiclayer/pgf.sty
Package: pgf 2008/01/15 v2.10 (rcs-revision 1.12)

(/usr/share/texmf/tex/generic/pgf/modules/pgfmoduleshapes.code.tex
File: pgfmoduleshapes.code.tex 2010/09/09  (rcs-revision 1.13)
\pgfnodeparttextbox=\box53
)
(/usr/share/texmf/tex/generic/pgf/modules/pgfmoduleplot.code.tex
File: pgfmoduleplot.code.tex 2010/10/22  (rcs-revision 1.8)
)
(/usr/share/texmf/tex/latex/pgf/compatibility/pgfcomp-version-0-65.sty
Package: pgfcomp-version-0-65 2007/07/03 v2.10 (rcs-revision 1.7)
\pgf@nodesepstart=\dimen178
\pgf@nodesepend=\dimen179
)
(/usr/share/texmf/tex/latex/pgf/compatibility/pgfcomp-version-1-18.sty
Package: pgfcomp-version-1-18 2007/07/23 v2.10 (rcs-revision 1.1)
))
(/usr/share/texmf/tex/latex/pgf/utilities/pgffor.sty
(/usr/share/texmf/tex/latex/pgf/utilities/pgfkeys.sty
(/usr/share/texmf/tex/generic/pgf/utilities/pgfkeys.code.tex))
(/usr/share/texmf/tex/generic/pgf/utilities/pgffor.code.tex
Package: pgffor 2010/03/23 v2.10 (rcs-revision 1.18)
\pgffor@iter=\dimen180
\pgffor@skip=\dimen181
\pgffor@stack=\toks41
\pgffor@toks=\toks42
))
(/usr/share/texmf/tex/generic/pgf/frontendlayer/tikz/tikz.code.tex
Package: tikz 2010/10/13 v2.10 (rcs-revision 1.76)

(/usr/share/texmf/tex/generic/pgf/libraries/pgflibraryplothandlers.code.tex
File: pgflibraryplothandlers.code.tex 2010/05/31 v2.10 (rcs-revision 1.15)
\pgf@plot@mark@count=\count150
\pgfplotmarksize=\dimen182
)
\tikz@lastx=\dimen183
\tikz@lasty=\dimen184
\tikz@lastxsaved=\dimen185
\tikz@lastysaved=\dimen186
\tikzleveldistance=\dimen187
\tikzsiblingdistance=\dimen188
\tikz@figbox=\box54
\tikz@tempbox=\box55
\tikztreelevel=\count151
\tikznumberofchildren=\count152
\tikznumberofcurrentchild=\count153
\tikz@fig@count=\count154

(/usr/share/texmf/tex/generic/pgf/modules/pgfmodulematrix.code.tex
File: pgfmodulematrix.code.tex 2010/08/24  (rcs-revision 1.4)
\pgfmatrixcurrentrow=\count155
\pgfmatrixcurrentcolumn=\count156
\pgf@matrix@numberofcolumns=\count157
)
\tikz@expandcount=\count158

(/usr/share/texmf/tex/generic/pgf/frontendlayer/tikz/libraries/tikzlibrarytopat
hs.code.tex
File: tikzlibrarytopaths.code.tex 2008/06/17 v2.10 (rcs-revision 1.2)
)))
(/usr/share/texmf/tex/generic/pgf/frontendlayer/tikz/libraries/tikzlibrarydecor
ations.fractals.code.tex
(/usr/share/texmf/tex/generic/pgf/frontendlayer/tikz/libraries/tikzlibrarydecor
ations.code.tex
(/usr/share/texmf/tex/generic/pgf/modules/pgfmoduledecorations.code.tex
\pgfdecoratedcompleteddistance=\dimen189
\pgfdecoratedremainingdistance=\dimen190
\pgfdecoratedinputsegmentcompleteddistance=\dimen191
\pgfdecoratedinputsegmentremainingdistance=\dimen192
\pgf@decorate@distancetomove=\dimen193
\pgf@decorate@repeatstate=\count159
\pgfdecorationsegmentamplitude=\dimen194
\pgfdecorationsegmentlength=\dimen195
)
\tikz@lib@dec@box=\box56
)
(/usr/share/texmf/tex/generic/pgf/libraries/decorations/pgflibrarydecorations.f
ractals.code.tex))
(/usr/share/texmf/tex/latex/beamer/base/themes/outer/beamerouterthememiniframes
.sty
Package: beamerouterthememiniframes 2010/06/17  (rcs-revision d02a7cf4d8ae)
)
(/usr/share/texmf/tex/latex/beamer/base/themes/font/beamerfontthemeserif.sty
Package: beamerfontthemeserif 2010/06/17  (rcs-revision d02a7cf4d8ae)
)
(/usr/share/texmf-texlive/tex/latex/psnfss/palatino.sty
Package: palatino 2005/04/12 PSNFSS-v9.2a (SPQR) 
)
(/usr/share/texmf-texlive/tex/latex/oberdiek/epstopdf.sty
Package: epstopdf 2009/10/17 v2.4 Conversion with epstopdf on the fly (HO)

(/usr/share/texmf-texlive/tex/latex/oberdiek/epstopdf-base.sty
Package: epstopdf-base 2009/10/17 v2.4 Base part for package epstopdf

(/usr/share/texmf-texlive/tex/latex/oberdiek/grfext.sty
Package: grfext 2007/09/30 v1.0 Managing graphics extensions (HO)
)

Package epstopdf Warning: Shell escape feature is not enabled.

Package grfext Info: Graphics extension search list:
(grfext)             [.png,.pdf,.jpg,.mps,.jpeg,.jbig2,.jb2,.PNG,.PDF,.JPG,.JPE
G,.JBIG2,.JB2,.eps]
(grfext)             \AppendGraphicsExtensions on input line 433.
(/usr/share/texmf-texlive/tex/latex/latexconfig/epstopdf-sys.cfg
File: epstopdf-sys.cfg 2009/10/26 v1.1 Configuration of epstopdf for TeX Live
)))
(/usr/share/texmf-texlive/tex/latex/base/fontenc.sty
Package: fontenc 2005/09/27 v1.99g Standard LaTeX package

(/usr/share/texmf-texlive/tex/latex/base/t1enc.def
File: t1enc.def 2005/09/27 v1.99g Standard LaTeX file
LaTeX Font Info:    Redeclaring font encoding T1 on input line 43.
))
(/usr/share/texmf-texlive/tex/latex/base/inputenc.sty
Package: inputenc 2008/03/30 v1.1d Input encoding file
\inpenc@prehook=\toks43
\inpenc@posthook=\toks44

(/usr/share/texmf-texlive/tex/latex/base/latin9.def
File: latin9.def 2008/03/30 v1.1d Input encoding file
))
(/usr/share/texmf-texlive/tex/latex/tools/array.sty
Package: array 2008/09/09 v2.4c Tabular extension package (FMi)
\col@sep=\dimen196
\extrarowheight=\dimen197
\NC@list=\toks45
\extratabsurround=\skip57
\backup@length=\skip58
)
(/usr/share/texmf-texlive/tex/latex/tools/verbatim.sty
Package: verbatim 2003/08/22 v1.5q LaTeX2e package for verbatim enhancements
\every@verbatim=\toks46
\verbatim@line=\toks47
\verbatim@in@stream=\read2
)
(/usr/share/texmf-texlive/tex/latex/multirow/multirow.sty
\bigstrutjot=\dimen198
)
(/usr/share/texmf-texlive/tex/latex/ltxmisc/ulem.sty
\UL@box=\box57
\UL@hyphenbox=\box58
\UL@skip=\skip59
\UL@hook=\toks48
\UL@pe=\count160
\UL@pixel=\dimen199
\ULC@box=\box59
Package: ulem 2000/05/26
\ULdepth=\dimen200
)
(/usr/share/texmf-texlive/tex/latex/subfigure/subfigure.sty
Package: subfigure 2002/03/15 v2.1.5 subfigure package
\subfigtopskip=\skip60
\subfigcapskip=\skip61
\subfigcaptopadj=\dimen201
\subfigbottomskip=\skip62
\subfigcapmargin=\dimen202
\subfiglabelskip=\skip63
\c@subfigure=\count161
\c@lofdepth=\count162
\c@subtable=\count163
\c@lotdepth=\count164

****************************************
* Local config file subfigure.cfg used *
****************************************
(/usr/share/texmf-texlive/tex/latex/subfigure/subfigure.cfg)
\subfig@top=\skip64
\subfig@bottom=\skip65
)
(./PriorArtSearch.aux)
\openout1 = `PriorArtSearch.aux'.

LaTeX Font Info:    Checking defaults for OML/cmm/m/it on input line 57.
LaTeX Font Info:    ... okay on input line 57.
LaTeX Font Info:    Checking defaults for T1/cmr/m/n on input line 57.
LaTeX Font Info:    ... okay on input line 57.
LaTeX Font Info:    Checking defaults for OT1/cmr/m/n on input line 57.
LaTeX Font Info:    ... okay on input line 57.
LaTeX Font Info:    Checking defaults for OMS/cmsy/m/n on input line 57.
LaTeX Font Info:    ... okay on input line 57.
LaTeX Font Info:    Checking defaults for OMX/cmex/m/n on input line 57.
LaTeX Font Info:    ... okay on input line 57.
LaTeX Font Info:    Checking defaults for U/cmr/m/n on input line 57.
LaTeX Font Info:    ... okay on input line 57.
LaTeX Font Info:    Checking defaults for PD1/pdf/m/n on input line 57.
LaTeX Font Info:    ... okay on input line 57.
LaTeX Font Info:    Try loading font information for T1+ppl on input line 57.
 (/usr/share/texmf-texlive/tex/latex/psnfss/t1ppl.fd
File: t1ppl.fd 2001/06/04 font definitions for T1/ppl.
)
*geometry auto-detecting driver*
*geometry detected driver: pdftex*
-------------------- Geometry parameters
paper: user defined
landscape: --
twocolumn: --
twoside: --
asymmetric: --
h-parts: 28.45274pt, 307.28987pt, 28.45274pt
v-parts: 0.0pt, 273.14662pt, 0.0pt
hmarginratio: --
vmarginratio: --
lines: --
heightrounded: --
bindingoffset: 0.0pt
truedimen: --
includehead: true
includefoot: true
includemp: --
driver: pdftex
-------------------- Page layout dimensions and switches
\paperwidth  364.19536pt
\paperheight 273.14662pt
\textwidth  307.28987pt
\textheight 244.6939pt
\oddsidemargin  -43.81725pt
\evensidemargin -43.81725pt
\topmargin  -72.26999pt
\headheight 14.22636pt
\headsep    0.0pt
\footskip   14.22636pt
\marginparwidth 4.0pt
\marginparsep   10.0pt
\columnsep  10.0pt
\skip\footins  10.0pt plus 4.0pt minus 2.0pt
\hoffset 0.0pt
\voffset 0.0pt
\mag 1000

(1in=72.27pt, 1cm=28.45pt)
-----------------------
(/usr/share/texmf-texlive/tex/context/base/supp-pdf.mkii
[Loading MPS to PDF converter (version 2006.09.02).]
\scratchcounter=\count165
\scratchdimen=\dimen203
\scratchbox=\box60
\nofMPsegments=\count166
\nofMParguments=\count167
\everyMPshowfont=\toks49
\MPscratchCnt=\count168
\MPscratchDim=\dimen204
\MPnumerator=\count169
\everyMPtoPDFconversion=\toks50
) ABD: EveryShipout initializing macros
Package hyperref Info: Link coloring OFF on input line 57.

(/usr/share/texmf-texlive/tex/latex/hyperref/nameref.sty
Package: nameref 2007/05/29 v2.31 Cross-referencing by name of section

(/usr/share/texmf-texlive/tex/latex/oberdiek/refcount.sty
Package: refcount 2008/08/11 v3.1 Data extraction from references (HO)
)
\c@section@level=\count170
)
LaTeX Info: Redefining \ref on input line 57.
LaTeX Info: Redefining \pageref on input line 57.

(./PriorArtSearch.out) (./PriorArtSearch.out)
\@outlinefile=\write5
\openout5 = `PriorArtSearch.out'.

\AtBeginShipoutBox=\box61
\symnumbers=\mathgroup6
\sympureletters=\mathgroup7
LaTeX Font Info:    Overwriting math alphabet `\mathrm' in version `normal'
(Font)                  OT1/cmr/m/n --> T1/ppl/m/n on input line 57.
LaTeX Font Info:    Redeclaring math alphabet \mathbf on input line 57.
LaTeX Font Info:    Overwriting math alphabet `\mathbf' in version `normal'
(Font)                  OT1/cmr/bx/n --> T1/ppl/bx/n on input line 57.
LaTeX Font Info:    Overwriting math alphabet `\mathbf' in version `bold'
(Font)                  OT1/cmr/bx/n --> T1/ppl/bx/n on input line 57.
LaTeX Font Info:    Redeclaring math alphabet \mathsf on input line 57.
LaTeX Font Info:    Overwriting math alphabet `\mathsf' in version `normal'
(Font)                  OT1/cmss/m/n --> T1/phv/m/n on input line 57.
LaTeX Font Info:    Overwriting math alphabet `\mathsf' in version `bold'
(Font)                  OT1/cmss/bx/n --> T1/phv/m/n on input line 57.
LaTeX Font Info:    Redeclaring math alphabet \mathit on input line 57.
LaTeX Font Info:    Overwriting math alphabet `\mathit' in version `normal'
(Font)                  OT1/cmr/m/it --> T1/ppl/m/it on input line 57.
LaTeX Font Info:    Overwriting math alphabet `\mathit' in version `bold'
(Font)                  OT1/cmr/bx/it --> T1/ppl/m/it on input line 57.
LaTeX Font Info:    Redeclaring math alphabet \mathtt on input line 57.
LaTeX Font Info:    Overwriting math alphabet `\mathtt' in version `normal'
(Font)                  OT1/cmtt/m/n --> T1/pcr/m/n on input line 57.
LaTeX Font Info:    Overwriting math alphabet `\mathtt' in version `bold'
(Font)                  OT1/cmtt/m/n --> T1/pcr/m/n on input line 57.
LaTeX Font Info:    Overwriting symbol font `numbers' in version `bold'
(Font)                  T1/ppl/m/n --> T1/ppl/bx/n on input line 57.
LaTeX Font Info:    Overwriting symbol font `pureletters' in version `bold'
(Font)                  T1/ppl/m/it --> T1/ppl/bx/it on input line 57.
LaTeX Font Info:    Overwriting math alphabet `\mathrm' in version `bold'
(Font)                  OT1/cmr/bx/n --> T1/ppl/bx/n on input line 57.
LaTeX Font Info:    Overwriting math alphabet `\mathbf' in version `bold'
(Font)                  T1/ppl/bx/n --> T1/ppl/bx/n on input line 57.
LaTeX Font Info:    Overwriting math alphabet `\mathsf' in version `bold'
(Font)                  T1/phv/m/n --> T1/phv/bx/n on input line 57.
LaTeX Font Info:    Overwriting math alphabet `\mathit' in version `bold'
(Font)                  T1/ppl/m/it --> T1/ppl/bx/it on input line 57.
LaTeX Font Info:    Overwriting math alphabet `\mathtt' in version `bold'
(Font)                  T1/pcr/m/n --> T1/pcr/bx/n on input line 57.

(/usr/share/texmf/tex/latex/beamer/base/translator/dicts/translator-basic-dicti
onary/translator-basic-dictionary-English.dict
Dictionary: translator-basic-dictionary, Language: English 
)
(/usr/share/texmf/tex/latex/beamer/base/translator/dicts/translator-bibliograph
y-dictionary/translator-bibliography-dictionary-English.dict
Dictionary: translator-bibliography-dictionary, Language: English 
)
(/usr/share/texmf/tex/latex/beamer/base/translator/dicts/translator-environment
-dictionary/translator-environment-dictionary-English.dict
Dictionary: translator-environment-dictionary, Language: English 
)
(/usr/share/texmf/tex/latex/beamer/base/translator/dicts/translator-months-dict
ionary/translator-months-dictionary-English.dict
Dictionary: translator-months-dictionary, Language: English 
)
(/usr/share/texmf/tex/latex/beamer/base/translator/dicts/translator-numbers-dic
tionary/translator-numbers-dictionary-English.dict
Dictionary: translator-numbers-dictionary, Language: English 
)
(/usr/share/texmf/tex/latex/beamer/base/translator/dicts/translator-theorem-dic
tionary/translator-theorem-dictionary-English.dict
Dictionary: translator-theorem-dictionary, Language: English 
) (./PriorArtSearch.nav)

Package hyperref Warning: Option `pdfauthor' has already been used,
(hyperref)                setting the option has no effect on input line 78.

LaTeX Font Info:    Font shape `T1/ppl/bx/n' in size <10.95> not available
(Font)              Font shape `T1/ppl/b/n' tried instead on input line 78.

Overfull \vbox (29.59636pt too high) detected at line 78
 []

[1{/var/lib/texmf/fonts/map/pdftex/updmap/pdftex.map}

] [2

] [3

]
LaTeX Font Info:    Font shape `T1/ppl/bx/it' in size <10.95> not available
(Font)              Font shape `T1/ppl/b/it' tried instead on input line 130.
LaTeX Font Info:    Try loading font information for U+msa on input line 130.

(/usr/share/texmf-texlive/tex/latex/amsfonts/umsa.fd
File: umsa.fd 2009/06/22 v3.00 AMS symbols A
)
LaTeX Font Info:    Try loading font information for U+msb on input line 130.

(/usr/share/texmf-texlive/tex/latex/amsfonts/umsb.fd
File: umsb.fd 2009/06/22 v3.00 AMS symbols B
) [4

]
LaTeX Font Info:    Font shape `T1/ppl/bx/n' in size <10> not available
(Font)              Font shape `T1/ppl/b/n' tried instead on input line 146.
 [5

] [6

]
LaTeX Font Info:    Font shape `T1/ppl/bx/n' in size <6> not available
(Font)              Font shape `T1/ppl/b/n' tried instead on input line 181.


LaTeX Warning: Citation `Robertson1993' on page 7 undefined on input line 181.

Package epstopdf Info: Source file: <../img/legend.eps>
(epstopdf)                    date: 2014-06-11 21:45:37
(epstopdf)                    size: 32198 bytes
(epstopdf)             Output file: <../img/legend-eps-converted-to.pdf>
(epstopdf)                    date: 2014-06-12 12:03:02
(epstopdf)                    size: 10255 bytes
(epstopdf)             Command: <epstopdf --outfile=../img/legend-eps-converted
-to.pdf ../img/legend.eps>
(epstopdf)             \includegraphics on input line 181.
Package epstopdf Info: Output file is already uptodate.
<../img/legend-eps-converted-to.pdf, id=178, 253.94875pt x 15.05624pt>
File: ../img/legend-eps-converted-to.pdf Graphic file (type pdf)

<use ../img/legend-eps-converted-to.pdf>
Package epstopdf Info: Source file: <../Results-CIKM2014/jaccard-qTitle-CLEF-IP
2010.eps>
(epstopdf)                    date: 2014-06-12 11:57:38
(epstopdf)                    size: 22746 bytes
(epstopdf)             Output file: <../Results-CIKM2014/jaccard-qTitle-CLEF-IP
2010-eps-converted-to.pdf>
(epstopdf)                    date: 2014-06-12 12:03:02
(epstopdf)                    size: 5808 bytes
(epstopdf)             Command: <epstopdf --outfile=../Results-CIKM2014/jaccard
-qTitle-CLEF-IP2010-eps-converted-to.pdf ../Results-CIKM2014/jaccard-qTitle-CLE
F-IP2010.eps>
(epstopdf)             \includegraphics on input line 181.
Package epstopdf Info: Output file is already uptodate.

<../Results-CIKM2014/jaccard-qTitle-CLEF-IP2010-eps-converted-to.pdf, id=179, 1
44.54pt x 88.33pt>
File: ../Results-CIKM2014/jaccard-qTitle-CLEF-IP2010-eps-converted-to.pdf Graph
ic file (type pdf)

<use ../Results-CIKM2014/jaccard-qTitle-CLEF-IP2010-eps-converted-to.pdf>
Package epstopdf Info: Source file: <../Results-CIKM2014/jaccard-qAbstract-CLEF
-IP2010.eps>
(epstopdf)                    date: 2014-06-12 11:57:38
(epstopdf)                    size: 22537 bytes
(epstopdf)             Output file: <../Results-CIKM2014/jaccard-qAbstract-CLEF
-IP2010-eps-converted-to.pdf>
(epstopdf)                    date: 2014-06-12 12:03:02
(epstopdf)                    size: 5402 bytes
(epstopdf)             Command: <epstopdf --outfile=../Results-CIKM2014/jaccard
-qAbstract-CLEF-IP2010-eps-converted-to.pdf ../Results-CIKM2014/jaccard-qAbstra
ct-CLEF-IP2010.eps>
(epstopdf)             \includegraphics on input line 181.
Package epstopdf Info: Output file is already uptodate.

<../Results-CIKM2014/jaccard-qAbstract-CLEF-IP2010-eps-converted-to.pdf, id=180
, 144.54pt x 88.33pt>
File: ../Results-CIKM2014/jaccard-qAbstract-CLEF-IP2010-eps-converted-to.pdf Gr
aphic file (type pdf)

<use ../Results-CIKM2014/jaccard-qAbstract-CLEF-IP2010-eps-converted-to.pdf>
Package epstopdf Info: Source file: <../Results-CIKM2014/jaccard-qClaims-CLEF-I
P2010.eps>
(epstopdf)                    date: 2014-06-12 11:57:38
(epstopdf)                    size: 23181 bytes
(epstopdf)             Output file: <../Results-CIKM2014/jaccard-qClaims-CLEF-I
P2010-eps-converted-to.pdf>
(epstopdf)                    date: 2014-06-12 12:03:02
(epstopdf)                    size: 5629 bytes
(epstopdf)             Command: <epstopdf --outfile=../Results-CIKM2014/jaccard
-qClaims-CLEF-IP2010-eps-converted-to.pdf ../Results-CIKM2014/jaccard-qClaims-C
LEF-IP2010.eps>
(epstopdf)             \includegraphics on input line 181.
Package epstopdf Info: Output file is already uptodate.

<../Results-CIKM2014/jaccard-qClaims-CLEF-IP2010-eps-converted-to.pdf, id=181, 
144.54pt x 88.33pt>
File: ../Results-CIKM2014/jaccard-qClaims-CLEF-IP2010-eps-converted-to.pdf Grap
hic file (type pdf)

<use ../Results-CIKM2014/jaccard-qClaims-CLEF-IP2010-eps-converted-to.pdf>
Package epstopdf Info: Source file: <../Results-CIKM2014/jaccard-qDescription-C
LEF-IP2010.eps>
(epstopdf)                    date: 2014-06-12 11:57:38
(epstopdf)                    size: 22330 bytes
(epstopdf)             Output file: <../Results-CIKM2014/jaccard-qDescription-C
LEF-IP2010-eps-converted-to.pdf>
(epstopdf)                    date: 2014-06-12 12:03:02
(epstopdf)                    size: 5364 bytes
(epstopdf)             Command: <epstopdf --outfile=../Results-CIKM2014/jaccard
-qDescription-CLEF-IP2010-eps-converted-to.pdf ../Results-CIKM2014/jaccard-qDes
cription-CLEF-IP2010.eps>
(epstopdf)             \includegraphics on input line 181.
Package epstopdf Info: Output file is already uptodate.

<../Results-CIKM2014/jaccard-qDescription-CLEF-IP2010-eps-converted-to.pdf, id=
182, 144.54pt x 88.33pt>
File: ../Results-CIKM2014/jaccard-qDescription-CLEF-IP2010-eps-converted-to.pdf
 Graphic file (type pdf)

<use ../Results-CIKM2014/jaccard-qDescription-CLEF-IP2010-eps-converted-to.pdf>
[7

 <../img/legend-eps-converted-to.pdf> <../Results-CIKM2014/jaccard-qTitle-CLEF-
IP2010-eps-converted-to.pdf> <../Results-CIKM2014/jaccard-qAbstract-CLEF-IP2010
-eps-converted-to.pdf> <../Results-CIKM2014/jaccard-qClaims-CLEF-IP2010-eps-con
verted-to.pdf> <../Results-CIKM2014/jaccard-qDescription-CLEF-IP2010-eps-conver
ted-to.pdf>] [8

]

LaTeX Warning: Citation `Kumaran2009' on page 9 undefined on input line 213.


LaTeX Warning: Citation `Efthimiadis1996' on page 9 undefined on input line 213
.

[9

]
LaTeX Font Info:    Try loading font information for T1+pcr on input line 243.
 (/usr/share/texmf-texlive/tex/latex/psnfss/t1pcr.fd
File: t1pcr.fd 2001/06/04 font definitions for T1/pcr.
)
LaTeX Font Info:    Font shape `T1/pcr/m/it' in size <10> not available
(Font)              Font shape `T1/pcr/m/sl' tried instead on input line 243.


LaTeX Warning: Citation `Salton1975' on page 10 undefined on input line 243.


LaTeX Warning: Citation `Salton1971' on page 10 undefined on input line 243.

[10

] [11

]

LaTeX Warning: Citation `Carbonell1998' on page 12 undefined on input line 266.


[12

]
Package epstopdf Info: Source file: <../img/matrix.eps>
(epstopdf)                    date: 2014-06-11 21:45:37
(epstopdf)                    size: 56881 bytes
(epstopdf)             Output file: <../img/matrix-eps-converted-to.pdf>
(epstopdf)                    date: 2014-06-12 12:03:03
(epstopdf)                    size: 14102 bytes
(epstopdf)             Command: <epstopdf --outfile=../img/matrix-eps-converted
-to.pdf ../img/matrix.eps>
(epstopdf)             \includegraphics on input line 291.
Package epstopdf Info: Output file is already uptodate.
 <../img/matrix-eps-converted-to.pdf, id=373, 287.0725pt x 194.7275pt>
File: ../img/matrix-eps-converted-to.pdf Graphic file (type pdf)

<use ../img/matrix-eps-converted-to.pdf> [13

 <../img/matrix-eps-converted-to.pdf>]
Package epstopdf Info: Source file: <../analysis/precision-recall_ByField-CLEF-
IP_2010.eps>
(epstopdf)                    date: 2014-06-11 21:45:31
(epstopdf)                    size: 24543 bytes
(epstopdf)             Output file: <../analysis/precision-recall_ByField-CLEF-
IP_2010-eps-converted-to.pdf>
(epstopdf)                    date: 2014-06-12 12:03:03
(epstopdf)                    size: 8469 bytes
(epstopdf)             Command: <epstopdf --outfile=../analysis/precision-recal
l_ByField-CLEF-IP_2010-eps-converted-to.pdf ../analysis/precision-recall_ByFiel
d-CLEF-IP_2010.eps>
(epstopdf)             \includegraphics on input line 316.
Package epstopdf Info: Output file is already uptodate.

<../analysis/precision-recall_ByField-CLEF-IP_2010-eps-converted-to.pdf, id=419
, 180.675pt x 126.4725pt>
File: ../analysis/precision-recall_ByField-CLEF-IP_2010-eps-converted-to.pdf Gr
aphic file (type pdf)

<use ../analysis/precision-recall_ByField-CLEF-IP_2010-eps-converted-to.pdf>
Package epstopdf Info: Source file: <../analysis/MAP-MRR_ByField-CLEF-IP_2010.e
ps>
(epstopdf)                    date: 2014-06-11 21:45:31
(epstopdf)                    size: 24167 bytes
(epstopdf)             Output file: <../analysis/MAP-MRR_ByField-CLEF-IP_2010-e
ps-converted-to.pdf>
(epstopdf)                    date: 2014-06-12 12:03:03
(epstopdf)                    size: 6714 bytes
(epstopdf)             Command: <epstopdf --outfile=../analysis/MAP-MRR_ByField
-CLEF-IP_2010-eps-converted-to.pdf ../analysis/MAP-MRR_ByField-CLEF-IP_2010.eps
>
(epstopdf)             \includegraphics on input line 316.
Package epstopdf Info: Output file is already uptodate.

<../analysis/MAP-MRR_ByField-CLEF-IP_2010-eps-converted-to.pdf, id=420, 208.78p
t x 146.5475pt>
File: ../analysis/MAP-MRR_ByField-CLEF-IP_2010-eps-converted-to.pdf Graphic fil
e (type pdf)

<use ../analysis/MAP-MRR_ByField-CLEF-IP_2010-eps-converted-to.pdf> [14

 <../analysis/precision-recall_ByField-CLEF-IP_2010-eps-converted-to.pdf> <../a
nalysis/MAP-MRR_ByField-CLEF-IP_2010-eps-converted-to.pdf>]
LaTeX Font Info:    Font shape `T1/ppl/bx/n' in size <8> not available
(Font)              Font shape `T1/ppl/b/n' tried instead on input line 383.
 [15

]

LaTeX Warning: Citation `Magdy2012' on page 16 undefined on input line 413.


LaTeX Warning: Citation `Lopez2009' on page 16 undefined on input line 413.


LaTeX Warning: Citation `Roda2009' on page 16 undefined on input line 413.

[16

] [17

]

LaTeX Warning: Citation `Magdy2011' on page 18 undefined on input line 454.


LaTeX Warning: Citation `Bashir2010' on page 18 undefined on input line 454.


LaTeX Warning: Citation `Verma2011' on page 18 undefined on input line 454.

[18

] [19

]
LaTeX Font Info:    Font shape `T1/ppl/bx/n' in size <9> not available
(Font)              Font shape `T1/ppl/b/n' tried instead on input line 504.
 [20

]
Package epstopdf Info: Source file: <../Results-CIKM2014/qClaims-sAbstract_MAP_
2010.eps>
(epstopdf)                    date: 2014-06-12 11:57:38
(epstopdf)                    size: 26525 bytes
(epstopdf)             Output file: <../Results-CIKM2014/qClaims-sAbstract_MAP_
2010-eps-converted-to.pdf>
(epstopdf)                    date: 2014-06-12 12:03:03
(epstopdf)                    size: 12184 bytes
(epstopdf)             Command: <epstopdf --outfile=../Results-CIKM2014/qClaims
-sAbstract_MAP_2010-eps-converted-to.pdf ../Results-CIKM2014/qClaims-sAbstract_
MAP_2010.eps>
(epstopdf)             \includegraphics on input line 526.
Package epstopdf Info: Output file is already uptodate.

<../Results-CIKM2014/qClaims-sAbstract_MAP_2010-eps-converted-to.pdf, id=620, 2
34.8775pt x 151.56625pt>
File: ../Results-CIKM2014/qClaims-sAbstract_MAP_2010-eps-converted-to.pdf Graph
ic file (type pdf)

<use ../Results-CIKM2014/qClaims-sAbstract_MAP_2010-eps-converted-to.pdf>
Package epstopdf Info: Source file: <../Results-CIKM2014/qClaims-sAbstract_PRES
_2010.eps>
(epstopdf)                    date: 2014-06-12 11:57:38
(epstopdf)                    size: 26961 bytes
(epstopdf)             Output file: <../Results-CIKM2014/qClaims-sAbstract_PRES
_2010-eps-converted-to.pdf>
(epstopdf)                    date: 2014-06-12 12:03:04
(epstopdf)                    size: 12443 bytes
(epstopdf)             Command: <epstopdf --outfile=../Results-CIKM2014/qClaims
-sAbstract_PRES_2010-eps-converted-to.pdf ../Results-CIKM2014/qClaims-sAbstract
_PRES_2010.eps>
(epstopdf)             \includegraphics on input line 526.
Package epstopdf Info: Output file is already uptodate.

<../Results-CIKM2014/qClaims-sAbstract_PRES_2010-eps-converted-to.pdf, id=621, 
234.8775pt x 151.56625pt>
File: ../Results-CIKM2014/qClaims-sAbstract_PRES_2010-eps-converted-to.pdf Grap
hic file (type pdf)

<use ../Results-CIKM2014/qClaims-sAbstract_PRES_2010-eps-converted-to.pdf>
Overfull \hbox (34.14317pt too wide) in paragraph at lines 526--526
 [][] 
 []

[21

 <../Results-CIKM2014/qClaims-sAbstract_MAP_2010-eps-converted-to.pdf> <../Resu
lts-CIKM2014/qClaims-sAbstract_PRES_2010-eps-converted-to.pdf>] [22

]
[23

]

LaTeX Warning: Citation `Ganguly2011' on page 24 undefined on input line 574.


LaTeX Warning: Citation `Mahdabi2013' on page 24 undefined on input line 574.


Overfull \vbox (42.49442pt too high) detected at line 574
 []

[24

]
Package epstopdf Info: Source file: <../mmrqrResults-lambda/qAbstract-sDescript
ion_MAP_2010.eps>
(epstopdf)                    date: 2014-06-11 21:45:36
(epstopdf)                    size: 24198 bytes
(epstopdf)             Output file: <../mmrqrResults-lambda/qAbstract-sDescript
ion_MAP_2010-eps-converted-to.pdf>
(epstopdf)                    date: 2014-06-12 12:03:04
(epstopdf)                    size: 9862 bytes
(epstopdf)             Command: <epstopdf --outfile=../mmrqrResults-lambda/qAbs
tract-sDescription_MAP_2010-eps-converted-to.pdf ../mmrqrResults-lambda/qAbstra
ct-sDescription_MAP_2010.eps>
(epstopdf)             \includegraphics on input line 599.
Package epstopdf Info: Output file is already uptodate.

<../mmrqrResults-lambda/qAbstract-sDescription_MAP_2010-eps-converted-to.pdf, i
d=742, 198.7425pt x 118.4425pt>
File: ../mmrqrResults-lambda/qAbstract-sDescription_MAP_2010-eps-converted-to.p
df Graphic file (type pdf)

<use ../mmrqrResults-lambda/qAbstract-sDescription_MAP_2010-eps-converted-to.pd
f>
Package epstopdf Info: Source file: <../mmrqrResults-lambda/qAbstract-sDescript
ion_PRES_2010.eps>
(epstopdf)                    date: 2014-06-11 21:45:36
(epstopdf)                    size: 24624 bytes
(epstopdf)             Output file: <../mmrqrResults-lambda/qAbstract-sDescript
ion_PRES_2010-eps-converted-to.pdf>
(epstopdf)                    date: 2014-06-12 12:03:04
(epstopdf)                    size: 10333 bytes
(epstopdf)             Command: <epstopdf --outfile=../mmrqrResults-lambda/qAbs
tract-sDescription_PRES_2010-eps-converted-to.pdf ../mmrqrResults-lambda/qAbstr
act-sDescription_PRES_2010.eps>
(epstopdf)             \includegraphics on input line 599.
Package epstopdf Info: Output file is already uptodate.

<../mmrqrResults-lambda/qAbstract-sDescription_PRES_2010-eps-converted-to.pdf, 
id=743, 198.7425pt x 118.4425pt>
File: ../mmrqrResults-lambda/qAbstract-sDescription_PRES_2010-eps-converted-to.
pdf Graphic file (type pdf)

<use ../mmrqrResults-lambda/qAbstract-sDescription_PRES_2010-eps-converted-to.p
df>
Package epstopdf Info: Source file: <../mmrqrResults-lambda/qClaims-sDescriptio
n_MAP_2010.eps>
(epstopdf)                    date: 2014-06-11 21:45:36
(epstopdf)                    size: 23734 bytes
(epstopdf)             Output file: <../mmrqrResults-lambda/qClaims-sDescriptio
n_MAP_2010-eps-converted-to.pdf>
(epstopdf)                    date: 2014-06-12 12:03:04
(epstopdf)                    size: 9754 bytes
(epstopdf)             Command: <epstopdf --outfile=../mmrqrResults-lambda/qCla
ims-sDescription_MAP_2010-eps-converted-to.pdf ../mmrqrResults-lambda/qClaims-s
Description_MAP_2010.eps>
(epstopdf)             \includegraphics on input line 599.
Package epstopdf Info: Output file is already uptodate.

<../mmrqrResults-lambda/qClaims-sDescription_MAP_2010-eps-converted-to.pdf, id=
744, 198.7425pt x 118.4425pt>
File: ../mmrqrResults-lambda/qClaims-sDescription_MAP_2010-eps-converted-to.pdf
 Graphic file (type pdf)

<use ../mmrqrResults-lambda/qClaims-sDescription_MAP_2010-eps-converted-to.pdf>
Package epstopdf Info: Source file: <../mmrqrResults-lambda/qClaims-sDescriptio
n_PRES_2010.eps>
(epstopdf)                    date: 2014-06-11 21:45:36
(epstopdf)                    size: 24634 bytes
(epstopdf)             Output file: <../mmrqrResults-lambda/qClaims-sDescriptio
n_PRES_2010-eps-converted-to.pdf>
(epstopdf)                    date: 2014-06-12 12:03:04
(epstopdf)                    size: 10149 bytes
(epstopdf)             Command: <epstopdf --outfile=../mmrqrResults-lambda/qCla
ims-sDescription_PRES_2010-eps-converted-to.pdf ../mmrqrResults-lambda/qClaims-
sDescription_PRES_2010.eps>
(epstopdf)             \includegraphics on input line 599.
Package epstopdf Info: Output file is already uptodate.

<../mmrqrResults-lambda/qClaims-sDescription_PRES_2010-eps-converted-to.pdf, id
=745, 198.7425pt x 118.4425pt>
File: ../mmrqrResults-lambda/qClaims-sDescription_PRES_2010-eps-converted-to.pd
f Graphic file (type pdf)

<use ../mmrqrResults-lambda/qClaims-sDescription_PRES_2010-eps-converted-to.pdf
> [25

 <../mmrqrResults-lambda/qAbstract-sDescription_MAP_2010-eps-converted-to.pdf> 
<../mmrqrResults-lambda/qAbstract-sDescription_PRES_2010-eps-converted-to.pdf> 
<../mmrqrResults-lambda/qClaims-sDescription_MAP_2010-eps-converted-to.pdf> <..
/mmrqrResults-lambda/qClaims-sDescription_PRES_2010-eps-converted-to.pdf>] [26

] [27

]
Package epstopdf Info: Source file: <../mmrqrResults/qDescription-sDescription_
MAP_2010.eps>
(epstopdf)                    date: 2014-06-12 11:57:38
(epstopdf)                    size: 30423 bytes
(epstopdf)             Output file: <../mmrqrResults/qDescription-sDescription_
MAP_2010-eps-converted-to.pdf>
(epstopdf)                    date: 2014-06-12 12:03:05
(epstopdf)                    size: 17826 bytes
(epstopdf)             Command: <epstopdf --outfile=../mmrqrResults/qDescriptio
n-sDescription_MAP_2010-eps-converted-to.pdf ../mmrqrResults/qDescription-sDesc
ription_MAP_2010.eps>
(epstopdf)             \includegraphics on input line 630.
Package epstopdf Info: Output file is already uptodate.

<../mmrqrResults/qDescription-sDescription_MAP_2010-eps-converted-to.pdf, id=87
3, 234.8775pt x 151.56625pt>
File: ../mmrqrResults/qDescription-sDescription_MAP_2010-eps-converted-to.pdf G
raphic file (type pdf)

<use ../mmrqrResults/qDescription-sDescription_MAP_2010-eps-converted-to.pdf>
Package epstopdf Info: Source file: <../mmrqrResults/qDescription-sDescription_
PRES_2010.eps>
(epstopdf)                    date: 2014-06-12 11:57:38
(epstopdf)                    size: 31046 bytes
(epstopdf)             Output file: <../mmrqrResults/qDescription-sDescription_
PRES_2010-eps-converted-to.pdf>
(epstopdf)                    date: 2014-06-12 12:03:05
(epstopdf)                    size: 18480 bytes
(epstopdf)             Command: <epstopdf --outfile=../mmrqrResults/qDescriptio
n-sDescription_PRES_2010-eps-converted-to.pdf ../mmrqrResults/qDescription-sDes
cription_PRES_2010.eps>
(epstopdf)             \includegraphics on input line 630.
Package epstopdf Info: Output file is already uptodate.

<../mmrqrResults/qDescription-sDescription_PRES_2010-eps-converted-to.pdf, id=8
74, 234.8775pt x 151.56625pt>
File: ../mmrqrResults/qDescription-sDescription_PRES_2010-eps-converted-to.pdf 
Graphic file (type pdf)

<use ../mmrqrResults/qDescription-sDescription_PRES_2010-eps-converted-to.pdf>
[28

 <../mmrqrResults/qDescription-sDescription_MAP_2010-eps-converted-to.pdf> <../
mmrqrResults/qDescription-sDescription_PRES_2010-eps-converted-to.pdf>]
Package epstopdf Info: Source file: <../img/legendQE.eps>
(epstopdf)                    date: 2014-06-11 21:45:37
(epstopdf)                    size: 48766 bytes
(epstopdf)             Output file: <../img/legendQE-eps-converted-to.pdf>
(epstopdf)                    date: 2014-06-12 12:03:05
(epstopdf)                    size: 14045 bytes
(epstopdf)             Command: <epstopdf --outfile=../img/legendQE-eps-convert
ed-to.pdf ../img/legendQE.eps>
(epstopdf)             \includegraphics on input line 674.
Package epstopdf Info: Output file is already uptodate.

<../img/legendQE-eps-converted-to.pdf, id=919, 1115.16624pt x 15.05624pt>
File: ../img/legendQE-eps-converted-to.pdf Graphic file (type pdf)

<use ../img/legendQE-eps-converted-to.pdf>
Overfull \hbox (176.40697pt too wide) in paragraph at lines 674--674
 [] 
 []

Package epstopdf Info: Source file: <../Results-CIKM2014/qTitle-MAP-CLEF-IP2010
.eps>
(epstopdf)                    date: 2014-06-12 11:57:38
(epstopdf)                    size: 26853 bytes
(epstopdf)             Output file: <../Results-CIKM2014/qTitle-MAP-CLEF-IP2010
-eps-converted-to.pdf>
(epstopdf)                    date: 2014-06-12 12:03:06
(epstopdf)                    size: 7084 bytes
(epstopdf)             Command: <epstopdf --outfile=../Results-CIKM2014/qTitle-
MAP-CLEF-IP2010-eps-converted-to.pdf ../Results-CIKM2014/qTitle-MAP-CLEF-IP2010
.eps>
(epstopdf)             \includegraphics on input line 674.
Package epstopdf Info: Output file is already uptodate.

<../Results-CIKM2014/qTitle-MAP-CLEF-IP2010-eps-converted-to.pdf, id=920, 505.8
9pt x 138.5175pt>
File: ../Results-CIKM2014/qTitle-MAP-CLEF-IP2010-eps-converted-to.pdf Graphic f
ile (type pdf)

<use ../Results-CIKM2014/qTitle-MAP-CLEF-IP2010-eps-converted-to.pdf>
Package epstopdf Info: Source file: <../Results-CIKM2014/qAbstract-MAP-CLEF-IP2
010.eps>
(epstopdf)                    date: 2014-06-12 11:57:38
(epstopdf)                    size: 26905 bytes
(epstopdf)             Output file: <../Results-CIKM2014/qAbstract-MAP-CLEF-IP2
010-eps-converted-to.pdf>
(epstopdf)                    date: 2014-06-12 12:03:06
(epstopdf)                    size: 7165 bytes
(epstopdf)             Command: <epstopdf --outfile=../Results-CIKM2014/qAbstra
ct-MAP-CLEF-IP2010-eps-converted-to.pdf ../Results-CIKM2014/qAbstract-MAP-CLEF-
IP2010.eps>
(epstopdf)             \includegraphics on input line 674.
Package epstopdf Info: Output file is already uptodate.

<../Results-CIKM2014/qAbstract-MAP-CLEF-IP2010-eps-converted-to.pdf, id=921, 50
5.89pt x 138.5175pt>
File: ../Results-CIKM2014/qAbstract-MAP-CLEF-IP2010-eps-converted-to.pdf Graphi
c file (type pdf)

<use ../Results-CIKM2014/qAbstract-MAP-CLEF-IP2010-eps-converted-to.pdf>
Overfull \hbox (182.09785pt too wide) in paragraph at lines 674--674
 [][][] 
 []

Package epstopdf Info: Source file: <../Results-CIKM2014/qClaims-MAP-CLEF-IP201
0.eps>
(epstopdf)                    date: 2014-06-12 11:57:38
(epstopdf)                    size: 27085 bytes
(epstopdf)             Output file: <../Results-CIKM2014/qClaims-MAP-CLEF-IP201
0-eps-converted-to.pdf>
(epstopdf)                    date: 2014-06-12 12:03:06
(epstopdf)                    size: 7452 bytes
(epstopdf)             Command: <epstopdf --outfile=../Results-CIKM2014/qClaims
-MAP-CLEF-IP2010-eps-converted-to.pdf ../Results-CIKM2014/qClaims-MAP-CLEF-IP20
10.eps>
(epstopdf)             \includegraphics on input line 674.
Package epstopdf Info: Output file is already uptodate.

<../Results-CIKM2014/qClaims-MAP-CLEF-IP2010-eps-converted-to.pdf, id=922, 505.
89pt x 138.5175pt>
File: ../Results-CIKM2014/qClaims-MAP-CLEF-IP2010-eps-converted-to.pdf Graphic 
file (type pdf)

<use ../Results-CIKM2014/qClaims-MAP-CLEF-IP2010-eps-converted-to.pdf>
Package epstopdf Info: Source file: <../Results-CIKM2014/qDescription-MAP-CLEF-
IP2010.eps>
(epstopdf)                    date: 2014-06-12 11:57:38
(epstopdf)                    size: 26864 bytes
(epstopdf)             Output file: <../Results-CIKM2014/qDescription-MAP-CLEF-
IP2010-eps-converted-to.pdf>
(epstopdf)                    date: 2014-06-12 12:03:06
(epstopdf)                    size: 7173 bytes
(epstopdf)             Command: <epstopdf --outfile=../Results-CIKM2014/qDescri
ption-MAP-CLEF-IP2010-eps-converted-to.pdf ../Results-CIKM2014/qDescription-MAP
-CLEF-IP2010.eps>
(epstopdf)             \includegraphics on input line 674.
Package epstopdf Info: Output file is already uptodate.

<../Results-CIKM2014/qDescription-MAP-CLEF-IP2010-eps-converted-to.pdf, id=923,
 505.89pt x 138.5175pt>
File: ../Results-CIKM2014/qDescription-MAP-CLEF-IP2010-eps-converted-to.pdf Gra
phic file (type pdf)

<use ../Results-CIKM2014/qDescription-MAP-CLEF-IP2010-eps-converted-to.pdf>
Overfull \hbox (182.09785pt too wide) in paragraph at lines 674--674
 [][][] 
 []

Package epstopdf Info: Source file: <../img/legendQE.eps>
(epstopdf)                    date: 2014-06-11 21:45:37
(epstopdf)                    size: 48766 bytes
(epstopdf)             Output file: <../img/legendQE-eps-converted-to.pdf>
(epstopdf)                    date: 2014-06-12 12:03:05
(epstopdf)                    size: 14045 bytes
(epstopdf)             Command: <epstopdf --outfile=../img/legendQE-eps-convert
ed-to.pdf ../img/legendQE.eps>
(epstopdf)             \includegraphics on input line 674.
Package epstopdf Info: Output file is already uptodate.
File: ../img/legendQE-eps-converted-to.pdf Graphic file (type pdf)
<use ../img/legendQE-eps-converted-to.pdf>
Overfull \hbox (176.40697pt too wide) in paragraph at lines 674--674
 [] 
 []

Package epstopdf Info: Source file: <../Results-CIKM2014/qTitle-PRES-CLEF-IP201
0.eps>
(epstopdf)                    date: 2014-06-12 11:57:38
(epstopdf)                    size: 27277 bytes
(epstopdf)             Output file: <../Results-CIKM2014/qTitle-PRES-CLEF-IP201
0-eps-converted-to.pdf>
(epstopdf)                    date: 2014-06-12 12:03:06
(epstopdf)                    size: 7456 bytes
(epstopdf)             Command: <epstopdf --outfile=../Results-CIKM2014/qTitle-
PRES-CLEF-IP2010-eps-converted-to.pdf ../Results-CIKM2014/qTitle-PRES-CLEF-IP20
10.eps>
(epstopdf)             \includegraphics on input line 674.
Package epstopdf Info: Output file is already uptodate.

<../Results-CIKM2014/qTitle-PRES-CLEF-IP2010-eps-converted-to.pdf, id=924, 505.
89pt x 138.5175pt>
File: ../Results-CIKM2014/qTitle-PRES-CLEF-IP2010-eps-converted-to.pdf Graphic 
file (type pdf)

<use ../Results-CIKM2014/qTitle-PRES-CLEF-IP2010-eps-converted-to.pdf>
Package epstopdf Info: Source file: <../Results-CIKM2014/qAbstract-PRES-CLEF-IP
2010.eps>
(epstopdf)                    date: 2014-06-12 11:57:38
(epstopdf)                    size: 26874 bytes
(epstopdf)             Output file: <../Results-CIKM2014/qAbstract-PRES-CLEF-IP
2010-eps-converted-to.pdf>
(epstopdf)                    date: 2014-06-12 12:03:07
(epstopdf)                    size: 7230 bytes
(epstopdf)             Command: <epstopdf --outfile=../Results-CIKM2014/qAbstra
ct-PRES-CLEF-IP2010-eps-converted-to.pdf ../Results-CIKM2014/qAbstract-PRES-CLE
F-IP2010.eps>
(epstopdf)             \includegraphics on input line 674.
Package epstopdf Info: Output file is already uptodate.

<../Results-CIKM2014/qAbstract-PRES-CLEF-IP2010-eps-converted-to.pdf, id=925, 5
05.89pt x 138.5175pt>
File: ../Results-CIKM2014/qAbstract-PRES-CLEF-IP2010-eps-converted-to.pdf Graph
ic file (type pdf)

<use ../Results-CIKM2014/qAbstract-PRES-CLEF-IP2010-eps-converted-to.pdf>
Overfull \hbox (182.09785pt too wide) in paragraph at lines 674--674
 [][][] 
 []

Package epstopdf Info: Source file: <../Results-CIKM2014/qClaims-PRES-CLEF-IP20
10.eps>
(epstopdf)                    date: 2014-06-12 11:57:38
(epstopdf)                    size: 27546 bytes
(epstopdf)             Output file: <../Results-CIKM2014/qClaims-PRES-CLEF-IP20
10-eps-converted-to.pdf>
(epstopdf)                    date: 2014-06-12 12:03:07
(epstopdf)                    size: 7237 bytes
(epstopdf)             Command: <epstopdf --outfile=../Results-CIKM2014/qClaims
-PRES-CLEF-IP2010-eps-converted-to.pdf ../Results-CIKM2014/qClaims-PRES-CLEF-IP
2010.eps>
(epstopdf)             \includegraphics on input line 674.
Package epstopdf Info: Output file is already uptodate.

<../Results-CIKM2014/qClaims-PRES-CLEF-IP2010-eps-converted-to.pdf, id=926, 505
.89pt x 138.5175pt>
File: ../Results-CIKM2014/qClaims-PRES-CLEF-IP2010-eps-converted-to.pdf Graphic
 file (type pdf)

<use ../Results-CIKM2014/qClaims-PRES-CLEF-IP2010-eps-converted-to.pdf>
Package epstopdf Info: Source file: <../Results-CIKM2014/qDescription-PRES-CLEF
-IP2010.eps>
(epstopdf)                    date: 2014-06-12 11:57:38
(epstopdf)                    size: 27520 bytes
(epstopdf)             Output file: <../Results-CIKM2014/qDescription-PRES-CLEF
-IP2010-eps-converted-to.pdf>
(epstopdf)                    date: 2014-06-12 12:03:07
(epstopdf)                    size: 7321 bytes
(epstopdf)             Command: <epstopdf --outfile=../Results-CIKM2014/qDescri
ption-PRES-CLEF-IP2010-eps-converted-to.pdf ../Results-CIKM2014/qDescription-PR
ES-CLEF-IP2010.eps>
(epstopdf)             \includegraphics on input line 674.
Package epstopdf Info: Output file is already uptodate.

<../Results-CIKM2014/qDescription-PRES-CLEF-IP2010-eps-converted-to.pdf, id=927
, 505.89pt x 138.5175pt>
File: ../Results-CIKM2014/qDescription-PRES-CLEF-IP2010-eps-converted-to.pdf Gr
aphic file (type pdf)

<use ../Results-CIKM2014/qDescription-PRES-CLEF-IP2010-eps-converted-to.pdf>
Overfull \hbox (182.09785pt too wide) in paragraph at lines 674--674
 [][][] 
 []


Overfull \vbox (310.41312pt too high) detected at line 674
 []

[29

 <../img/legendQE-eps-converted-to.pdf> <../Results-CIKM2014/qTitle-MAP-CLEF-IP
2010-eps-converted-to.pdf> <../Results-CIKM2014/qAbstract-MAP-CLEF-IP2010-eps-c
onverted-to.pdf> <../Results-CIKM2014/qClaims-MAP-CLEF-IP2010-eps-converted-to.
pdf> <../Results-CIKM2014/qDescription-MAP-CLEF-IP2010-eps-converted-to.pdf> <.
./Results-CIKM2014/qTitle-PRES-CLEF-IP2010-eps-converted-to.pdf> <../Results-CI
KM2014/qAbstract-PRES-CLEF-IP2010-eps-converted-to.pdf> <../Results-CIKM2014/qC
laims-PRES-CLEF-IP2010-eps-converted-to.pdf> <../Results-CIKM2014/qDescription-
PRES-CLEF-IP2010-eps-converted-to.pdf>]
Package epstopdf Info: Source file: <../img/legendQE.eps>
(epstopdf)                    date: 2014-06-11 21:45:37
(epstopdf)                    size: 48766 bytes
(epstopdf)             Output file: <../img/legendQE-eps-converted-to.pdf>
(epstopdf)                    date: 2014-06-12 12:03:05
(epstopdf)                    size: 14045 bytes
(epstopdf)             Command: <epstopdf --outfile=../img/legendQE-eps-convert
ed-to.pdf ../img/legendQE.eps>
(epstopdf)             \includegraphics on input line 721.
Package epstopdf Info: Output file is already uptodate.
File: ../img/legendQE-eps-converted-to.pdf Graphic file (type pdf)

<use ../img/legendQE-eps-converted-to.pdf>
Overfull \hbox (176.40697pt too wide) in paragraph at lines 721--721
 [] 
 []

Package epstopdf Info: Source file: <../Results-CIKM2014/qTitle-MAP-CLEF-IP2011
.eps>
(epstopdf)                    date: 2014-06-11 21:45:33
(epstopdf)                    size: 24920 bytes
(epstopdf)             Output file: <../Results-CIKM2014/qTitle-MAP-CLEF-IP2011
-eps-converted-to.pdf>
(epstopdf)                    date: 2014-06-12 12:03:07
(epstopdf)                    size: 7390 bytes
(epstopdf)             Command: <epstopdf --outfile=../Results-CIKM2014/qTitle-
MAP-CLEF-IP2011-eps-converted-to.pdf ../Results-CIKM2014/qTitle-MAP-CLEF-IP2011
.eps>
(epstopdf)             \includegraphics on input line 721.
Package epstopdf Info: Output file is already uptodate.

<../Results-CIKM2014/qTitle-MAP-CLEF-IP2011-eps-converted-to.pdf, id=1007, 505.
89pt x 138.5175pt>
File: ../Results-CIKM2014/qTitle-MAP-CLEF-IP2011-eps-converted-to.pdf Graphic f
ile (type pdf)

<use ../Results-CIKM2014/qTitle-MAP-CLEF-IP2011-eps-converted-to.pdf>
Package epstopdf Info: Source file: <../Results-CIKM2014/qAbstract-MAP-CLEF-IP2
011.eps>
(epstopdf)                    date: 2014-06-11 21:45:33
(epstopdf)                    size: 25604 bytes
(epstopdf)             Output file: <../Results-CIKM2014/qAbstract-MAP-CLEF-IP2
011-eps-converted-to.pdf>
(epstopdf)                    date: 2014-06-12 12:03:07
(epstopdf)                    size: 7611 bytes
(epstopdf)             Command: <epstopdf --outfile=../Results-CIKM2014/qAbstra
ct-MAP-CLEF-IP2011-eps-converted-to.pdf ../Results-CIKM2014/qAbstract-MAP-CLEF-
IP2011.eps>
(epstopdf)             \includegraphics on input line 721.
Package epstopdf Info: Output file is already uptodate.

<../Results-CIKM2014/qAbstract-MAP-CLEF-IP2011-eps-converted-to.pdf, id=1008, 5
05.89pt x 138.5175pt>
File: ../Results-CIKM2014/qAbstract-MAP-CLEF-IP2011-eps-converted-to.pdf Graphi
c file (type pdf)

<use ../Results-CIKM2014/qAbstract-MAP-CLEF-IP2011-eps-converted-to.pdf>
Overfull \hbox (182.09785pt too wide) in paragraph at lines 721--721
 [][][] 
 []

Package epstopdf Info: Source file: <../Results-CIKM2014/qClaims-MAP-CLEF-IP201
1.eps>
(epstopdf)                    date: 2014-06-11 21:45:33
(epstopdf)                    size: 24906 bytes
(epstopdf)             Output file: <../Results-CIKM2014/qClaims-MAP-CLEF-IP201
1-eps-converted-to.pdf>
(epstopdf)                    date: 2014-06-12 12:03:08
(epstopdf)                    size: 7257 bytes
(epstopdf)             Command: <epstopdf --outfile=../Results-CIKM2014/qClaims
-MAP-CLEF-IP2011-eps-converted-to.pdf ../Results-CIKM2014/qClaims-MAP-CLEF-IP20
11.eps>
(epstopdf)             \includegraphics on input line 721.
Package epstopdf Info: Output file is already uptodate.

<../Results-CIKM2014/qClaims-MAP-CLEF-IP2011-eps-converted-to.pdf, id=1009, 505
.89pt x 138.5175pt>
File: ../Results-CIKM2014/qClaims-MAP-CLEF-IP2011-eps-converted-to.pdf Graphic 
file (type pdf)

<use ../Results-CIKM2014/qClaims-MAP-CLEF-IP2011-eps-converted-to.pdf>
Package epstopdf Info: Source file: <../Results-CIKM2014/qDescription-MAP-CLEF-
IP2011.eps>
(epstopdf)                    date: 2014-06-11 21:45:33
(epstopdf)                    size: 24499 bytes
(epstopdf)             Output file: <../Results-CIKM2014/qDescription-MAP-CLEF-
IP2011-eps-converted-to.pdf>
(epstopdf)                    date: 2014-06-12 12:03:08
(epstopdf)                    size: 7084 bytes
(epstopdf)             Command: <epstopdf --outfile=../Results-CIKM2014/qDescri
ption-MAP-CLEF-IP2011-eps-converted-to.pdf ../Results-CIKM2014/qDescription-MAP
-CLEF-IP2011.eps>
(epstopdf)             \includegraphics on input line 721.
Package epstopdf Info: Output file is already uptodate.

<../Results-CIKM2014/qDescription-MAP-CLEF-IP2011-eps-converted-to.pdf, id=1010
, 505.89pt x 138.5175pt>
File: ../Results-CIKM2014/qDescription-MAP-CLEF-IP2011-eps-converted-to.pdf Gra
phic file (type pdf)

<use ../Results-CIKM2014/qDescription-MAP-CLEF-IP2011-eps-converted-to.pdf>
Overfull \hbox (182.09785pt too wide) in paragraph at lines 721--721
 [][][] 
 []

Package epstopdf Info: Source file: <../img/legendQE.eps>
(epstopdf)                    date: 2014-06-11 21:45:37
(epstopdf)                    size: 48766 bytes
(epstopdf)             Output file: <../img/legendQE-eps-converted-to.pdf>
(epstopdf)                    date: 2014-06-12 12:03:05
(epstopdf)                    size: 14045 bytes
(epstopdf)             Command: <epstopdf --outfile=../img/legendQE-eps-convert
ed-to.pdf ../img/legendQE.eps>
(epstopdf)             \includegraphics on input line 721.
Package epstopdf Info: Output file is already uptodate.
File: ../img/legendQE-eps-converted-to.pdf Graphic file (type pdf)
<use ../img/legendQE-eps-converted-to.pdf>
Overfull \hbox (176.40697pt too wide) in paragraph at lines 721--721
 [] 
 []

Package epstopdf Info: Source file: <../Results-CIKM2014/qTitle-PRES-CLEF-IP201
1.eps>
(epstopdf)                    date: 2014-06-11 21:45:33
(epstopdf)                    size: 24947 bytes
(epstopdf)             Output file: <../Results-CIKM2014/qTitle-PRES-CLEF-IP201
1-eps-converted-to.pdf>
(epstopdf)                    date: 2014-06-12 12:03:08
(epstopdf)                    size: 7131 bytes
(epstopdf)             Command: <epstopdf --outfile=../Results-CIKM2014/qTitle-
PRES-CLEF-IP2011-eps-converted-to.pdf ../Results-CIKM2014/qTitle-PRES-CLEF-IP20
11.eps>
(epstopdf)             \includegraphics on input line 721.
Package epstopdf Info: Output file is already uptodate.

<../Results-CIKM2014/qTitle-PRES-CLEF-IP2011-eps-converted-to.pdf, id=1011, 505
.89pt x 138.5175pt>
File: ../Results-CIKM2014/qTitle-PRES-CLEF-IP2011-eps-converted-to.pdf Graphic 
file (type pdf)

<use ../Results-CIKM2014/qTitle-PRES-CLEF-IP2011-eps-converted-to.pdf>
Package epstopdf Info: Source file: <../Results-CIKM2014/qAbstract-PRES-CLEF-IP
2011.eps>
(epstopdf)                    date: 2014-06-11 21:45:33
(epstopdf)                    size: 24917 bytes
(epstopdf)             Output file: <../Results-CIKM2014/qAbstract-PRES-CLEF-IP
2011-eps-converted-to.pdf>
(epstopdf)                    date: 2014-06-12 12:03:08
(epstopdf)                    size: 7347 bytes
(epstopdf)             Command: <epstopdf --outfile=../Results-CIKM2014/qAbstra
ct-PRES-CLEF-IP2011-eps-converted-to.pdf ../Results-CIKM2014/qAbstract-PRES-CLE
F-IP2011.eps>
(epstopdf)             \includegraphics on input line 721.
Package epstopdf Info: Output file is already uptodate.

<../Results-CIKM2014/qAbstract-PRES-CLEF-IP2011-eps-converted-to.pdf, id=1012, 
505.89pt x 138.5175pt>
File: ../Results-CIKM2014/qAbstract-PRES-CLEF-IP2011-eps-converted-to.pdf Graph
ic file (type pdf)

<use ../Results-CIKM2014/qAbstract-PRES-CLEF-IP2011-eps-converted-to.pdf>
Overfull \hbox (170.71608pt too wide) in paragraph at lines 721--721
 [][][] 
 []

Package epstopdf Info: Source file: <../Results-CIKM2014/qClaims-PRES-CLEF-IP20
11.eps>
(epstopdf)                    date: 2014-06-11 21:45:33
(epstopdf)                    size: 25156 bytes
(epstopdf)             Output file: <../Results-CIKM2014/qClaims-PRES-CLEF-IP20
11-eps-converted-to.pdf>
(epstopdf)                    date: 2014-06-12 12:03:08
(epstopdf)                    size: 7230 bytes
(epstopdf)             Command: <epstopdf --outfile=../Results-CIKM2014/qClaims
-PRES-CLEF-IP2011-eps-converted-to.pdf ../Results-CIKM2014/qClaims-PRES-CLEF-IP
2011.eps>
(epstopdf)             \includegraphics on input line 721.
Package epstopdf Info: Output file is already uptodate.

<../Results-CIKM2014/qClaims-PRES-CLEF-IP2011-eps-converted-to.pdf, id=1013, 50
5.89pt x 138.5175pt>
File: ../Results-CIKM2014/qClaims-PRES-CLEF-IP2011-eps-converted-to.pdf Graphic
 file (type pdf)

<use ../Results-CIKM2014/qClaims-PRES-CLEF-IP2011-eps-converted-to.pdf>
Package epstopdf Info: Source file: <../Results-CIKM2014/qDescription-PRES-CLEF
-IP2011.eps>
(epstopdf)                    date: 2014-06-11 21:45:33
(epstopdf)                    size: 24492 bytes
(epstopdf)             Output file: <../Results-CIKM2014/qDescription-PRES-CLEF
-IP2011-eps-converted-to.pdf>
(epstopdf)                    date: 2014-06-12 12:03:08
(epstopdf)                    size: 6934 bytes
(epstopdf)             Command: <epstopdf --outfile=../Results-CIKM2014/qDescri
ption-PRES-CLEF-IP2011-eps-converted-to.pdf ../Results-CIKM2014/qDescription-PR
ES-CLEF-IP2011.eps>
(epstopdf)             \includegraphics on input line 721.
Package epstopdf Info: Output file is already uptodate.

<../Results-CIKM2014/qDescription-PRES-CLEF-IP2011-eps-converted-to.pdf, id=101
4, 505.89pt x 138.5175pt>
File: ../Results-CIKM2014/qDescription-PRES-CLEF-IP2011-eps-converted-to.pdf Gr
aphic file (type pdf)

<use ../Results-CIKM2014/qDescription-PRES-CLEF-IP2011-eps-converted-to.pdf>
Overfull \hbox (176.40697pt too wide) in paragraph at lines 721--721
 [][][] 
 []


Overfull \vbox (304.4533pt too high) detected at line 721
 []

[30

 <../Results-CIKM2014/qTitle-MAP-CLEF-IP2011-eps-converted-to.pdf> <../Results-
CIKM2014/qAbstract-MAP-CLEF-IP2011-eps-converted-to.pdf> <../Results-CIKM2014/q
Claims-MAP-CLEF-IP2011-eps-converted-to.pdf> <../Results-CIKM2014/qDescription-
MAP-CLEF-IP2011-eps-converted-to.pdf> <../Results-CIKM2014/qTitle-PRES-CLEF-IP2
011-eps-converted-to.pdf> <../Results-CIKM2014/qAbstract-PRES-CLEF-IP2011-eps-c
onverted-to.pdf> <../Results-CIKM2014/qClaims-PRES-CLEF-IP2011-eps-converted-to
.pdf> <../Results-CIKM2014/qDescription-PRES-CLEF-IP2011-eps-converted-to.pdf>]
Package epstopdf Info: Source file: <../img/legendQR.eps>
(epstopdf)                    date: 2014-06-12 11:57:38
(epstopdf)                    size: 44894 bytes
(epstopdf)             Output file: <../img/legendQR-eps-converted-to.pdf>
(epstopdf)                    date: 2014-06-12 12:03:09
(epstopdf)                    size: 13021 bytes
(epstopdf)             Command: <epstopdf --outfile=../img/legendQR-eps-convert
ed-to.pdf ../img/legendQR.eps>
(epstopdf)             \includegraphics on input line 765.
Package epstopdf Info: Output file is already uptodate.
 <../img/legendQR-eps-converted-to.pdf, id=1085, 1113.15875pt x 15.05624pt>
File: ../img/legendQR-eps-converted-to.pdf Graphic file (type pdf)

<use ../img/legendQR-eps-converted-to.pdf>
Overfull \hbox (133.72784pt too wide) in paragraph at lines 765--765
 [] 
 []

Package epstopdf Info: Source file: <../mmrqrResults/qTitle-MAP-CLEF-IP2010.eps
>
(epstopdf)                    date: 2014-06-12 11:57:38
(epstopdf)                    size: 21656 bytes
(epstopdf)             Output file: <../mmrqrResults/qTitle-MAP-CLEF-IP2010-eps
-converted-to.pdf>
(epstopdf)                    date: 2014-06-12 12:03:09
(epstopdf)                    size: 5072 bytes
(epstopdf)             Command: <epstopdf --outfile=../mmrqrResults/qTitle-MAP-
CLEF-IP2010-eps-converted-to.pdf ../mmrqrResults/qTitle-MAP-CLEF-IP2010.eps>
(epstopdf)             \includegraphics on input line 765.
Package epstopdf Info: Output file is already uptodate.

<../mmrqrResults/qTitle-MAP-CLEF-IP2010-eps-converted-to.pdf, id=1086, 180.675p
t x 90.3375pt>
File: ../mmrqrResults/qTitle-MAP-CLEF-IP2010-eps-converted-to.pdf Graphic file 
(type pdf)

<use ../mmrqrResults/qTitle-MAP-CLEF-IP2010-eps-converted-to.pdf>
Package epstopdf Info: Source file: <../mmrqrResults/qAbstract-MAP-CLEF-IP2010.
eps>
(epstopdf)                    date: 2014-06-12 11:57:38
(epstopdf)                    size: 21003 bytes
(epstopdf)             Output file: <../mmrqrResults/qAbstract-MAP-CLEF-IP2010-
eps-converted-to.pdf>
(epstopdf)                    date: 2014-06-12 12:03:09
(epstopdf)                    size: 5166 bytes
(epstopdf)             Command: <epstopdf --outfile=../mmrqrResults/qAbstract-M
AP-CLEF-IP2010-eps-converted-to.pdf ../mmrqrResults/qAbstract-MAP-CLEF-IP2010.e
ps>
(epstopdf)             \includegraphics on input line 765.
Package epstopdf Info: Output file is already uptodate.

<../mmrqrResults/qAbstract-MAP-CLEF-IP2010-eps-converted-to.pdf, id=1087, 180.6
75pt x 90.3375pt>
File: ../mmrqrResults/qAbstract-MAP-CLEF-IP2010-eps-converted-to.pdf Graphic fi
le (type pdf)

<use ../mmrqrResults/qAbstract-MAP-CLEF-IP2010-eps-converted-to.pdf>
Package epstopdf Info: Source file: <../mmrqrResults/qClaims-MAP-CLEF-IP2010.ep
s>
(epstopdf)                    date: 2014-06-12 11:57:38
(epstopdf)                    size: 21867 bytes
(epstopdf)             Output file: <../mmrqrResults/qClaims-MAP-CLEF-IP2010-ep
s-converted-to.pdf>
(epstopdf)                    date: 2014-06-12 12:03:10
(epstopdf)                    size: 5411 bytes
(epstopdf)             Command: <epstopdf --outfile=../mmrqrResults/qClaims-MAP
-CLEF-IP2010-eps-converted-to.pdf ../mmrqrResults/qClaims-MAP-CLEF-IP2010.eps>
(epstopdf)             \includegraphics on input line 765.
Package epstopdf Info: Output file is already uptodate.

<../mmrqrResults/qClaims-MAP-CLEF-IP2010-eps-converted-to.pdf, id=1088, 180.675
pt x 90.3375pt>
File: ../mmrqrResults/qClaims-MAP-CLEF-IP2010-eps-converted-to.pdf Graphic file
 (type pdf)

<use ../mmrqrResults/qClaims-MAP-CLEF-IP2010-eps-converted-to.pdf>
Package epstopdf Info: Source file: <../mmrqrResults/qDescription-MAP-CLEF-IP20
10.eps>
(epstopdf)                    date: 2014-06-12 11:57:38
(epstopdf)                    size: 21011 bytes
(epstopdf)             Output file: <../mmrqrResults/qDescription-MAP-CLEF-IP20
10-eps-converted-to.pdf>
(epstopdf)                    date: 2014-06-12 12:03:10
(epstopdf)                    size: 4987 bytes
(epstopdf)             Command: <epstopdf --outfile=../mmrqrResults/qDescriptio
n-MAP-CLEF-IP2010-eps-converted-to.pdf ../mmrqrResults/qDescription-MAP-CLEF-IP
2010.eps>
(epstopdf)             \includegraphics on input line 765.
Package epstopdf Info: Output file is already uptodate.

<../mmrqrResults/qDescription-MAP-CLEF-IP2010-eps-converted-to.pdf, id=1089, 18
0.675pt x 90.3375pt>
File: ../mmrqrResults/qDescription-MAP-CLEF-IP2010-eps-converted-to.pdf Graphic
 file (type pdf)

<use ../mmrqrResults/qDescription-MAP-CLEF-IP2010-eps-converted-to.pdf>
Overfull \hbox (34.14319pt too wide) in paragraph at lines 765--765
 [][][][] 
 []

Package epstopdf Info: Source file: <../img/legendQR.eps>
(epstopdf)                    date: 2014-06-12 11:57:38
(epstopdf)                    size: 44894 bytes
(epstopdf)             Output file: <../img/legendQR-eps-converted-to.pdf>
(epstopdf)                    date: 2014-06-12 12:03:09
(epstopdf)                    size: 13021 bytes
(epstopdf)             Command: <epstopdf --outfile=../img/legendQR-eps-convert
ed-to.pdf ../img/legendQR.eps>
(epstopdf)             \includegraphics on input line 765.
Package epstopdf Info: Output file is already uptodate.
File: ../img/legendQR-eps-converted-to.pdf Graphic file (type pdf)
<use ../img/legendQR-eps-converted-to.pdf>
Overfull \hbox (133.72784pt too wide) in paragraph at lines 765--765
 [] 
 []

Package epstopdf Info: Source file: <../mmrqrResults/qTitle-PRES-CLEF-IP2010.ep
s>
(epstopdf)                    date: 2014-06-12 11:57:38
(epstopdf)                    size: 20998 bytes
(epstopdf)             Output file: <../mmrqrResults/qTitle-PRES-CLEF-IP2010-ep
s-converted-to.pdf>
(epstopdf)                    date: 2014-06-12 12:03:10
(epstopdf)                    size: 4759 bytes
(epstopdf)             Command: <epstopdf --outfile=../mmrqrResults/qTitle-PRES
-CLEF-IP2010-eps-converted-to.pdf ../mmrqrResults/qTitle-PRES-CLEF-IP2010.eps>
(epstopdf)             \includegraphics on input line 765.
Package epstopdf Info: Output file is already uptodate.

<../mmrqrResults/qTitle-PRES-CLEF-IP2010-eps-converted-to.pdf, id=1090, 180.675
pt x 90.3375pt>
File: ../mmrqrResults/qTitle-PRES-CLEF-IP2010-eps-converted-to.pdf Graphic file
 (type pdf)

<use ../mmrqrResults/qTitle-PRES-CLEF-IP2010-eps-converted-to.pdf>
Package epstopdf Info: Source file: <../mmrqrResults/qAbstract-PRES-CLEF-IP2010
.eps>
(epstopdf)                    date: 2014-06-12 11:57:38
(epstopdf)                    size: 20789 bytes
(epstopdf)             Output file: <../mmrqrResults/qAbstract-PRES-CLEF-IP2010
-eps-converted-to.pdf>
(epstopdf)                    date: 2014-06-12 12:03:10
(epstopdf)                    size: 4872 bytes
(epstopdf)             Command: <epstopdf --outfile=../mmrqrResults/qAbstract-P
RES-CLEF-IP2010-eps-converted-to.pdf ../mmrqrResults/qAbstract-PRES-CLEF-IP2010
.eps>
(epstopdf)             \includegraphics on input line 765.
Package epstopdf Info: Output file is already uptodate.

<../mmrqrResults/qAbstract-PRES-CLEF-IP2010-eps-converted-to.pdf, id=1091, 180.
675pt x 90.3375pt>
File: ../mmrqrResults/qAbstract-PRES-CLEF-IP2010-eps-converted-to.pdf Graphic f
ile (type pdf)

<use ../mmrqrResults/qAbstract-PRES-CLEF-IP2010-eps-converted-to.pdf>
Package epstopdf Info: Source file: <../mmrqrResults/qClaims-PRES-CLEF-IP2010.e
ps>
(epstopdf)                    date: 2014-06-12 11:57:38
(epstopdf)                    size: 21647 bytes
(epstopdf)             Output file: <../mmrqrResults/qClaims-PRES-CLEF-IP2010-e
ps-converted-to.pdf>
(epstopdf)                    date: 2014-06-12 12:03:10
(epstopdf)                    size: 5019 bytes
(epstopdf)             Command: <epstopdf --outfile=../mmrqrResults/qClaims-PRE
S-CLEF-IP2010-eps-converted-to.pdf ../mmrqrResults/qClaims-PRES-CLEF-IP2010.eps
>
(epstopdf)             \includegraphics on input line 765.
Package epstopdf Info: Output file is already uptodate.

<../mmrqrResults/qClaims-PRES-CLEF-IP2010-eps-converted-to.pdf, id=1092, 180.67
5pt x 90.3375pt>
File: ../mmrqrResults/qClaims-PRES-CLEF-IP2010-eps-converted-to.pdf Graphic fil
e (type pdf)

<use ../mmrqrResults/qClaims-PRES-CLEF-IP2010-eps-converted-to.pdf>
Package epstopdf Info: Source file: <../mmrqrResults/qDescription-PRES-CLEF-IP2
010.eps>
(epstopdf)                    date: 2014-06-12 11:57:38
(epstopdf)                    size: 20575 bytes
(epstopdf)             Output file: <../mmrqrResults/qDescription-PRES-CLEF-IP2
010-eps-converted-to.pdf>
(epstopdf)                    date: 2014-06-12 12:03:11
(epstopdf)                    size: 4612 bytes
(epstopdf)             Command: <epstopdf --outfile=../mmrqrResults/qDescriptio
n-PRES-CLEF-IP2010-eps-converted-to.pdf ../mmrqrResults/qDescription-PRES-CLEF-
IP2010.eps>
(epstopdf)             \includegraphics on input line 765.
Package epstopdf Info: Output file is already uptodate.

<../mmrqrResults/qDescription-PRES-CLEF-IP2010-eps-converted-to.pdf, id=1093, 1
80.675pt x 90.3375pt>
File: ../mmrqrResults/qDescription-PRES-CLEF-IP2010-eps-converted-to.pdf Graphi
c file (type pdf)

<use ../mmrqrResults/qDescription-PRES-CLEF-IP2010-eps-converted-to.pdf>
Overfull \hbox (34.14319pt too wide) in paragraph at lines 765--765
 [][][][] 
 []


Overfull \vbox (258.24219pt too high) detected at line 765
 []

[31

 <../img/legendQR-eps-converted-to.pdf> <../mmrqrResults/qTitle-MAP-CLEF-IP2010
-eps-converted-to.pdf> <../mmrqrResults/qAbstract-MAP-CLEF-IP2010-eps-converted
-to.pdf> <../mmrqrResults/qClaims-MAP-CLEF-IP2010-eps-converted-to.pdf> <../mmr
qrResults/qDescription-MAP-CLEF-IP2010-eps-converted-to.pdf> <../mmrqrResults/q
Title-PRES-CLEF-IP2010-eps-converted-to.pdf> <../mmrqrResults/qAbstract-PRES-CL
EF-IP2010-eps-converted-to.pdf> <../mmrqrResults/qClaims-PRES-CLEF-IP2010-eps-c
onverted-to.pdf> <../mmrqrResults/qDescription-PRES-CLEF-IP2010-eps-converted-t
o.pdf>]
Package epstopdf Info: Source file: <../img/legendQR.eps>
(epstopdf)                    date: 2014-06-12 11:57:38
(epstopdf)                    size: 44894 bytes
(epstopdf)             Output file: <../img/legendQR-eps-converted-to.pdf>
(epstopdf)                    date: 2014-06-12 12:03:09
(epstopdf)                    size: 13021 bytes
(epstopdf)             Command: <epstopdf --outfile=../img/legendQR-eps-convert
ed-to.pdf ../img/legendQR.eps>
(epstopdf)             \includegraphics on input line 805.
Package epstopdf Info: Output file is already uptodate.
File: ../img/legendQR-eps-converted-to.pdf Graphic file (type pdf)
 <use ../img/legendQR-eps-converted-to.pdf>
Overfull \hbox (133.72784pt too wide) in paragraph at lines 805--805
 [] 
 []

Package epstopdf Info: Source file: <../mmrqrResults/qTitle-MAP-CLEF-IP2011.eps
>
(epstopdf)                    date: 2014-06-12 11:57:38
(epstopdf)                    size: 21822 bytes
(epstopdf)             Output file: <../mmrqrResults/qTitle-MAP-CLEF-IP2011-eps
-converted-to.pdf>
(epstopdf)                    date: 2014-06-12 12:03:11
(epstopdf)                    size: 5398 bytes
(epstopdf)             Command: <epstopdf --outfile=../mmrqrResults/qTitle-MAP-
CLEF-IP2011-eps-converted-to.pdf ../mmrqrResults/qTitle-MAP-CLEF-IP2011.eps>
(epstopdf)             \includegraphics on input line 805.
Package epstopdf Info: Output file is already uptodate.

<../mmrqrResults/qTitle-MAP-CLEF-IP2011-eps-converted-to.pdf, id=1172, 180.675p
t x 90.3375pt>
File: ../mmrqrResults/qTitle-MAP-CLEF-IP2011-eps-converted-to.pdf Graphic file 
(type pdf)

<use ../mmrqrResults/qTitle-MAP-CLEF-IP2011-eps-converted-to.pdf>
Package epstopdf Info: Source file: <../mmrqrResults/qAbstract-MAP-CLEF-IP2011.
eps>
(epstopdf)                    date: 2014-06-12 11:57:38
(epstopdf)                    size: 21621 bytes
(epstopdf)             Output file: <../mmrqrResults/qAbstract-MAP-CLEF-IP2011-
eps-converted-to.pdf>
(epstopdf)                    date: 2014-06-12 12:03:11
(epstopdf)                    size: 4976 bytes
(epstopdf)             Command: <epstopdf --outfile=../mmrqrResults/qAbstract-M
AP-CLEF-IP2011-eps-converted-to.pdf ../mmrqrResults/qAbstract-MAP-CLEF-IP2011.e
ps>
(epstopdf)             \includegraphics on input line 805.
Package epstopdf Info: Output file is already uptodate.

<../mmrqrResults/qAbstract-MAP-CLEF-IP2011-eps-converted-to.pdf, id=1173, 180.6
75pt x 90.3375pt>
File: ../mmrqrResults/qAbstract-MAP-CLEF-IP2011-eps-converted-to.pdf Graphic fi
le (type pdf)

<use ../mmrqrResults/qAbstract-MAP-CLEF-IP2011-eps-converted-to.pdf>
Package epstopdf Info: Source file: <../mmrqrResults/qClaims-MAP-CLEF-IP2011.ep
s>
(epstopdf)                    date: 2014-06-12 11:57:38
(epstopdf)                    size: 20973 bytes
(epstopdf)             Output file: <../mmrqrResults/qClaims-MAP-CLEF-IP2011-ep
s-converted-to.pdf>
(epstopdf)                    date: 2014-06-12 12:03:11
(epstopdf)                    size: 4898 bytes
(epstopdf)             Command: <epstopdf --outfile=../mmrqrResults/qClaims-MAP
-CLEF-IP2011-eps-converted-to.pdf ../mmrqrResults/qClaims-MAP-CLEF-IP2011.eps>
(epstopdf)             \includegraphics on input line 805.
Package epstopdf Info: Output file is already uptodate.

<../mmrqrResults/qClaims-MAP-CLEF-IP2011-eps-converted-to.pdf, id=1174, 180.675
pt x 90.3375pt>
File: ../mmrqrResults/qClaims-MAP-CLEF-IP2011-eps-converted-to.pdf Graphic file
 (type pdf)

<use ../mmrqrResults/qClaims-MAP-CLEF-IP2011-eps-converted-to.pdf>
Package epstopdf Info: Source file: <../mmrqrResults/qDescription-MAP-CLEF-IP20
11.eps>
(epstopdf)                    date: 2014-06-12 11:57:38
(epstopdf)                    size: 22037 bytes
(epstopdf)             Output file: <../mmrqrResults/qDescription-MAP-CLEF-IP20
11-eps-converted-to.pdf>
(epstopdf)                    date: 2014-06-12 12:03:11
(epstopdf)                    size: 5231 bytes
(epstopdf)             Command: <epstopdf --outfile=../mmrqrResults/qDescriptio
n-MAP-CLEF-IP2011-eps-converted-to.pdf ../mmrqrResults/qDescription-MAP-CLEF-IP
2011.eps>
(epstopdf)             \includegraphics on input line 805.
Package epstopdf Info: Output file is already uptodate.

<../mmrqrResults/qDescription-MAP-CLEF-IP2011-eps-converted-to.pdf, id=1175, 18
0.675pt x 90.3375pt>
File: ../mmrqrResults/qDescription-MAP-CLEF-IP2011-eps-converted-to.pdf Graphic
 file (type pdf)

<use ../mmrqrResults/qDescription-MAP-CLEF-IP2011-eps-converted-to.pdf>
Overfull \hbox (34.14319pt too wide) in paragraph at lines 805--805
 [][][][] 
 []

Package epstopdf Info: Source file: <../img/legendQR.eps>
(epstopdf)                    date: 2014-06-12 11:57:38
(epstopdf)                    size: 44894 bytes
(epstopdf)             Output file: <../img/legendQR-eps-converted-to.pdf>
(epstopdf)                    date: 2014-06-12 12:03:09
(epstopdf)                    size: 13021 bytes
(epstopdf)             Command: <epstopdf --outfile=../img/legendQR-eps-convert
ed-to.pdf ../img/legendQR.eps>
(epstopdf)             \includegraphics on input line 805.
Package epstopdf Info: Output file is already uptodate.
File: ../img/legendQR-eps-converted-to.pdf Graphic file (type pdf)
<use ../img/legendQR-eps-converted-to.pdf>
Overfull \hbox (133.72784pt too wide) in paragraph at lines 805--805
 [] 
 []

Package epstopdf Info: Source file: <../mmrqrResults/qTitle-PRES-CLEF-IP2011.ep
s>
(epstopdf)                    date: 2014-06-12 11:57:38
(epstopdf)                    size: 22036 bytes
(epstopdf)             Output file: <../mmrqrResults/qTitle-PRES-CLEF-IP2011-ep
s-converted-to.pdf>
(epstopdf)                    date: 2014-06-12 12:03:12
(epstopdf)                    size: 5369 bytes
(epstopdf)             Command: <epstopdf --outfile=../mmrqrResults/qTitle-PRES
-CLEF-IP2011-eps-converted-to.pdf ../mmrqrResults/qTitle-PRES-CLEF-IP2011.eps>
(epstopdf)             \includegraphics on input line 805.
Package epstopdf Info: Output file is already uptodate.

<../mmrqrResults/qTitle-PRES-CLEF-IP2011-eps-converted-to.pdf, id=1176, 180.675
pt x 90.3375pt>
File: ../mmrqrResults/qTitle-PRES-CLEF-IP2011-eps-converted-to.pdf Graphic file
 (type pdf)

<use ../mmrqrResults/qTitle-PRES-CLEF-IP2011-eps-converted-to.pdf>
Package epstopdf Info: Source file: <../mmrqrResults/qAbstract-PRES-CLEF-IP2011
.eps>
(epstopdf)                    date: 2014-06-12 11:57:38
(epstopdf)                    size: 21620 bytes
(epstopdf)             Output file: <../mmrqrResults/qAbstract-PRES-CLEF-IP2011
-eps-converted-to.pdf>
(epstopdf)                    date: 2014-06-12 12:03:12
(epstopdf)                    size: 5382 bytes
(epstopdf)             Command: <epstopdf --outfile=../mmrqrResults/qAbstract-P
RES-CLEF-IP2011-eps-converted-to.pdf ../mmrqrResults/qAbstract-PRES-CLEF-IP2011
.eps>
(epstopdf)             \includegraphics on input line 805.
Package epstopdf Info: Output file is already uptodate.

<../mmrqrResults/qAbstract-PRES-CLEF-IP2011-eps-converted-to.pdf, id=1177, 180.
675pt x 90.3375pt>
File: ../mmrqrResults/qAbstract-PRES-CLEF-IP2011-eps-converted-to.pdf Graphic f
ile (type pdf)

<use ../mmrqrResults/qAbstract-PRES-CLEF-IP2011-eps-converted-to.pdf>
Package epstopdf Info: Source file: <../mmrqrResults/qClaims-PRES-CLEF-IP2011.e
ps>
(epstopdf)                    date: 2014-06-12 11:57:38
(epstopdf)                    size: 21187 bytes
(epstopdf)             Output file: <../mmrqrResults/qClaims-PRES-CLEF-IP2011-e
ps-converted-to.pdf>
(epstopdf)                    date: 2014-06-12 12:03:12
(epstopdf)                    size: 4836 bytes
(epstopdf)             Command: <epstopdf --outfile=../mmrqrResults/qClaims-PRE
S-CLEF-IP2011-eps-converted-to.pdf ../mmrqrResults/qClaims-PRES-CLEF-IP2011.eps
>
(epstopdf)             \includegraphics on input line 805.
Package epstopdf Info: Output file is already uptodate.

<../mmrqrResults/qClaims-PRES-CLEF-IP2011-eps-converted-to.pdf, id=1178, 180.67
5pt x 90.3375pt>
File: ../mmrqrResults/qClaims-PRES-CLEF-IP2011-eps-converted-to.pdf Graphic fil
e (type pdf)

<use ../mmrqrResults/qClaims-PRES-CLEF-IP2011-eps-converted-to.pdf>
Package epstopdf Info: Source file: <../mmrqrResults/qDescription-PRES-CLEF-IP2
011.eps>
(epstopdf)                    date: 2014-06-12 11:57:38
(epstopdf)                    size: 21632 bytes
(epstopdf)             Output file: <../mmrqrResults/qDescription-PRES-CLEF-IP2
011-eps-converted-to.pdf>
(epstopdf)                    date: 2014-06-12 12:03:12
(epstopdf)                    size: 4999 bytes
(epstopdf)             Command: <epstopdf --outfile=../mmrqrResults/qDescriptio
n-PRES-CLEF-IP2011-eps-converted-to.pdf ../mmrqrResults/qDescription-PRES-CLEF-
IP2011.eps>
(epstopdf)             \includegraphics on input line 805.
Package epstopdf Info: Output file is already uptodate.

<../mmrqrResults/qDescription-PRES-CLEF-IP2011-eps-converted-to.pdf, id=1179, 1
80.675pt x 90.3375pt>
File: ../mmrqrResults/qDescription-PRES-CLEF-IP2011-eps-converted-to.pdf Graphi
c file (type pdf)

<use ../mmrqrResults/qDescription-PRES-CLEF-IP2011-eps-converted-to.pdf>
Overfull \hbox (34.14319pt too wide) in paragraph at lines 805--805
 [][][][] 
 []


Overfull \vbox (258.24219pt too high) detected at line 805
 []

[32

 <../mmrqrResults/qTitle-MAP-CLEF-IP2011-eps-converted-to.pdf> <../mmrqrResults
/qAbstract-MAP-CLEF-IP2011-eps-converted-to.pdf> <../mmrqrResults/qClaims-MAP-C
LEF-IP2011-eps-converted-to.pdf> <../mmrqrResults/qDescription-MAP-CLEF-IP2011-
eps-converted-to.pdf> <../mmrqrResults/qTitle-PRES-CLEF-IP2011-eps-converted-to
.pdf> <../mmrqrResults/qAbstract-PRES-CLEF-IP2011-eps-converted-to.pdf> <../mmr
qrResults/qClaims-PRES-CLEF-IP2011-eps-converted-to.pdf> <../mmrqrResults/qDesc
ription-PRES-CLEF-IP2011-eps-converted-to.pdf>] [33

] [34

]
\tf@nav=\write6
\openout6 = `PriorArtSearch.nav'.

\tf@toc=\write7
\openout7 = `PriorArtSearch.toc'.

\tf@snm=\write8
\openout8 = `PriorArtSearch.snm'.


(./PriorArtSearch.aux)

LaTeX Warning: There were undefined references.

 ) 
Here is how much of TeX's memory you used:
 18663 strings out of 495061
 364920 string characters out of 1182621
 473320 words of memory out of 3000000
 21191 multiletter control sequences out of 15000+50000
 48448 words of font info for 94 fonts, out of 3000000 for 9000
 28 hyphenation exceptions out of 8191
 49i,15n,65p,1416b,1140s stack positions out of 5000i,500n,10000p,200000b,50000s
{/usr/share/texmf-texlive/fonts/enc/dvips/base/8r.enc}</usr/share/texmf-texli
ve/fonts/type1/public/amsfonts/cm/cmmi10.pfb></usr/share/texmf-texlive/fonts/ty
pe1/public/amsfonts/cm/cmmi8.pfb></usr/share/texmf-texlive/fonts/type1/public/a
msfonts/cm/cmmi9.pfb></usr/share/texmf-texlive/fonts/type1/public/amsfonts/cm/c
mr10.pfb></usr/share/texmf-texlive/fonts/type1/public/amsfonts/cm/cmsy10.pfb></
usr/share/texmf-texlive/fonts/type1/public/amsfonts/cm/cmsy6.pfb></usr/share/te
xmf-texlive/fonts/type1/public/amsfonts/cm/cmsy8.pfb></usr/share/texmf-texlive/
fonts/type1/public/amsfonts/cm/cmsy9.pfb></usr/share/texmf-texlive/fonts/type1/
public/amsfonts/symbols/msam10.pfb></usr/share/texmf-texlive/fonts/type1/public
/amsfonts/symbols/msam7.pfb></usr/share/texmf-texlive/fonts/type1/urw/courier/u
crro8a.pfb></usr/share/texmf-texlive/fonts/type1/urw/palatino/uplb8a.pfb></usr/
share/texmf-texlive/fonts/type1/urw/palatino/uplbi8a.pfb></usr/share/texmf-texl
ive/fonts/type1/urw/palatino/uplr8a.pfb></usr/share/texmf-texlive/fonts/type1/u
rw/palatino/uplri8a.pfb>
Output written on PriorArtSearch.pdf (34 pages, 658541 bytes).
PDF statistics:
 1366 PDF objects out of 1440 (max. 8388607)
 83 named destinations out of 1000 (max. 500000)
 291 words of extra memory for PDF output out of 10000 (max. 10000000)

