This is pdfTeX, Version 3.1415926-2.5-1.40.14 (TeX Live 2013/Debian) (format=pdflatex 2014.8.7)  12 MAY 2015 11:37
entering extended mode
 restricted \write18 enabled.
 %&-line parsing enabled.
**thesis.tex
(./thesis.tex
LaTeX2e <2011/06/27>
Babel <3.9f> and hyphenation patterns for 78 languages loaded.
(/usr/share/texlive/texmf-dist/tex/latex/base/book.cls
Document Class: book 2007/10/19 v1.4h Standard LaTeX document class
(/usr/share/texlive/texmf-dist/tex/latex/base/bk11.clo
File: bk11.clo 2007/10/19 v1.4h Standard LaTeX file (size option)
)
\c@part=\count79
\c@chapter=\count80
\c@section=\count81
\c@subsection=\count82
\c@subsubsection=\count83
\c@paragraph=\count84
\c@subparagraph=\count85
\c@figure=\count86
\c@table=\count87
\abovecaptionskip=\skip41
\belowcaptionskip=\skip42
\bibindent=\dimen102
)
(/usr/share/texlive/texmf-dist/tex/latex/svn-multi/svn-multi.sty
Package: svn-multi 2011/08/30 v2.4d SVN Keywords for multi-file LaTeX documents


(/usr/share/texlive/texmf-dist/tex/latex/oberdiek/kvoptions.sty
Package: kvoptions 2011/06/30 v3.11 Key value format for package options (HO)

(/usr/share/texlive/texmf-dist/tex/latex/graphics/keyval.sty
Package: keyval 1999/03/16 v1.13 key=value parser (DPC)
\KV@toks@=\toks14
)
(/usr/share/texlive/texmf-dist/tex/generic/oberdiek/ltxcmds.sty
Package: ltxcmds 2011/11/09 v1.22 LaTeX kernel commands for general use (HO)
)
(/usr/share/texlive/texmf-dist/tex/generic/oberdiek/kvsetkeys.sty
Package: kvsetkeys 2012/04/25 v1.16 Key value parser (HO)

(/usr/share/texlive/texmf-dist/tex/generic/oberdiek/infwarerr.sty
Package: infwarerr 2010/04/08 v1.3 Providing info/warning/error messages (HO)
)
(/usr/share/texlive/texmf-dist/tex/generic/oberdiek/etexcmds.sty
Package: etexcmds 2011/02/16 v1.5 Avoid name clashes with e-TeX commands (HO)

(/usr/share/texlive/texmf-dist/tex/generic/oberdiek/ifluatex.sty
Package: ifluatex 2010/03/01 v1.3 Provides the ifluatex switch (HO)
Package ifluatex Info: LuaTeX not detected.
)
Package etexcmds Info: Could not find \expanded.
(etexcmds)             That can mean that you are not using pdfTeX 1.50 or
(etexcmds)             that some package has redefined \expanded.
(etexcmds)             In the latter case, load this package earlier.
))))
(/usr/share/texlive/texmf-dist/tex/latex/hyperref/hyperref.sty
Package: hyperref 2012/11/06 v6.83m Hypertext links for LaTeX

(/usr/share/texlive/texmf-dist/tex/generic/oberdiek/hobsub-hyperref.sty
Package: hobsub-hyperref 2012/05/28 v1.13 Bundle oberdiek, subset hyperref (HO)


(/usr/share/texlive/texmf-dist/tex/generic/oberdiek/hobsub-generic.sty
Package: hobsub-generic 2012/05/28 v1.13 Bundle oberdiek, subset generic (HO)
Package: hobsub 2012/05/28 v1.13 Construct package bundles (HO)
Package hobsub Info: Skipping package `infwarerr' (already loaded).
Package hobsub Info: Skipping package `ltxcmds' (already loaded).
Package hobsub Info: Skipping package `ifluatex' (already loaded).
Package: ifvtex 2010/03/01 v1.5 Detect VTeX and its facilities (HO)
Package ifvtex Info: VTeX not detected.
Package: intcalc 2007/09/27 v1.1 Expandable calculations with integers (HO)
Package: ifpdf 2011/01/30 v2.3 Provides the ifpdf switch (HO)
Package ifpdf Info: pdfTeX in PDF mode is detected.
Package hobsub Info: Skipping package `etexcmds' (already loaded).
Package hobsub Info: Skipping package `kvsetkeys' (already loaded).
Package: kvdefinekeys 2011/04/07 v1.3 Define keys (HO)
Package: pdftexcmds 2011/11/29 v0.20 Utility functions of pdfTeX for LuaTeX (HO
)
Package pdftexcmds Info: LuaTeX not detected.
Package pdftexcmds Info: \pdf@primitive is available.
Package pdftexcmds Info: \pdf@ifprimitive is available.
Package pdftexcmds Info: \pdfdraftmode found.
Package: pdfescape 2011/11/25 v1.13 Implements pdfTeX's escape features (HO)
Package: bigintcalc 2012/04/08 v1.3 Expandable calculations on big integers (HO
)
Package: bitset 2011/01/30 v1.1 Handle bit-vector datatype (HO)
Package: uniquecounter 2011/01/30 v1.2 Provide unlimited unique counter (HO)
)
Package hobsub Info: Skipping package `hobsub' (already loaded).
Package: letltxmacro 2010/09/02 v1.4 Let assignment for LaTeX macros (HO)
Package: hopatch 2012/05/28 v1.2 Wrapper for package hooks (HO)
Package: xcolor-patch 2011/01/30 xcolor patch
Package: atveryend 2011/06/30 v1.8 Hooks at the very end of document (HO)
Package atveryend Info: \enddocument detected (standard20110627).
Package: atbegshi 2011/10/05 v1.16 At begin shipout hook (HO)
Package: refcount 2011/10/16 v3.4 Data extraction from label references (HO)
Package: hycolor 2011/01/30 v1.7 Color options for hyperref/bookmark (HO)
)
(/usr/share/texlive/texmf-dist/tex/generic/ifxetex/ifxetex.sty
Package: ifxetex 2010/09/12 v0.6 Provides ifxetex conditional
)
(/usr/share/texlive/texmf-dist/tex/latex/oberdiek/auxhook.sty
Package: auxhook 2011/03/04 v1.3 Hooks for auxiliary files (HO)
)
\@linkdim=\dimen103
\Hy@linkcounter=\count88
\Hy@pagecounter=\count89

(/usr/share/texlive/texmf-dist/tex/latex/hyperref/pd1enc.def
File: pd1enc.def 2012/11/06 v6.83m Hyperref: PDFDocEncoding definition (HO)
)
\Hy@SavedSpaceFactor=\count90

(/usr/share/texlive/texmf-dist/tex/latex/latexconfig/hyperref.cfg
File: hyperref.cfg 2002/06/06 v1.2 hyperref configuration of TeXLive
)
Package hyperref Info: Option `hyperindex' set `true' on input line 4319.
Package hyperref Info: Option `bookmarks' set `true' on input line 4319.
Package hyperref Info: Option `colorlinks' set `false' on input line 4319.


Package hyperref Warning: Invalid value `0'
(hyperref)                for option `pdfborder'.
(hyperref)                Option setting is ignored on input line 4319.

Package hyperref Info: Option `plainpages' set `false' on input line 4319.
Package hyperref Info: Option `pdfpagelabels' set `true' on input line 4319.
Package hyperref Info: Option `hyperfootnotes' set `false' on input line 4319.
Package hyperref Info: Hyper figures OFF on input line 4443.
Package hyperref Info: Link nesting OFF on input line 4448.
Package hyperref Info: Hyper index ON on input line 4451.
Package hyperref Info: Plain pages OFF on input line 4458.
Package hyperref Info: Backreferencing ON on input line 4461.
Package hyperref Info: Implicit mode ON; LaTeX internals redefined.
Package hyperref Info: Bookmarks ON on input line 4688.
(/usr/share/texlive/texmf-dist/tex/latex/hyperref/backref.sty
Package: backref 2012/07/25 v1.38 Bibliographical back referencing

(/usr/share/texlive/texmf-dist/tex/latex/oberdiek/rerunfilecheck.sty
Package: rerunfilecheck 2011/04/15 v1.7 Rerun checks for auxiliary files (HO)
Package uniquecounter Info: New unique counter `rerunfilecheck' on input line 2
82.
))
\c@Hy@tempcnt=\count91

(/usr/share/texlive/texmf-dist/tex/latex/url/url.sty
\Urlmuskip=\muskip10
Package: url 2006/04/12  ver 3.3  Verb mode for urls, etc.
)
LaTeX Info: Redefining \url on input line 5041.
\XeTeXLinkMargin=\dimen104
\Fld@menulength=\count92
\Field@Width=\dimen105
\Fld@charsize=\dimen106
Package hyperref Info: Hyper figures OFF on input line 6295.
Package hyperref Info: Link nesting OFF on input line 6300.
Package hyperref Info: Hyper index ON on input line 6303.
Package hyperref Info: backreferencing ON on input line 6308.
Package hyperref Info: Link coloring OFF on input line 6315.
Package hyperref Info: Link coloring with OCG OFF on input line 6320.
Package hyperref Info: PDF/A mode OFF on input line 6325.
LaTeX Info: Redefining \ref on input line 6365.
LaTeX Info: Redefining \pageref on input line 6369.
\Hy@abspage=\count93
\c@Item=\count94
)

Package hyperref Message: Driver (autodetected): hpdftex.

(/usr/share/texlive/texmf-dist/tex/latex/hyperref/hpdftex.def
File: hpdftex.def 2012/11/06 v6.83m Hyperref driver for pdfTeX
\Fld@listcount=\count95
\c@bookmark@seq@number=\count96
\Hy@SectionHShift=\skip43
)
(/usr/share/texlive/texmf-dist/tex/latex/oberdiek/hypcap.sty
Package: hypcap 2011/02/16 v1.11 Adjusting the anchors of captions (HO)
) (./anuthesis.sty
Package: anuthesis 2005/04/04 v0.2 ANU Thesis Style (SB/RW)

(/usr/share/texlive/texmf-dist/tex/latex/base/ifthen.sty
Package: ifthen 2001/05/26 v1.1c Standard LaTeX ifthen package (DPC)
)
(/usr/share/texlive/texmf-dist/tex/latex/psnfss/mathpazo.sty
Package: mathpazo 2005/04/12 PSNFSS-v9.2a Palatino w/ Pazo Math (D.Puga, WaS) 
\symupright=\mathgroup4
)
\tqfootlen=\skip44

(/usr/share/texlive/texmf-dist/tex/latex/setspace/setspace.sty
Package: setspace 2011/12/19 v6.7a set line spacing
))
(/usr/share/texlive/texmf-dist/tex/latex/tools/afterpage.sty
Package: afterpage 1995/10/27 v1.08 After-Page Package (DPC)
\AP@output=\toks15
\AP@partial=\box26
\AP@footins=\box27
)
(/usr/share/texlive/texmf-dist/tex/latex/graphics/graphicx.sty
Package: graphicx 1999/02/16 v1.0f Enhanced LaTeX Graphics (DPC,SPQR)

(/usr/share/texlive/texmf-dist/tex/latex/graphics/graphics.sty
Package: graphics 2009/02/05 v1.0o Standard LaTeX Graphics (DPC,SPQR)

(/usr/share/texlive/texmf-dist/tex/latex/graphics/trig.sty
Package: trig 1999/03/16 v1.09 sin cos tan (DPC)
)
(/usr/share/texlive/texmf-dist/tex/latex/latexconfig/graphics.cfg
File: graphics.cfg 2010/04/23 v1.9 graphics configuration of TeX Live
)
Package graphics Info: Driver file: pdftex.def on input line 91.

(/usr/share/texlive/texmf-dist/tex/latex/pdftex-def/pdftex.def
File: pdftex.def 2011/05/27 v0.06d Graphics/color for pdfTeX
\Gread@gobject=\count97
))
\Gin@req@height=\dimen107
\Gin@req@width=\dimen108
) (./thesis.sty (/usr/share/texlive/texmf-dist/tex/latex/tools/xspace.sty
Package: xspace 2009/10/20 v1.13 Space after command names (DPC,MH)
))
(/usr/share/texlive/texmf-dist/tex/latex/natbib/natbib.sty
Package: natbib 2010/09/13 8.31b (PWD, AO)
\bibhang=\skip45
\bibsep=\skip46
LaTeX Info: Redefining \cite on input line 694.
\c@NAT@ctr=\count98
)
(/usr/share/texlive/texmf-dist/tex/generic/ulem/ulem.sty
\UL@box=\box28
\UL@hyphenbox=\box29
\UL@skip=\skip47
\UL@hook=\toks16
\UL@height=\dimen109
\UL@pe=\count99
\UL@pixel=\dimen110
\ULC@box=\box30
Package: ulem 2012/05/18
\ULdepth=\dimen111
)
(/usr/share/texmf/tex/latex/xcolor/xcolor.sty
Package: xcolor 2007/01/21 v2.11 LaTeX color extensions (UK)

(/usr/share/texlive/texmf-dist/tex/latex/latexconfig/color.cfg
File: color.cfg 2007/01/18 v1.5 color configuration of teTeX/TeXLive
)
Package xcolor Info: Driver file: pdftex.def on input line 225.

(/usr/share/texlive/texmf-dist/tex/latex/colortbl/colortbl.sty
Package: colortbl 2012/02/13 v1.0a Color table columns (DPC)

(/usr/share/texlive/texmf-dist/tex/latex/tools/array.sty
Package: array 2008/09/09 v2.4c Tabular extension package (FMi)
\col@sep=\dimen112
\extrarowheight=\dimen113
\NC@list=\toks17
\extratabsurround=\skip48
\backup@length=\skip49
)
\everycr=\toks18
\minrowclearance=\skip50
)
\rownum=\count100
Package xcolor Info: Model `cmy' substituted by `cmy0' on input line 1337.
Package xcolor Info: Model `hsb' substituted by `rgb' on input line 1341.
Package xcolor Info: Model `RGB' extended on input line 1353.
Package xcolor Info: Model `HTML' substituted by `rgb' on input line 1355.
Package xcolor Info: Model `Hsb' substituted by `hsb' on input line 1356.
Package xcolor Info: Model `tHsb' substituted by `hsb' on input line 1357.
Package xcolor Info: Model `HSB' substituted by `hsb' on input line 1358.
Package xcolor Info: Model `Gray' substituted by `gray' on input line 1359.
Package xcolor Info: Model `wave' substituted by `hsb' on input line 1360.
)
(/usr/share/texlive/texmf-dist/tex/latex/base/makeidx.sty
Package: makeidx 2000/03/29 v1.0m Standard LaTeX package
) (./cleveref.sty
Package: cleveref 2007/21/11 v0.11 Automatic cross-reference formatting
Package cleveref Info: `hyperref' support loaded on input line 1315.
LaTeX Info: Redefining \cref on input line 1315.
LaTeX Info: Redefining \Cref on input line 1315.
LaTeX Info: Redefining \crefrange on input line 1315.
LaTeX Info: Redefining \Crefrange on input line 1315.
)
(/usr/share/texlive/texmf-dist/tex/latex/float/float.sty
Package: float 2001/11/08 v1.3d Float enhancements (AL)
\c@float@type=\count101
\float@exts=\toks19
\float@box=\box31
\@float@everytoks=\toks20
\@floatcapt=\box32
)
(/usr/share/texlive/texmf-dist/tex/latex/base/fontenc.sty
Package: fontenc 2005/09/27 v1.99g Standard LaTeX package

(/usr/share/texlive/texmf-dist/tex/latex/base/t1enc.def
File: t1enc.def 2005/09/27 v1.99g Standard LaTeX file
LaTeX Font Info:    Redeclaring font encoding T1 on input line 43.
))
(/usr/share/texlive/texmf-dist/tex/latex/bera/beramono.sty
Package: beramono 2004/01/31 (WaS)
)
(/usr/share/texlive/texmf-dist/tex/latex/multirow/multirow.sty
\bigstrutjot=\dimen114
)
(/usr/share/texlive/texmf-dist/tex/latex/enumitem/enumitem.sty
Package: enumitem 2011/09/28 v3.5.2 Customized lists
\labelindent=\skip51
\enit@outerparindent=\dimen115
\enit@toks=\toks21
\enit@inbox=\box33
\enitdp@description=\count102
)
(/usr/share/texlive/texmf-dist/tex/latex/caption/caption.sty
Package: caption 2013/05/02 v3.3-89 Customizing captions (AR)

(/usr/share/texlive/texmf-dist/tex/latex/caption/caption3.sty
Package: caption3 2013/05/02 v1.6-88 caption3 kernel (AR)
Package caption3 Info: TeX engine: e-TeX on input line 57.
\captionmargin=\dimen116
\captionmargin@=\dimen117
\captionwidth=\dimen118
\caption@tempdima=\dimen119
\caption@indent=\dimen120
\caption@parindent=\dimen121
\caption@hangindent=\dimen122
Package caption Info: Unknown document class (or package),
(caption)             standard defaults will be used.
)

Package caption Warning: Unsupported document class (or package) detected,
(caption)                usage of the caption package is not recommended.
See the caption package documentation for explanation.

Package caption Info: \@makecaption = macro:#1#2->\vskip \abovecaptionskip \sbo
x \@tempboxa {{\small {\bfseries \oldstylenums {#1}}: #2}}\ifdim \wd \@tempboxa
 >\hsize {\small {\bfseries \oldstylenums {#1}:} #2}\par \else \global \@minipa
gefalse \hb@xt@ \hsize {\hfil \box \@tempboxa \hfil }\fi \vskip \belowcaptionsk
ip .
\c@ContinuedFloat=\count103
Package caption Info: float package is loaded.
Package caption Info: hyperref package is loaded.
Package caption Info: hypcap package is loaded.
) (/usr/share/texlive/texmf-dist/tex/latex/placeins/placeins.sty
Package: placeins 2005/04/18  v 2.2
)
(/usr/share/texlive/texmf-dist/tex/latex/lipsum/lipsum.sty
Package: lipsum 2011/04/14 v1.2 150 paragraphs of Lorem Ipsum dummy text
\c@lips@count=\count104
)
(/usr/share/texlive/texmf-dist/tex/latex/framed/framed.sty
Package: framed 2011/10/22 v 0.96: framed or shaded text with page breaks
\OuterFrameSep=\skip52
\fb@frw=\dimen123
\fb@frh=\dimen124
\FrameRule=\dimen125
\FrameSep=\dimen126
)
(/usr/share/texlive/texmf-dist/tex/latex/listings/listings.sty
\lst@mode=\count105
\lst@gtempboxa=\box34
\lst@token=\toks22
\lst@length=\count106
\lst@currlwidth=\dimen127
\lst@column=\count107
\lst@pos=\count108
\lst@lostspace=\dimen128
\lst@width=\dimen129
\lst@newlines=\count109
\lst@lineno=\count110
\lst@maxwidth=\dimen130

(/usr/share/texlive/texmf-dist/tex/latex/listings/lstmisc.sty
File: lstmisc.sty 2013/07/10 1.5 (Carsten Heinz)
\c@lstnumber=\count111
\lst@skipnumbers=\count112
\lst@framebox=\box35
)
(/usr/share/texlive/texmf-dist/tex/latex/listings/listings.cfg
File: listings.cfg 2013/06/27 1.5pre1 listings configuration
))
Package: listings 2013/07/10 1.5 (Carsten Heinz)

(/usr/share/texlive/texmf-dist/tex/latex/psnfss/courier.sty
Package: courier 2005/04/12 PSNFSS-v9.2a (WaS) 
)
(/usr/share/texlive/texmf-dist/tex/latex/graphics/lscape.sty
Package: lscape 2000/10/22 v3.01 Landscape Pages (DPC)
)
(/usr/share/texlive/texmf-dist/tex/latex/mdwtools/footnote.sty
Package: footnote 1997/01/28 1.13 Save footnotes around boxes
\fn@notes=\box36
\fn@width=\dimen131
) (./macros.tex
(/usr/share/texlive/texmf-dist/tex/latex/booktabs/booktabs.sty
Package: booktabs 2005/04/14 v1.61803 publication quality tables
\heavyrulewidth=\dimen132
\lightrulewidth=\dimen133
\cmidrulewidth=\dimen134
\belowrulesep=\dimen135
\belowbottomsep=\dimen136
\aboverulesep=\dimen137
\abovetopsep=\dimen138
\cmidrulesep=\dimen139
\cmidrulekern=\dimen140
\defaultaddspace=\dimen141
\@cmidla=\count113
\@cmidlb=\count114
\@aboverulesep=\dimen142
\@belowrulesep=\dimen143
\@thisruleclass=\count115
\@lastruleclass=\count116
\@thisrulewidth=\dimen144
)
(/usr/share/texlive/texmf-dist/tex/latex/relsize/relsize.sty
Package: relsize 2013/03/29 ver 4.1
)
(/usr/share/texlive/texmf-dist/tex/latex/subfigure/subfigure.sty
Package: subfigure 2002/03/15 v2.1.5 subfigure package
\subfigtopskip=\skip53
\subfigcapskip=\skip54
\subfigcaptopadj=\dimen145
\subfigbottomskip=\skip55
\subfigcapmargin=\dimen146
\subfiglabelskip=\skip56
\c@subfigure=\count117
\c@lofdepth=\count118
\c@subtable=\count119
\c@lotdepth=\count120

****************************************
* Local config file subfigure.cfg used *
****************************************
(/usr/share/texlive/texmf-dist/tex/latex/subfigure/subfigure.cfg)
\subfig@top=\skip57
\subfig@bottom=\skip58
)
(/usr/share/texlive/texmf-dist/tex/latex/listings/lstlang1.sty
File: lstlang1.sty 2013/06/27 1.5pre1 listings language file
)
(/usr/share/texlive/texmf-dist/tex/latex/todonotes/todonotes.sty
Package: todonotes 2012/07/25 .dtx Todonotes source and documentation.
Package: todonotes 2012/07/25

(/usr/share/texlive/texmf-dist/tex/latex/xkeyval/xkeyval.sty
Package: xkeyval 2012/10/14 v2.6b package option processing (HA)

(/usr/share/texlive/texmf-dist/tex/generic/xkeyval/xkeyval.tex
\XKV@toks=\toks23
\XKV@tempa@toks=\toks24
\XKV@depth=\count121
File: xkeyval.tex 2012/10/14 v2.6b key=value parser (HA)
))
(/usr/share/texmf/tex/latex/pgf/frontendlayer/tikz.sty
(/usr/share/texmf/tex/latex/pgf/basiclayer/pgf.sty
(/usr/share/texmf/tex/latex/pgf/utilities/pgfrcs.sty
(/usr/share/texmf/tex/generic/pgf/utilities/pgfutil-common.tex
\pgfutil@everybye=\toks25
)
(/usr/share/texmf/tex/generic/pgf/utilities/pgfutil-latex.def
\pgfutil@abb=\box37

(/usr/share/texlive/texmf-dist/tex/latex/ms/everyshi.sty
Package: everyshi 2001/05/15 v3.00 EveryShipout Package (MS)
))
(/usr/share/texmf/tex/generic/pgf/utilities/pgfrcs.code.tex
Package: pgfrcs 2010/10/25 v2.10 (rcs-revision 1.24)
))
Package: pgf 2008/01/15 v2.10 (rcs-revision 1.12)

(/usr/share/texmf/tex/latex/pgf/basiclayer/pgfcore.sty
(/usr/share/texmf/tex/latex/pgf/systemlayer/pgfsys.sty
(/usr/share/texmf/tex/generic/pgf/systemlayer/pgfsys.code.tex
Package: pgfsys 2010/06/30 v2.10 (rcs-revision 1.37)

(/usr/share/texmf/tex/generic/pgf/utilities/pgfkeys.code.tex
\pgfkeys@pathtoks=\toks26
\pgfkeys@temptoks=\toks27

(/usr/share/texmf/tex/generic/pgf/utilities/pgfkeysfiltered.code.tex
\pgfkeys@tmptoks=\toks28
))
\pgf@x=\dimen147
\pgf@y=\dimen148
\pgf@xa=\dimen149
\pgf@ya=\dimen150
\pgf@xb=\dimen151
\pgf@yb=\dimen152
\pgf@xc=\dimen153
\pgf@yc=\dimen154
\w@pgf@writea=\write3
\r@pgf@reada=\read1
\c@pgf@counta=\count122
\c@pgf@countb=\count123
\c@pgf@countc=\count124
\c@pgf@countd=\count125

(/usr/share/texmf/tex/generic/pgf/systemlayer/pgf.cfg
File: pgf.cfg 2008/05/14  (rcs-revision 1.7)
)
Package pgfsys Info: Driver file for pgf: pgfsys-pdftex.def on input line 900.

(/usr/share/texmf/tex/generic/pgf/systemlayer/pgfsys-pdftex.def
File: pgfsys-pdftex.def 2009/05/22  (rcs-revision 1.26)

(/usr/share/texmf/tex/generic/pgf/systemlayer/pgfsys-common-pdf.def
File: pgfsys-common-pdf.def 2008/05/19  (rcs-revision 1.10)
)))
(/usr/share/texmf/tex/generic/pgf/systemlayer/pgfsyssoftpath.code.tex
File: pgfsyssoftpath.code.tex 2008/07/18  (rcs-revision 1.7)
\pgfsyssoftpath@smallbuffer@items=\count126
\pgfsyssoftpath@bigbuffer@items=\count127
)
(/usr/share/texmf/tex/generic/pgf/systemlayer/pgfsysprotocol.code.tex
File: pgfsysprotocol.code.tex 2006/10/16  (rcs-revision 1.4)
))
(/usr/share/texmf/tex/generic/pgf/basiclayer/pgfcore.code.tex
Package: pgfcore 2010/04/11 v2.10 (rcs-revision 1.7)

(/usr/share/texmf/tex/generic/pgf/math/pgfmath.code.tex
(/usr/share/texmf/tex/generic/pgf/math/pgfmathcalc.code.tex
(/usr/share/texmf/tex/generic/pgf/math/pgfmathutil.code.tex)
(/usr/share/texmf/tex/generic/pgf/math/pgfmathparser.code.tex
\pgfmath@dimen=\dimen155
\pgfmath@count=\count128
\pgfmath@box=\box38
\pgfmath@toks=\toks29
\pgfmath@stack@operand=\toks30
\pgfmath@stack@operation=\toks31
)
(/usr/share/texmf/tex/generic/pgf/math/pgfmathfunctions.code.tex
(/usr/share/texmf/tex/generic/pgf/math/pgfmathfunctions.basic.code.tex)
(/usr/share/texmf/tex/generic/pgf/math/pgfmathfunctions.trigonometric.code.tex)
(/usr/share/texmf/tex/generic/pgf/math/pgfmathfunctions.random.code.tex)
(/usr/share/texmf/tex/generic/pgf/math/pgfmathfunctions.comparison.code.tex)
(/usr/share/texmf/tex/generic/pgf/math/pgfmathfunctions.base.code.tex)
(/usr/share/texmf/tex/generic/pgf/math/pgfmathfunctions.round.code.tex)
(/usr/share/texmf/tex/generic/pgf/math/pgfmathfunctions.misc.code.tex)))
(/usr/share/texmf/tex/generic/pgf/math/pgfmathfloat.code.tex
\c@pgfmathroundto@lastzeros=\count129
))
(/usr/share/texmf/tex/generic/pgf/basiclayer/pgfcorepoints.code.tex
File: pgfcorepoints.code.tex 2010/04/09  (rcs-revision 1.20)
\pgf@picminx=\dimen156
\pgf@picmaxx=\dimen157
\pgf@picminy=\dimen158
\pgf@picmaxy=\dimen159
\pgf@pathminx=\dimen160
\pgf@pathmaxx=\dimen161
\pgf@pathminy=\dimen162
\pgf@pathmaxy=\dimen163
\pgf@xx=\dimen164
\pgf@xy=\dimen165
\pgf@yx=\dimen166
\pgf@yy=\dimen167
\pgf@zx=\dimen168
\pgf@zy=\dimen169
)
(/usr/share/texmf/tex/generic/pgf/basiclayer/pgfcorepathconstruct.code.tex
File: pgfcorepathconstruct.code.tex 2010/08/03  (rcs-revision 1.24)
\pgf@path@lastx=\dimen170
\pgf@path@lasty=\dimen171
)
(/usr/share/texmf/tex/generic/pgf/basiclayer/pgfcorepathusage.code.tex
File: pgfcorepathusage.code.tex 2008/04/22  (rcs-revision 1.12)
\pgf@shorten@end@additional=\dimen172
\pgf@shorten@start@additional=\dimen173
)
(/usr/share/texmf/tex/generic/pgf/basiclayer/pgfcorescopes.code.tex
File: pgfcorescopes.code.tex 2010/09/08  (rcs-revision 1.34)
\pgfpic=\box39
\pgf@hbox=\box40
\pgf@layerbox@main=\box41
\pgf@picture@serial@count=\count130
)
(/usr/share/texmf/tex/generic/pgf/basiclayer/pgfcoregraphicstate.code.tex
File: pgfcoregraphicstate.code.tex 2008/04/22  (rcs-revision 1.9)
\pgflinewidth=\dimen174
)
(/usr/share/texmf/tex/generic/pgf/basiclayer/pgfcoretransformations.code.tex
File: pgfcoretransformations.code.tex 2009/06/10  (rcs-revision 1.11)
\pgf@pt@x=\dimen175
\pgf@pt@y=\dimen176
\pgf@pt@temp=\dimen177
)
(/usr/share/texmf/tex/generic/pgf/basiclayer/pgfcorequick.code.tex
File: pgfcorequick.code.tex 2008/10/09  (rcs-revision 1.3)
)
(/usr/share/texmf/tex/generic/pgf/basiclayer/pgfcoreobjects.code.tex
File: pgfcoreobjects.code.tex 2006/10/11  (rcs-revision 1.2)
)
(/usr/share/texmf/tex/generic/pgf/basiclayer/pgfcorepathprocessing.code.tex
File: pgfcorepathprocessing.code.tex 2008/10/09  (rcs-revision 1.8)
)
(/usr/share/texmf/tex/generic/pgf/basiclayer/pgfcorearrows.code.tex
File: pgfcorearrows.code.tex 2008/04/23  (rcs-revision 1.11)
)
(/usr/share/texmf/tex/generic/pgf/basiclayer/pgfcoreshade.code.tex
File: pgfcoreshade.code.tex 2008/11/23  (rcs-revision 1.13)
\pgf@max=\dimen178
\pgf@sys@shading@range@num=\count131
)
(/usr/share/texmf/tex/generic/pgf/basiclayer/pgfcoreimage.code.tex
File: pgfcoreimage.code.tex 2010/03/25  (rcs-revision 1.16)

(/usr/share/texmf/tex/generic/pgf/basiclayer/pgfcoreexternal.code.tex
File: pgfcoreexternal.code.tex 2010/09/01  (rcs-revision 1.17)
\pgfexternal@startupbox=\box42
))
(/usr/share/texmf/tex/generic/pgf/basiclayer/pgfcorelayers.code.tex
File: pgfcorelayers.code.tex 2010/08/27  (rcs-revision 1.2)
)
(/usr/share/texmf/tex/generic/pgf/basiclayer/pgfcoretransparency.code.tex
File: pgfcoretransparency.code.tex 2008/01/17  (rcs-revision 1.2)
)
(/usr/share/texmf/tex/generic/pgf/basiclayer/pgfcorepatterns.code.tex
File: pgfcorepatterns.code.tex 2009/07/02  (rcs-revision 1.3)
)))
(/usr/share/texmf/tex/generic/pgf/modules/pgfmoduleshapes.code.tex
File: pgfmoduleshapes.code.tex 2010/09/09  (rcs-revision 1.13)
\pgfnodeparttextbox=\box43
)
(/usr/share/texmf/tex/generic/pgf/modules/pgfmoduleplot.code.tex
File: pgfmoduleplot.code.tex 2010/10/22  (rcs-revision 1.8)
)
(/usr/share/texmf/tex/latex/pgf/compatibility/pgfcomp-version-0-65.sty
Package: pgfcomp-version-0-65 2007/07/03 v2.10 (rcs-revision 1.7)
\pgf@nodesepstart=\dimen179
\pgf@nodesepend=\dimen180
)
(/usr/share/texmf/tex/latex/pgf/compatibility/pgfcomp-version-1-18.sty
Package: pgfcomp-version-1-18 2007/07/23 v2.10 (rcs-revision 1.1)
))
(/usr/share/texmf/tex/latex/pgf/utilities/pgffor.sty
(/usr/share/texmf/tex/latex/pgf/utilities/pgfkeys.sty
(/usr/share/texmf/tex/generic/pgf/utilities/pgfkeys.code.tex))
(/usr/share/texmf/tex/generic/pgf/utilities/pgffor.code.tex
Package: pgffor 2010/03/23 v2.10 (rcs-revision 1.18)
\pgffor@iter=\dimen181
\pgffor@skip=\dimen182
\pgffor@stack=\toks32
\pgffor@toks=\toks33
))
(/usr/share/texmf/tex/generic/pgf/frontendlayer/tikz/tikz.code.tex
Package: tikz 2010/10/13 v2.10 (rcs-revision 1.76)

(/usr/share/texmf/tex/generic/pgf/libraries/pgflibraryplothandlers.code.tex
File: pgflibraryplothandlers.code.tex 2010/05/31 v2.10 (rcs-revision 1.15)
\pgf@plot@mark@count=\count132
\pgfplotmarksize=\dimen183
)
\tikz@lastx=\dimen184
\tikz@lasty=\dimen185
\tikz@lastxsaved=\dimen186
\tikz@lastysaved=\dimen187
\tikzleveldistance=\dimen188
\tikzsiblingdistance=\dimen189
\tikz@figbox=\box44
\tikz@tempbox=\box45
\tikztreelevel=\count133
\tikznumberofchildren=\count134
\tikznumberofcurrentchild=\count135
\tikz@fig@count=\count136

(/usr/share/texmf/tex/generic/pgf/modules/pgfmodulematrix.code.tex
File: pgfmodulematrix.code.tex 2010/08/24  (rcs-revision 1.4)
\pgfmatrixcurrentrow=\count137
\pgfmatrixcurrentcolumn=\count138
\pgf@matrix@numberofcolumns=\count139
)
\tikz@expandcount=\count140

(/usr/share/texmf/tex/generic/pgf/frontendlayer/tikz/libraries/tikzlibrarytopat
hs.code.tex
File: tikzlibrarytopaths.code.tex 2008/06/17 v2.10 (rcs-revision 1.2)
)))
(/usr/share/texmf/tex/generic/pgf/frontendlayer/tikz/libraries/tikzlibraryposit
ioning.code.tex
File: tikzlibrarypositioning.code.tex 2008/10/06 v2.10 (rcs-revision 1.7)
) (/usr/share/texlive/texmf-dist/tex/latex/tools/calc.sty
Package: calc 2007/08/22 v4.3 Infix arithmetic (KKT,FJ)
\calc@Acount=\count141
\calc@Bcount=\count142
\calc@Adimen=\dimen190
\calc@Bdimen=\dimen191
\calc@Askip=\skip59
\calc@Bskip=\skip60
LaTeX Info: Redefining \setlength on input line 76.
LaTeX Info: Redefining \addtolength on input line 77.
\calc@Ccount=\count143
\calc@Cskip=\skip61
)
\c@@todonotes@numberoftodonotes=\count144
))
\@indexfile=\write4
\openout4 = `thesis.idx'.


Writing index file thesis.idx
(./thesis.aux

LaTeX Warning: Label `eq:idfbm25' multiply defined.


LaTeX Warning: Label `eq:multinomial' multiply defined.


LaTeX Warning: Label `eq:score' multiply defined.


LaTeX Warning: Label `eq:score' multiply defined.


LaTeX Warning: Label `eq:score' multiply defined.


Package natbib Warning: Citation `mona2015termselection' multiply defined.

)
\openout1 = `thesis.aux'.

LaTeX Font Info:    Checking defaults for OML/cmm/m/it on input line 89.
LaTeX Font Info:    ... okay on input line 89.
LaTeX Font Info:    Checking defaults for T1/cmr/m/n on input line 89.
LaTeX Font Info:    ... okay on input line 89.
LaTeX Font Info:    Checking defaults for OT1/cmr/m/n on input line 89.
LaTeX Font Info:    ... okay on input line 89.
LaTeX Font Info:    Checking defaults for OMS/cmsy/m/n on input line 89.
LaTeX Font Info:    ... okay on input line 89.
LaTeX Font Info:    Checking defaults for OMX/cmex/m/n on input line 89.
LaTeX Font Info:    ... okay on input line 89.
LaTeX Font Info:    Checking defaults for U/cmr/m/n on input line 89.
LaTeX Font Info:    ... okay on input line 89.
LaTeX Font Info:    Checking defaults for PD1/pdf/m/n on input line 89.
LaTeX Font Info:    ... okay on input line 89.
LaTeX Font Info:    Try loading font information for T1+pplx on input line 89.
 (/usr/share/texlive/texmf-dist/tex/latex/psnfss/t1pplx.fd
File: t1pplx.fd 2004/09/06 font definitions for T1/pplx.
)
\AtBeginShipoutBox=\box46
Package backref Info: ** backref set up for natbib ** on input line 89.
Package hyperref Info: Link coloring OFF on input line 89.

(/usr/share/texlive/texmf-dist/tex/latex/hyperref/nameref.sty
Package: nameref 2012/10/27 v2.43 Cross-referencing by name of section

(/usr/share/texlive/texmf-dist/tex/generic/oberdiek/gettitlestring.sty
Package: gettitlestring 2010/12/03 v1.4 Cleanup title references (HO)
)
\c@section@level=\count145
)
LaTeX Info: Redefining \ref on input line 89.
LaTeX Info: Redefining \pageref on input line 89.
LaTeX Info: Redefining \nameref on input line 89.

(./thesis.out) (./thesis.out)
\@outlinefile=\write5
\openout5 = `thesis.out'.

\big@size=\dimen192

(/usr/share/texlive/texmf-dist/tex/context/base/supp-pdf.mkii
[Loading MPS to PDF converter (version 2006.09.02).]
\scratchcounter=\count146
\scratchdimen=\dimen193
\scratchbox=\box47
\nofMPsegments=\count147
\nofMParguments=\count148
\everyMPshowfont=\toks34
\MPscratchCnt=\count149
\MPscratchDim=\dimen194
\MPnumerator=\count150
\makeMPintoPDFobject=\count151
\everyMPtoPDFconversion=\toks35
) (/usr/share/texlive/texmf-dist/tex/latex/oberdiek/epstopdf-base.sty
Package: epstopdf-base 2010/02/09 v2.5 Base part for package epstopdf

(/usr/share/texlive/texmf-dist/tex/latex/oberdiek/grfext.sty
Package: grfext 2010/08/19 v1.1 Manage graphics extensions (HO)
)
Package grfext Info: Graphics extension search list:
(grfext)             [.png,.pdf,.jpg,.mps,.jpeg,.jbig2,.jb2,.PNG,.PDF,.JPG,.JPE
G,.JBIG2,.JB2,.eps]
(grfext)             \AppendGraphicsExtensions on input line 452.

(/usr/share/texlive/texmf-dist/tex/latex/latexconfig/epstopdf-sys.cfg
File: epstopdf-sys.cfg 2010/07/13 v1.3 Configuration of (r)epstopdf for TeX Liv
e
))
Package caption Info: Begin \AtBeginDocument code.
Package caption Info: listings package is loaded.
Package caption Info: subfigure package is loaded.
Package caption Info: End \AtBeginDocument code.
\c@lstlisting=\count152

ABD: EveryShipout initializing macros (./titlepage.tex
LaTeX Font Info:    Font shape `T1/pplx/bx/n' in size <24.88> not available
(Font)              Font shape `T1/pplx/b/n' tried instead on input line 9.
LaTeX Font Info:    Font shape `T1/pplx/bx/n' in size <20.74> not available
(Font)              Font shape `T1/pplx/b/n' tried instead on input line 11.
LaTeX Font Info:    Font shape `T1/pplx/bx/n' in size <10> not available
(Font)              Font shape `T1/pplx/b/n' tried instead on input line 11.
 [1


{/var/lib/texmf/fonts/map/pdftex/updmap/pdftex.map}]) (./frontmatter.tex
LaTeX Font Info:    Try loading font information for OMS+pplx on input line 4.
LaTeX Font Info:    No file OMSpplx.fd. on input line 4.


LaTeX Font Warning: Font shape `OMS/pplx/m/n' undefined
(Font)              using `OMS/cmsy/m/n' instead on input line 4.

[2]) [3] [4

] (./declaration.tex
LaTeX Font Info:    Font shape `T1/pplx/bx/n' in size <10.95> not available
(Font)              Font shape `T1/pplx/b/n' tried instead on input line 7.
)
LaTeX Font Info:    Try loading font information for T1+pplj on input line 109.


(/usr/share/texlive/texmf-dist/tex/latex/psnfss/t1pplj.fd
File: t1pplj.fd 2004/09/06 font definitions for T1/pplj.
)
LaTeX Font Info:    Font shape `T1/pplj/bx/n' in size <10.95> not available
(Font)              Font shape `T1/pplj/b/n' tried instead on input line 109.
 [5

] [6

]
(./dedication.tex) [7] [8

] (./ack.tex
LaTeX Font Info:    Try loading font information for OT1+pplx on input line 8.

(/usr/share/texlive/texmf-dist/tex/latex/psnfss/ot1pplx.fd
File: ot1pplx.fd 2004/09/06 font definitions for OT1/pplx.
)
LaTeX Font Info:    Try loading font information for OML+zplm on input line 8.

(/usr/share/texlive/texmf-dist/tex/latex/psnfss/omlzplm.fd
File: omlzplm.fd 2002/09/08 Fontinst v1.914 font definitions for OML/zplm.
)
LaTeX Font Info:    Try loading font information for OMS+zplm on input line 8.

(/usr/share/texlive/texmf-dist/tex/latex/psnfss/omszplm.fd
File: omszplm.fd 2002/09/08 Fontinst v1.914 font definitions for OMS/zplm.
)
LaTeX Font Info:    Try loading font information for OMX+zplm on input line 8.

(/usr/share/texlive/texmf-dist/tex/latex/psnfss/omxzplm.fd
File: omxzplm.fd 2002/09/08 Fontinst v1.914 font definitions for OMX/zplm.
)
LaTeX Font Info:    Try loading font information for OT1+zplm on input line 8.

(/usr/share/texlive/texmf-dist/tex/latex/psnfss/ot1zplm.fd
File: ot1zplm.fd 2002/09/08 Fontinst v1.914 font definitions for OT1/zplm.
)) [9

] [10

]
(./abstract.tex) [11

]
LaTeX Font Info:    Font shape `T1/pplx/m/sl' in size <10.95> not available
(Font)              Font shape `T1/pplx/m/it' tried instead on input line 127.
 [12

] (./thesis.toc [13

] [14])
\tf@toc=\write6
\openout6 = `thesis.toc'.

 [15] [16

] (./thesis.lof
Overfull \hbox (3.70901pt too wide) in paragraph at lines 5--5
 [][] [][]\T1/pplx/m/n/10.95 An ex-am-ple il-lus-trat-ing the main com-po-nents
 of an In-ter-na-tional Patent 
 []

[17]
Overfull \hbox (1.7234pt too wide) in paragraph at lines 57--57
 [][] [][]\T1/pplx/m/n/10.95 Anecdotal ex-am-ple for sim-ple query re-duc-tion 
ap-proaches. Blue points 
 []

)
\tf@lof=\write7
\openout7 = `thesis.lof'.

 [18] (./thesis.lot)
\tf@lot=\write8
\openout8 = `thesis.lot'.

 [19

] [20

] (./intro.tex
Chapter 1.
LaTeX Font Info:    Font shape `T1/pplx/bx/n' in size <12> not available
(Font)              Font shape `T1/pplx/b/n' tried instead on input line 1.
LaTeX Font Info:    Font shape `T1/pplj/bx/n' in size <12> not available
(Font)              Font shape `T1/pplj/b/n' tried instead on input line 1.
<figs/webprior.jpg, id=616, 853.68938pt x 208.52907pt>
File: figs/webprior.jpg Graphic file (type jpg)
 <use figs/webprior.jpg>
Package pdftex.def Info: figs/webprior.jpg used on input line 39.
(pdftex.def)             Requested size: 411.43361pt x 99.58688pt.
LaTeX Font Info:    Font shape `T1/pplx/bx/n' in size <14.4> not available
(Font)              Font shape `T1/pplx/b/n' tried instead on input line 46.
LaTeX Font Info:    Font shape `T1/pplj/bx/n' in size <14.4> not available
(Font)              Font shape `T1/pplj/b/n' tried instead on input line 46.

Overfull \hbox (5.01755pt too wide) in paragraph at lines 67--75
[]\T1/pplx/m/n/10.95 Another im-por-tant char-ac-ter-is-tic of patent prior art
 search is be-ing a recall-oriented
 []

[1

 <./figs/webprior.jpg>]
Underfull \vbox (badness 10000) has occurred while \output is active []

 [2])
(./background.tex [3] [4

]
Chapter 2.
(/usr/share/texlive/texmf-dist/tex/latex/listings/lstlang1.sty
File: lstlang1.sty 2013/06/27 1.5pre1 listings language file
)
(/usr/share/texlive/texmf-dist/tex/latex/listings/lstmisc.sty
File: lstmisc.sty 2013/07/10 1.5 (Carsten Heinz)
)
LaTeX Font Info:    Try loading font information for T1+pcr on input line 20.

(/usr/share/texlive/texmf-dist/tex/latex/psnfss/t1pcr.fd
File: t1pcr.fd 2001/06/04 font definitions for T1/pcr.
)
LaTeX Font Info:    Font shape `T1/pcr/bx/n' in size <9> not available
(Font)              Font shape `T1/pcr/b/n' tried instead on input line 21.


LaTeX Warning: Float too large for page by 33.6261pt on input line 78.


Package hyperref Warning: Difference (3) between bookmark levels is greater 
(hyperref)                than one, level fixed on input line 82.


Package hyperref Warning: Difference (2) between bookmark levels is greater 
(hyperref)                than one, level fixed on input line 86.

[5] [6]
Underfull \hbox (badness 10000) in paragraph at lines 103--119

 []

<figs/IPCexample.jpg, id=737, 312.41719pt x 117.43875pt>
File: figs/IPCexample.jpg Graphic file (type jpg)

<use figs/IPCexample.jpg>
Package pdftex.def Info: figs/IPCexample.jpg used on input line 142.
(pdftex.def)             Requested size: 246.86406pt x 85.35861pt.
 [7]
<figs/generalIR.jpg, id=746, 718.18312pt x 415.5525pt>
File: figs/generalIR.jpg Graphic file (type jpg)

<use figs/generalIR.jpg>
Package pdftex.def Info: figs/generalIR.jpg used on input line 166.
(pdftex.def)             Requested size: 246.85292pt x 142.26247pt.
 [8 <./figs/IPCexample.jpg>]
(./background/ret-models.tex

Package hyperref Warning: Difference (2) between bookmark levels is greater 
(hyperref)                than one, level fixed on input line 7.

<figs/vsm-matrix.jpg, id=753, 788.19469pt x 390.70969pt>
File: figs/vsm-matrix.jpg Graphic file (type jpg)

<use figs/vsm-matrix.jpg>
Package pdftex.def Info: figs/vsm-matrix.jpg used on input line 12.
(pdftex.def)             Requested size: 185.14159pt x 99.58493pt.
 [9 <./figs/generalIR.jpg> <./figs/vsm-matrix.jpg>]
Underfull \hbox (badness 10000) in paragraph at lines 37--41

 []

(./background/LM.tex
Underfull \vbox (badness 2435) has occurred while \output is active []

 [10]
Underfull \hbox (badness 10000) in paragraph at lines 12--15

 []


Underfull \hbox (badness 10000) in paragraph at lines 18--22

 []

))
Underfull \vbox (badness 3323) has occurred while \output is active []

 [11]
(./background/retrievability.tex

Package hyperref Warning: Difference (2) between bookmark levels is greater 
(hyperref)                than one, level fixed on input line 11.

[12]) (./background/query_exp.tex

Package hyperref Warning: Difference (2) between bookmark levels is greater 
(hyperref)                than one, level fixed on input line 3.

<figs/rocchio.jpg, id=812, 741.52031pt x 406.51875pt>
File: figs/rocchio.jpg Graphic file (type jpg)
 <use figs/rocchio.jpg>
Package pdftex.def Info: figs/rocchio.jpg used on input line 10.
(pdftex.def)             Requested size: 267.42232pt x 142.25887pt.

Underfull \hbox (badness 10000) in paragraph at lines 3--14

 []

[13]
Underfull \hbox (badness 10000) in paragraph at lines 21--30

 []

) [14 <./figs/rocchio.jpg>] (./background/query_reduc.tex)
(./background/metrics.tex (./table/contingency.tex
LaTeX Font Info:    Try loading font information for T1+uop on input line 4.
LaTeX Font Info:    No file T1uop.fd. on input line 4.


LaTeX Font Warning: Font shape `T1/uop/m/n' undefined
(Font)              using `T1/cmr/m/n' instead on input line 4.

)
Underfull \hbox (badness 10000) in paragraph at lines 1--12

 []

[15]

Package hyperref Warning: Difference (2) between bookmark levels is greater 
(hyperref)                than one, level fixed on input line 14.

[16]) (./background/retrievability-p.tex)
Overfull \hbox (9.96133pt too wide) in paragraph at lines 8--198
\T1/pplx/m/n/10.95 (i.e., when there is the least in-equal-ity be-tween doc-u-m
ents ac-cord-ing to Gini-Coefficient
 []

(./background/query_formul-p.tex
Underfull \vbox (badness 2680) has occurred while \output is active []

 [17]

Package hyperref Warning: Difference (2) between bookmark levels is greater 
(hyperref)                than one, level fixed on input line 5.

(./background/term_select.tex
Underfull \hbox (badness 10000) in paragraph at lines 5--6

 []


Underfull \hbox (badness 10000) in paragraph at lines 19--27

 []

[18])) [19] (./background/query-exp-p.tex

Package hyperref Warning: Difference (2) between bookmark levels is greater 
(hyperref)                than one, level fixed on input line 3.

[20]) (./background/query-reduc-p.tex [21]) (./background/metadata.tex

Package hyperref Warning: Difference (2) between bookmark levels is greater 
(hyperref)                than one, level fixed on input line 3.

[22]
Overfull \hbox (1.63936pt too wide) in paragraph at lines 14--20
\T1/pplx/m/n/10.95 Patents are clas-si-fied by the patent of-fices into large h
i-er-ar-chi-cal clas-si-fi-ca-tion schemes
 []

) (./background/multilinguality.tex [23]) (./background/metrics-p.tex
<figs/pres.jpg, id=1110, 963.6pt x 325.215pt>
File: figs/pres.jpg Graphic file (type jpg)
 <use figs/pres.jpg>
Package pdftex.def Info: figs/pres.jpg used on input line 12.
(pdftex.def)             Requested size: 481.79883pt x 162.6071pt.

Overfull \hbox (70.37196pt too wide) in paragraph at lines 12--13
 [][] 
 []


Underfull \hbox (badness 10000) in paragraph at lines 1--16

 []

[24])) [25 <./figs/pres.jpg>] [26

]
Chapter 3.
(./baseline.tex (./baseline/settings.tex (./table/IRmodels_Sections.tex
Overfull \hbox (11.10098pt too wide) in paragraph at lines 4--22
 [] 
 []

) [27]) (./baseline/collection.tex
Underfull \vbox (badness 10000) has occurred while \output is active []

 [28]
Package epstopdf Info: Source file: <figs/lang1.eps>
(epstopdf)                    date: 2015-05-05 17:09:52
(epstopdf)                    size: 74185 bytes
(epstopdf)             Output file: <figs/lang1-eps-converted-to.pdf>
(epstopdf)                    date: 2015-05-05 17:11:03
(epstopdf)                    size: 11494 bytes
(epstopdf)             Command: <repstopdf --outfile=figs/lang1-eps-converted-t
o.pdf figs/lang1.eps>
(epstopdf)             \includegraphics on input line 18.
Package epstopdf Info: Output file is already uptodate.

<figs/lang1-eps-converted-to.pdf, id=1179, 562.1pt x 421.575pt>
File: figs/lang1-eps-converted-to.pdf Graphic file (type pdf)

<use figs/lang1-eps-converted-to.pdf>
Package pdftex.def Info: figs/lang1-eps-converted-to.pdf used on input line 18.

(pdftex.def)             Requested size: 227.62204pt x 170.71764pt.
Package epstopdf Info: Source file: <figs/lang2.eps>
(epstopdf)                    date: 2015-05-05 17:09:54
(epstopdf)                    size: 76494 bytes
(epstopdf)             Output file: <figs/lang2-eps-converted-to.pdf>
(epstopdf)                    date: 2015-05-05 17:11:03
(epstopdf)                    size: 12512 bytes
(epstopdf)             Command: <repstopdf --outfile=figs/lang2-eps-converted-t
o.pdf figs/lang2.eps>
(epstopdf)             \includegraphics on input line 18.
Package epstopdf Info: Output file is already uptodate.

<figs/lang2-eps-converted-to.pdf, id=1180, 562.1pt x 421.575pt>
File: figs/lang2-eps-converted-to.pdf Graphic file (type pdf)

<use figs/lang2-eps-converted-to.pdf>
Package pdftex.def Info: figs/lang2-eps-converted-to.pdf used on input line 18.

(pdftex.def)             Requested size: 227.62204pt x 170.71764pt.

Overfull \hbox (43.81721pt too wide) in paragraph at lines 18--19
 [][][][] 
 []

) [29] (./baseline/datacuration.tex
Package epstopdf Info: Source file: <figs/analyseFNs100.eps>
(epstopdf)                    date: 2015-05-06 13:40:57
(epstopdf)                    size: 73988 bytes
(epstopdf)             Output file: <figs/analyseFNs100-eps-converted-to.pdf>
(epstopdf)                    date: 2015-05-06 13:41:47
(epstopdf)                    size: 11988 bytes
(epstopdf)             Command: <repstopdf --outfile=figs/analyseFNs100-eps-con
verted-to.pdf figs/analyseFNs100.eps>
(epstopdf)             \includegraphics on input line 12.
Package epstopdf Info: Output file is already uptodate.

<figs/analyseFNs100-eps-converted-to.pdf, id=1194, 562.1pt x 421.575pt>
File: figs/analyseFNs100-eps-converted-to.pdf Graphic file (type pdf)

<use figs/analyseFNs100-eps-converted-to.pdf>
Package pdftex.def Info: figs/analyseFNs100-eps-converted-to.pdf used on input 
line 12.
(pdftex.def)             Requested size: 184.9429pt x 138.70204pt.
Package epstopdf Info: Source file: <figs/analyseFNs1000.eps>
(epstopdf)                    date: 2015-05-06 13:41:00
(epstopdf)                    size: 74685 bytes
(epstopdf)             Output file: <figs/analyseFNs1000-eps-converted-to.pdf>
(epstopdf)                    date: 2015-05-07 10:12:59
(epstopdf)                    size: 12250 bytes
(epstopdf)             Command: <repstopdf --outfile=figs/analyseFNs1000-eps-co
nverted-to.pdf figs/analyseFNs1000.eps>
(epstopdf)             \includegraphics on input line 13.
Package epstopdf Info: Output file is already uptodate.

<figs/analyseFNs1000-eps-converted-to.pdf, id=1195, 562.1pt x 421.575pt>
File: figs/analyseFNs1000-eps-converted-to.pdf Graphic file (type pdf)

<use figs/analyseFNs1000-eps-converted-to.pdf>
Package pdftex.def Info: figs/analyseFNs1000-eps-converted-to.pdf used on input
 line 13.
(pdftex.def)             Requested size: 184.9429pt x 138.70204pt.
 [30 <./figs/lang1-eps-converted-to.pdf> <./figs/lang2-eps-converted-to.pdf>]) 
(./baseline/ipcmismatch.tex

Package hyperref Warning: Difference (2) between bookmark levels is greater 
(hyperref)                than one, level fixed on input line 37.

Package epstopdf Info: Source file: <figs/ipcOverlap-FNs.eps>
(epstopdf)                    date: 2015-05-06 16:19:05
(epstopdf)                    size: 74167 bytes
(epstopdf)             Output file: <figs/ipcOverlap-FNs-eps-converted-to.pdf>
(epstopdf)                    date: 2015-05-06 16:21:19
(epstopdf)                    size: 11882 bytes
(epstopdf)             Command: <repstopdf --outfile=figs/ipcOverlap-FNs-eps-co
nverted-to.pdf figs/ipcOverlap-FNs.eps>
(epstopdf)             \includegraphics on input line 53.
Package epstopdf Info: Output file is already uptodate.
<figs/ipcOverlap-FNs-eps-converted-to.pdf, id=1227, 562.1pt x 421.575pt>
File: figs/ipcOverlap-FNs-eps-converted-to.pdf Graphic file (type pdf)

<use figs/ipcOverlap-FNs-eps-converted-to.pdf>
Package pdftex.def Info: figs/ipcOverlap-FNs-eps-converted-to.pdf used on input
 line 53.
(pdftex.def)             Requested size: 184.9429pt x 138.70204pt.
Package epstopdf Info: Source file: <figs/ipcOverlap-TPs.eps>
(epstopdf)                    date: 2015-05-06 16:19:07
(epstopdf)                    size: 72686 bytes
(epstopdf)             Output file: <figs/ipcOverlap-TPs-eps-converted-to.pdf>
(epstopdf)                    date: 2015-05-06 16:21:20
(epstopdf)                    size: 11716 bytes
(epstopdf)             Command: <repstopdf --outfile=figs/ipcOverlap-TPs-eps-co
nverted-to.pdf figs/ipcOverlap-TPs.eps>
(epstopdf)             \includegraphics on input line 54.
Package epstopdf Info: Output file is already uptodate.

<figs/ipcOverlap-TPs-eps-converted-to.pdf, id=1228, 562.1pt x 421.575pt>
File: figs/ipcOverlap-TPs-eps-converted-to.pdf Graphic file (type pdf)

<use figs/ipcOverlap-TPs-eps-converted-to.pdf>
Package pdftex.def Info: figs/ipcOverlap-TPs-eps-converted-to.pdf used on input
 line 54.
(pdftex.def)             Requested size: 184.9429pt x 138.70204pt.
 [31 <./figs/analyseFNs100-eps-converted-to.pdf> <./figs/analyseFNs1000-eps-con
verted-to.pdf>]
Package epstopdf Info: Source file: <figs/filter1.eps>
(epstopdf)                    date: 2015-04-24 12:40:49
(epstopdf)                    size: 80753 bytes
(epstopdf)             Output file: <figs/filter1-eps-converted-to.pdf>
(epstopdf)                    date: 2015-04-24 12:41:49
(epstopdf)                    size: 7519 bytes
(epstopdf)             Command: <repstopdf --outfile=figs/filter1-eps-converted
-to.pdf figs/filter1.eps>
(epstopdf)             \includegraphics on input line 81.
Package epstopdf Info: Output file is already uptodate.

<figs/filter1-eps-converted-to.pdf, id=1251, 735.74875pt x 421.575pt>
File: figs/filter1-eps-converted-to.pdf Graphic file (type pdf)

<use figs/filter1-eps-converted-to.pdf>
Package pdftex.def Info: figs/filter1-eps-converted-to.pdf used on input line 8
1.
(pdftex.def)             Requested size: 288.00739pt x 156.48848pt.
 [32 <./figs/ipcOverlap-FNs-eps-converted-to.pdf> <./figs/ipcOverlap-TPs-eps-co
nverted-to.pdf>]
Package epstopdf Info: Source file: <figs/filter2_pie.eps>
(epstopdf)                    date: 2015-05-06 19:56:16
(epstopdf)                    size: 74180 bytes
(epstopdf)             Output file: <figs/filter2_pie-eps-converted-to.pdf>
(epstopdf)                    date: 2015-05-06 19:57:59
(epstopdf)                    size: 11688 bytes
(epstopdf)             Command: <repstopdf --outfile=figs/filter2_pie-eps-conve
rted-to.pdf figs/filter2_pie.eps>
(epstopdf)             \includegraphics on input line 111.
Package epstopdf Info: Output file is already uptodate.

<figs/filter2_pie-eps-converted-to.pdf, id=1280, 562.1pt x 421.575pt>
File: figs/filter2_pie-eps-converted-to.pdf Graphic file (type pdf)

<use figs/filter2_pie-eps-converted-to.pdf>
Package pdftex.def Info: figs/filter2_pie-eps-converted-to.pdf used on input li
ne 111.
(pdftex.def)             Requested size: 213.39436pt x 170.71764pt.
Package epstopdf Info: Source file: <figs/filter2.eps>
(epstopdf)                    date: 2015-04-24 12:40:52
(epstopdf)                    size: 80964 bytes
(epstopdf)             Output file: <figs/filter2-eps-converted-to.pdf>
(epstopdf)                    date: 2015-04-24 12:41:50
(epstopdf)                    size: 7556 bytes
(epstopdf)             Command: <repstopdf --outfile=figs/filter2-eps-converted
-to.pdf figs/filter2.eps>
(epstopdf)             \includegraphics on input line 114.
Package epstopdf Info: Output file is already uptodate.

<figs/filter2-eps-converted-to.pdf, id=1281, 734.745pt x 421.575pt>
File: figs/filter2-eps-converted-to.pdf Graphic file (type pdf)

<use figs/filter2-eps-converted-to.pdf>
Package pdftex.def Info: figs/filter2-eps-converted-to.pdf used on input line 1
14.
(pdftex.def)             Requested size: 270.30423pt x 170.71764pt.
Package epstopdf Info: Source file: <figs/filter3_pie.eps>
(epstopdf)                    date: 2015-05-06 19:55:30
(epstopdf)                    size: 74873 bytes
(epstopdf)             Output file: <figs/filter3_pie-eps-converted-to.pdf>
(epstopdf)                    date: 2015-05-06 19:58:00
(epstopdf)                    size: 11871 bytes
(epstopdf)             Command: <repstopdf --outfile=figs/filter3_pie-eps-conve
rted-to.pdf figs/filter3_pie.eps>
(epstopdf)             \includegraphics on input line 160.
Package epstopdf Info: Output file is already uptodate.

<figs/filter3_pie-eps-converted-to.pdf, id=1282, 562.1pt x 421.575pt>
File: figs/filter3_pie-eps-converted-to.pdf Graphic file (type pdf)

<use figs/filter3_pie-eps-converted-to.pdf>
Package pdftex.def Info: figs/filter3_pie-eps-converted-to.pdf used on input li
ne 160.
(pdftex.def)             Requested size: 213.39436pt x 170.71764pt.
Package epstopdf Info: Source file: <figs/filter3.eps>
(epstopdf)                    date: 2015-04-24 12:40:54
(epstopdf)                    size: 80340 bytes
(epstopdf)             Output file: <figs/filter3-eps-converted-to.pdf>
(epstopdf)                    date: 2015-04-24 12:41:51
(epstopdf)                    size: 7718 bytes
(epstopdf)             Command: <repstopdf --outfile=figs/filter3-eps-converted
-to.pdf figs/filter3.eps>
(epstopdf)             \includegraphics on input line 163.
Package epstopdf Info: Output file is already uptodate.

<figs/filter3-eps-converted-to.pdf, id=1283, 732.7375pt x 421.575pt>
File: figs/filter3-eps-converted-to.pdf Graphic file (type pdf)

<use figs/filter3-eps-converted-to.pdf>
Package pdftex.def Info: figs/filter3-eps-converted-to.pdf used on input line 1
63.
(pdftex.def)             Requested size: 270.30362pt x 170.71764pt.
 [33 <./figs/filter1-eps-converted-to.pdf>]) (./baseline/newevaluate.tex (./tab
le/newevaluate.tex)
Underfull \hbox (badness 10000) in paragraph at lines 196--14

 []


Underfull \vbox (badness 7777) has occurred while \output is active []

 [34 <./figs/filter2_pie-eps-converted-to.pdf> <./figs/filter2-eps-converted-to
.pdf>]
Underfull \vbox (badness 5022) has occurred while \output is active []

 [35 <./figs/filter3_pie-eps-converted-to.pdf> <./figs/filter3-eps-converted-to
.pdf>]))
(./termanalysis.tex [36]
Chapter 4.
[37

]
Package epstopdf Info: Source file: <figs/to-tps.eps>
(epstopdf)                    date: 2015-03-06 20:45:03
(epstopdf)                    size: 16154 bytes
(epstopdf)             Output file: <figs/to-tps-eps-converted-to.pdf>
(epstopdf)                    date: 2015-05-12 11:34:57
(epstopdf)                    size: 6868 bytes
(epstopdf)             Command: <repstopdf --outfile=figs/to-tps-eps-converted-
to.pdf figs/to-tps.eps>
(epstopdf)             \includegraphics on input line 40.
Package epstopdf Info: Output file is already uptodate.
 <figs/to-tps-eps-converted-to.pdf, id=1362, 562.1pt x 421.575pt>
File: figs/to-tps-eps-converted-to.pdf Graphic file (type pdf)

<use figs/to-tps-eps-converted-to.pdf>
Package pdftex.def Info: figs/to-tps-eps-converted-to.pdf used on input line 40
.
(pdftex.def)             Requested size: 142.26378pt x 106.69289pt.
Package epstopdf Info: Source file: <figs/to-fps.eps>
(epstopdf)                    date: 2015-03-06 20:45:02
(epstopdf)                    size: 16731 bytes
(epstopdf)             Output file: <figs/to-fps-eps-converted-to.pdf>
(epstopdf)                    date: 2015-05-12 11:34:58
(epstopdf)                    size: 6928 bytes
(epstopdf)             Command: <repstopdf --outfile=figs/to-fps-eps-converted-
to.pdf figs/to-fps.eps>
(epstopdf)             \includegraphics on input line 40.
Package epstopdf Info: Output file is already uptodate.

<figs/to-fps-eps-converted-to.pdf, id=1363, 562.1pt x 421.575pt>
File: figs/to-fps-eps-converted-to.pdf Graphic file (type pdf)

<use figs/to-fps-eps-converted-to.pdf>
Package pdftex.def Info: figs/to-fps-eps-converted-to.pdf used on input line 40
.
(pdftex.def)             Requested size: 142.26378pt x 106.69289pt.
Package epstopdf Info: Source file: <figs/to-fns.eps>
(epstopdf)                    date: 2015-03-06 20:45:03
(epstopdf)                    size: 16427 bytes
(epstopdf)             Output file: <figs/to-fns-eps-converted-to.pdf>
(epstopdf)                    date: 2015-05-12 11:34:59
(epstopdf)                    size: 6827 bytes
(epstopdf)             Command: <repstopdf --outfile=figs/to-fns-eps-converted-
to.pdf figs/to-fns.eps>
(epstopdf)             \includegraphics on input line 40.
Package epstopdf Info: Output file is already uptodate.

<figs/to-fns-eps-converted-to.pdf, id=1364, 562.1pt x 421.575pt>
File: figs/to-fns-eps-converted-to.pdf Graphic file (type pdf)

<use figs/to-fns-eps-converted-to.pdf>
Package pdftex.def Info: figs/to-fns-eps-converted-to.pdf used on input line 40
.
(pdftex.def)             Requested size: 142.26378pt x 106.69289pt.

Overfull \hbox (15.36447pt too wide) in paragraph at lines 40--41
 [][][][][][] 
 []

[38 <./figs/to-tps-eps-converted-to.pdf> <./figs/to-fps-eps-converted-to.pdf> <
./figs/to-fns-eps-converted-to.pdf>]
Package epstopdf Info: Source file: <figs/greaterthan0-r.eps>
(epstopdf)                    date: 2015-04-07 10:42:56
(epstopdf)                    size: 282968 bytes
(epstopdf)             Output file: <figs/greaterthan0-r-eps-converted-to.pdf>
(epstopdf)                    date: 2015-04-07 16:24:56
(epstopdf)                    size: 74431 bytes
(epstopdf)             Command: <repstopdf --outfile=figs/greaterthan0-r-eps-co
nverted-to.pdf figs/greaterthan0-r.eps>
(epstopdf)             \includegraphics on input line 81.
Package epstopdf Info: Output file is already uptodate.

<figs/greaterthan0-r-eps-converted-to.pdf, id=1392, 562.1pt x 421.575pt>
File: figs/greaterthan0-r-eps-converted-to.pdf Graphic file (type pdf)

<use figs/greaterthan0-r-eps-converted-to.pdf>
Package pdftex.def Info: figs/greaterthan0-r-eps-converted-to.pdf used on input
 line 81.
(pdftex.def)             Requested size: 142.26378pt x 106.69289pt.
Package epstopdf Info: Source file: <figs/greaterthanmedian-r.eps>
(epstopdf)                    date: 2015-04-07 10:42:56
(epstopdf)                    size: 281975 bytes
(epstopdf)             Output file: <figs/greaterthanmedian-r-eps-converted-to.
pdf>
(epstopdf)                    date: 2015-04-07 16:24:57
(epstopdf)                    size: 74040 bytes
(epstopdf)             Command: <repstopdf --outfile=figs/greaterthanmedian-r-e
ps-converted-to.pdf figs/greaterthanmedian-r.eps>
(epstopdf)             \includegraphics on input line 81.
Package epstopdf Info: Output file is already uptodate.

<figs/greaterthanmedian-r-eps-converted-to.pdf, id=1393, 562.1pt x 421.575pt>
File: figs/greaterthanmedian-r-eps-converted-to.pdf Graphic file (type pdf)

<use figs/greaterthanmedian-r-eps-converted-to.pdf>
Package pdftex.def Info: figs/greaterthanmedian-r-eps-converted-to.pdf used on 
input line 81.
(pdftex.def)             Requested size: 142.26378pt x 106.69289pt.
Package epstopdf Info: Source file: <figs/greaterthan1-r.eps>
(epstopdf)                    date: 2015-04-07 10:42:56
(epstopdf)                    size: 281608 bytes
(epstopdf)             Output file: <figs/greaterthan1-r-eps-converted-to.pdf>
(epstopdf)                    date: 2015-04-07 16:24:58
(epstopdf)                    size: 74098 bytes
(epstopdf)             Command: <repstopdf --outfile=figs/greaterthan1-r-eps-co
nverted-to.pdf figs/greaterthan1-r.eps>
(epstopdf)             \includegraphics on input line 81.
Package epstopdf Info: Output file is already uptodate.

<figs/greaterthan1-r-eps-converted-to.pdf, id=1394, 562.1pt x 421.575pt>
File: figs/greaterthan1-r-eps-converted-to.pdf Graphic file (type pdf)

<use figs/greaterthan1-r-eps-converted-to.pdf>
Package pdftex.def Info: figs/greaterthan1-r-eps-converted-to.pdf used on input
 line 81.
(pdftex.def)             Requested size: 142.26378pt x 106.69289pt.
Package epstopdf Info: Source file: <figs/top100-r.eps>
(epstopdf)                    date: 2015-04-07 10:42:56
(epstopdf)                    size: 279631 bytes
(epstopdf)             Output file: <figs/top100-r-eps-converted-to.pdf>
(epstopdf)                    date: 2015-05-12 11:34:59
(epstopdf)                    size: 60845 bytes
(epstopdf)             Command: <repstopdf --outfile=figs/top100-r-eps-converte
d-to.pdf figs/top100-r.eps>
(epstopdf)             \includegraphics on input line 81.
Package epstopdf Info: Output file is already uptodate.

<figs/top100-r-eps-converted-to.pdf, id=1395, 562.1pt x 421.575pt>
File: figs/top100-r-eps-converted-to.pdf Graphic file (type pdf)

<use figs/top100-r-eps-converted-to.pdf>
Package pdftex.def Info: figs/top100-r-eps-converted-to.pdf used on input line 
81.
(pdftex.def)             Requested size: 142.26378pt x 106.69289pt.
Package epstopdf Info: Source file: <figs/greaterthan5-r.eps>
(epstopdf)                    date: 2015-04-07 10:42:56
(epstopdf)                    size: 281045 bytes
(epstopdf)             Output file: <figs/greaterthan5-r-eps-converted-to.pdf>
(epstopdf)                    date: 2015-04-07 16:24:59
(epstopdf)                    size: 71290 bytes
(epstopdf)             Command: <repstopdf --outfile=figs/greaterthan5-r-eps-co
nverted-to.pdf figs/greaterthan5-r.eps>
(epstopdf)             \includegraphics on input line 81.
Package epstopdf Info: Output file is already uptodate.

<figs/greaterthan5-r-eps-converted-to.pdf, id=1396, 562.1pt x 421.575pt>
File: figs/greaterthan5-r-eps-converted-to.pdf Graphic file (type pdf)

<use figs/greaterthan5-r-eps-converted-to.pdf>
Package pdftex.def Info: figs/greaterthan5-r-eps-converted-to.pdf used on input
 line 81.
(pdftex.def)             Requested size: 142.26378pt x 106.69289pt.
Package epstopdf Info: Source file: <figs/greaterthan10-r.eps>
(epstopdf)                    date: 2015-04-07 10:42:56
(epstopdf)                    size: 280069 bytes
(epstopdf)             Output file: <figs/greaterthan10-r-eps-converted-to.pdf>

(epstopdf)                    date: 2015-04-07 16:25:00
(epstopdf)                    size: 65585 bytes
(epstopdf)             Command: <repstopdf --outfile=figs/greaterthan10-r-eps-c
onverted-to.pdf figs/greaterthan10-r.eps>
(epstopdf)             \includegraphics on input line 81.
Package epstopdf Info: Output file is already uptodate.

<figs/greaterthan10-r-eps-converted-to.pdf, id=1397, 562.1pt x 421.575pt>
File: figs/greaterthan10-r-eps-converted-to.pdf Graphic file (type pdf)

<use figs/greaterthan10-r-eps-converted-to.pdf>
Package pdftex.def Info: figs/greaterthan10-r-eps-converted-to.pdf used on inpu
t line 81.
(pdftex.def)             Requested size: 142.26378pt x 106.69289pt.
Package epstopdf Info: Source file: <figs/greaterthan0-p.eps>
(epstopdf)                    date: 2015-04-07 10:42:56
(epstopdf)                    size: 285241 bytes
(epstopdf)             Output file: <figs/greaterthan0-p-eps-converted-to.pdf>
(epstopdf)                    date: 2015-04-07 16:25:01
(epstopdf)                    size: 85085 bytes
(epstopdf)             Command: <repstopdf --outfile=figs/greaterthan0-p-eps-co
nverted-to.pdf figs/greaterthan0-p.eps>
(epstopdf)             \includegraphics on input line 91.
Package epstopdf Info: Output file is already uptodate.

<figs/greaterthan0-p-eps-converted-to.pdf, id=1398, 562.1pt x 421.575pt>
File: figs/greaterthan0-p-eps-converted-to.pdf Graphic file (type pdf)

<use figs/greaterthan0-p-eps-converted-to.pdf>
Package pdftex.def Info: figs/greaterthan0-p-eps-converted-to.pdf used on input
 line 91.
(pdftex.def)             Requested size: 142.26378pt x 106.69289pt.
Package epstopdf Info: Source file: <figs/greaterthammedian-p.eps>
(epstopdf)                    date: 2015-04-07 10:42:56
(epstopdf)                    size: 284609 bytes
(epstopdf)             Output file: <figs/greaterthammedian-p-eps-converted-to.
pdf>
(epstopdf)                    date: 2015-04-07 16:25:02
(epstopdf)                    size: 85168 bytes
(epstopdf)             Command: <repstopdf --outfile=figs/greaterthammedian-p-e
ps-converted-to.pdf figs/greaterthammedian-p.eps>
(epstopdf)             \includegraphics on input line 91.
Package epstopdf Info: Output file is already uptodate.

<figs/greaterthammedian-p-eps-converted-to.pdf, id=1399, 562.1pt x 421.575pt>
File: figs/greaterthammedian-p-eps-converted-to.pdf Graphic file (type pdf)

<use figs/greaterthammedian-p-eps-converted-to.pdf>
Package pdftex.def Info: figs/greaterthammedian-p-eps-converted-to.pdf used on 
input line 91.
(pdftex.def)             Requested size: 142.26378pt x 106.69289pt.
Package epstopdf Info: Source file: <figs/greaterthan1-p.eps>
(epstopdf)                    date: 2015-04-07 10:42:56
(epstopdf)                    size: 283880 bytes
(epstopdf)             Output file: <figs/greaterthan1-p-eps-converted-to.pdf>
(epstopdf)                    date: 2015-04-07 16:25:02
(epstopdf)                    size: 85128 bytes
(epstopdf)             Command: <repstopdf --outfile=figs/greaterthan1-p-eps-co
nverted-to.pdf figs/greaterthan1-p.eps>
(epstopdf)             \includegraphics on input line 92.
Package epstopdf Info: Output file is already uptodate.

<figs/greaterthan1-p-eps-converted-to.pdf, id=1400, 562.1pt x 421.575pt>
File: figs/greaterthan1-p-eps-converted-to.pdf Graphic file (type pdf)

<use figs/greaterthan1-p-eps-converted-to.pdf>
Package pdftex.def Info: figs/greaterthan1-p-eps-converted-to.pdf used on input
 line 92.
(pdftex.def)             Requested size: 142.26378pt x 106.69289pt.
Package epstopdf Info: Source file: <figs/top100-p.eps>
(epstopdf)                    date: 2015-04-07 10:42:56
(epstopdf)                    size: 281903 bytes
(epstopdf)             Output file: <figs/top100-p-eps-converted-to.pdf>
(epstopdf)                    date: 2015-05-12 11:35:00
(epstopdf)                    size: 76599 bytes
(epstopdf)             Command: <repstopdf --outfile=figs/top100-p-eps-converte
d-to.pdf figs/top100-p.eps>
(epstopdf)             \includegraphics on input line 92.
Package epstopdf Info: Output file is already uptodate.

<figs/top100-p-eps-converted-to.pdf, id=1401, 562.1pt x 421.575pt>
File: figs/top100-p-eps-converted-to.pdf Graphic file (type pdf)

<use figs/top100-p-eps-converted-to.pdf>
Package pdftex.def Info: figs/top100-p-eps-converted-to.pdf used on input line 
92.
(pdftex.def)             Requested size: 142.26378pt x 106.69289pt.
Package epstopdf Info: Source file: <figs/greaterthan5-p.eps>
(epstopdf)                    date: 2015-04-07 10:42:56
(epstopdf)                    size: 283318 bytes
(epstopdf)             Output file: <figs/greaterthan5-p-eps-converted-to.pdf>
(epstopdf)                    date: 2015-04-07 16:25:04
(epstopdf)                    size: 83594 bytes
(epstopdf)             Command: <repstopdf --outfile=figs/greaterthan5-p-eps-co
nverted-to.pdf figs/greaterthan5-p.eps>
(epstopdf)             \includegraphics on input line 93.
Package epstopdf Info: Output file is already uptodate.

<figs/greaterthan5-p-eps-converted-to.pdf, id=1402, 562.1pt x 421.575pt>
File: figs/greaterthan5-p-eps-converted-to.pdf Graphic file (type pdf)

<use figs/greaterthan5-p-eps-converted-to.pdf>
Package pdftex.def Info: figs/greaterthan5-p-eps-converted-to.pdf used on input
 line 93.
(pdftex.def)             Requested size: 142.26378pt x 106.69289pt.
Package epstopdf Info: Source file: <figs/greaterthan10-p.eps>
(epstopdf)                    date: 2015-04-07 10:42:56
(epstopdf)                    size: 282342 bytes
(epstopdf)             Output file: <figs/greaterthan10-p-eps-converted-to.pdf>

(epstopdf)                    date: 2015-04-07 16:25:05
(epstopdf)                    size: 80565 bytes
(epstopdf)             Command: <repstopdf --outfile=figs/greaterthan10-p-eps-c
onverted-to.pdf figs/greaterthan10-p.eps>
(epstopdf)             \includegraphics on input line 93.
Package epstopdf Info: Output file is already uptodate.

<figs/greaterthan10-p-eps-converted-to.pdf, id=1403, 562.1pt x 421.575pt>
File: figs/greaterthan10-p-eps-converted-to.pdf Graphic file (type pdf)

<use figs/greaterthan10-p-eps-converted-to.pdf>
Package pdftex.def Info: figs/greaterthan10-p-eps-converted-to.pdf used on inpu
t line 93.
(pdftex.def)             Requested size: 142.26378pt x 106.69289pt.

Underfull \vbox (badness 10000) has occurred while \output is active []

 [39 <./figs/greaterthan0-r-eps-converted-to.pdf> <./figs/greaterthanmedian-r-e
ps-converted-to.pdf> <./figs/greaterthan1-r-eps-converted-to.pdf> <./figs/top10
0-r-eps-converted-to.pdf> <./figs/greaterthan5-r-eps-converted-to.pdf> <./figs/
greaterthan10-r-eps-converted-to.pdf>]
Overfull \hbox (40.65028pt too wide) in paragraph at lines 107--108
[]\T1/pplx/m/n/10.95 Terms with the score higher than the pos-i-tive me-dian sc
ore ($\OML/zplm/m/it/10.95 RF\OT1/zplm/m/n/10.95 (\OML/zplm/m/it/10.95 t\OT1/pp
lx/m/n/10.95 , \OML/zplm/m/it/10.95 Q\OT1/zplm/m/n/10.95 ) \OML/zplm/m/it/10.95
 > RF\OT1/zplm/m/n/10.95 (\OML/zplm/m/it/10.95 t[]\OT1/pplx/m/n/10.95 , \OML/zp
lm/m/it/10.95 Q\OT1/zplm/m/n/10.95 )$\T1/pplx/m/n/10.95 ). 
 []

[40 <./figs/greaterthan0-p-eps-converted-to.pdf> <./figs/greaterthammedian-p-ep
s-converted-to.pdf> <./figs/greaterthan1-p-eps-converted-to.pdf> <./figs/top100
-p-eps-converted-to.pdf> <./figs/greaterthan5-p-eps-converted-to.pdf> <./figs/g
reaterthan10-p-eps-converted-to.pdf>]
Package epstopdf Info: Source file: <figs/stackedTPs.eps>
(epstopdf)                    date: 2015-04-14 15:34:53
(epstopdf)                    size: 22442 bytes
(epstopdf)             Output file: <figs/stackedTPs-eps-converted-to.pdf>
(epstopdf)                    date: 2015-05-12 11:35:01
(epstopdf)                    size: 7491 bytes
(epstopdf)             Command: <repstopdf --outfile=figs/stackedTPs-eps-conver
ted-to.pdf figs/stackedTPs.eps>
(epstopdf)             \includegraphics on input line 121.
Package epstopdf Info: Output file is already uptodate.

<figs/stackedTPs-eps-converted-to.pdf, id=1491, 562.1pt x 421.575pt>
File: figs/stackedTPs-eps-converted-to.pdf Graphic file (type pdf)

<use figs/stackedTPs-eps-converted-to.pdf>
Package pdftex.def Info: figs/stackedTPs-eps-converted-to.pdf used on input lin
e 121.
(pdftex.def)             Requested size: 170.71652pt x 128.03662pt.
Package epstopdf Info: Source file: <figs/stackedFPs.eps>
(epstopdf)                    date: 2015-04-14 15:34:50
(epstopdf)                    size: 21494 bytes
(epstopdf)             Output file: <figs/stackedFPs-eps-converted-to.pdf>
(epstopdf)                    date: 2015-05-12 11:35:01
(epstopdf)                    size: 7082 bytes
(epstopdf)             Command: <repstopdf --outfile=figs/stackedFPs-eps-conver
ted-to.pdf figs/stackedFPs.eps>
(epstopdf)             \includegraphics on input line 121.
Package epstopdf Info: Output file is already uptodate.

<figs/stackedFPs-eps-converted-to.pdf, id=1492, 562.1pt x 421.575pt>
File: figs/stackedFPs-eps-converted-to.pdf Graphic file (type pdf)

<use figs/stackedFPs-eps-converted-to.pdf>
Package pdftex.def Info: figs/stackedFPs-eps-converted-to.pdf used on input lin
e 121.
(pdftex.def)             Requested size: 170.71652pt x 128.03662pt.
 [41 <./figs/stackedTPs-eps-converted-to.pdf> <./figs/stackedFPs-eps-converted-
to.pdf>]
(./table/usefultermsinsections.tex) (./table/usefultermsinsections-p.tex)
[42] (./table/optquery.tex
LaTeX Font Info:    Font shape `T1/pcr/bx/n' in size <10> not available
(Font)              Font shape `T1/pcr/b/n' tried instead on input line 22.

Overfull \hbox (38.57314pt too wide) in paragraph at lines 10--28
 [] 
 []

)
Package epstopdf Info: Source file: <figs/oracularq.eps>
(epstopdf)                    date: 2015-03-10 11:04:09
(epstopdf)                    size: 111535 bytes
(epstopdf)             Output file: <figs/oracularq-eps-converted-to.pdf>
(epstopdf)                    date: 2015-03-10 11:24:28
(epstopdf)                    size: 9578 bytes
(epstopdf)             Command: <repstopdf --outfile=figs/oracularq-eps-convert
ed-to.pdf figs/oracularq.eps>
(epstopdf)             \includegraphics on input line 193.
Package epstopdf Info: Output file is already uptodate.
 <figs/oracularq-eps-converted-to.pdf, id=1528, 562.1pt x 421.575pt>
File: figs/oracularq-eps-converted-to.pdf Graphic file (type pdf)

<use figs/oracularq-eps-converted-to.pdf>
Package pdftex.def Info: figs/oracularq-eps-converted-to.pdf used on input line
 193.
(pdftex.def)             Requested size: 170.71652pt x 128.03662pt.
Package epstopdf Info: Source file: <figs/oracularq-size.eps>
(epstopdf)                    date: 2015-03-06 20:45:03
(epstopdf)                    size: 27380 bytes
(epstopdf)             Output file: <figs/oracularq-size-eps-converted-to.pdf>
(epstopdf)                    date: 2015-03-06 20:45:28
(epstopdf)                    size: 8483 bytes
(epstopdf)             Command: <repstopdf --outfile=figs/oracularq-size-eps-co
nverted-to.pdf figs/oracularq-size.eps>
(epstopdf)             \includegraphics on input line 193.
Package epstopdf Info: Output file is already uptodate.

<figs/oracularq-size-eps-converted-to.pdf, id=1529, 562.1pt x 421.575pt>
File: figs/oracularq-size-eps-converted-to.pdf Graphic file (type pdf)

<use figs/oracularq-size-eps-converted-to.pdf>
Package pdftex.def Info: figs/oracularq-size-eps-converted-to.pdf used on input
 line 193.
(pdftex.def)             Requested size: 170.71652pt x 128.03662pt.
Package epstopdf Info: Source file: <figs/l1.eps>
(epstopdf)                    date: 2015-04-23 19:30:26
(epstopdf)                    size: 11051 bytes
(epstopdf)             Output file: <figs/l1-eps-converted-to.pdf>
(epstopdf)                    date: 2015-05-07 16:17:59
(epstopdf)                    size: 5097 bytes
(epstopdf)             Command: <repstopdf --outfile=figs/l1-eps-converted-to.p
df figs/l1.eps>
(epstopdf)             \includegraphics on input line 211.
Package epstopdf Info: Output file is already uptodate.

<figs/l1-eps-converted-to.pdf, id=1530, 609.27625pt x 47.17625pt>
File: figs/l1-eps-converted-to.pdf Graphic file (type pdf)

<use figs/l1-eps-converted-to.pdf>
Package pdftex.def Info: figs/l1-eps-converted-to.pdf used on input line 211.
(pdftex.def)             Requested size: 256.0748pt x 19.82828pt.
Package epstopdf Info: Source file: <figs/fig1_map.eps>
(epstopdf)                    date: 2015-04-23 19:30:29
(epstopdf)                    size: 100295 bytes
(epstopdf)             Output file: <figs/fig1_map-eps-converted-to.pdf>
(epstopdf)                    date: 2015-05-07 16:13:40
(epstopdf)                    size: 7173 bytes
(epstopdf)             Command: <repstopdf --outfile=figs/fig1_map-eps-converte
d-to.pdf figs/fig1_map.eps>
(epstopdf)             \includegraphics on input line 215.
Package epstopdf Info: Output file is already uptodate.

<figs/fig1_map-eps-converted-to.pdf, id=1531, 562.1pt x 421.575pt>
File: figs/fig1_map-eps-converted-to.pdf Graphic file (type pdf)

<use figs/fig1_map-eps-converted-to.pdf>
Package pdftex.def Info: figs/fig1_map-eps-converted-to.pdf used on input line 
215.
(pdftex.def)             Requested size: 170.71652pt x 128.03662pt.
Package epstopdf Info: Source file: <figs/fig1_recall.eps>
(epstopdf)                    date: 2015-04-23 19:30:32
(epstopdf)                    size: 100197 bytes
(epstopdf)             Output file: <figs/fig1_recall-eps-converted-to.pdf>
(epstopdf)                    date: 2015-05-07 16:13:41
(epstopdf)                    size: 7208 bytes
(epstopdf)             Command: <repstopdf --outfile=figs/fig1_recall-eps-conve
rted-to.pdf figs/fig1_recall.eps>
(epstopdf)             \includegraphics on input line 216.
Package epstopdf Info: Output file is already uptodate.

<figs/fig1_recall-eps-converted-to.pdf, id=1532, 562.1pt x 421.575pt>
File: figs/fig1_recall-eps-converted-to.pdf Graphic file (type pdf)

<use figs/fig1_recall-eps-converted-to.pdf>
Package pdftex.def Info: figs/fig1_recall-eps-converted-to.pdf used on input li
ne 216.
(pdftex.def)             Requested size: 170.71652pt x 128.03662pt.
 [43 <./figs/oracularq-eps-converted-to.pdf> <./figs/oracularq-size-eps-convert
ed-to.pdf>]
Overfull \hbox (18.11035pt too wide) in paragraph at lines 252--252
[]\T1/pplj/b/n/14.4 Query Re-duc-tion: Ap-prox-i-mat-ing the Orac-u-lar Patent 
Query 
 []

Package epstopdf Info: Source file: <figs/l3.eps>
(epstopdf)                    date: 2015-05-07 16:54:34
(epstopdf)                    size: 92189 bytes
(epstopdf)             Output file: <figs/l3-eps-converted-to.pdf>
(epstopdf)                    date: 2015-05-07 16:57:56
(epstopdf)                    size: 6212 bytes
(epstopdf)             Command: <repstopdf --outfile=figs/l3-eps-converted-to.p
df figs/l3.eps>
(epstopdf)             \includegraphics on input line 266.
Package epstopdf Info: Output file is already uptodate.
<figs/l3-eps-converted-to.pdf, id=1557, 595.22375pt x 50.1875pt>
File: figs/l3-eps-converted-to.pdf Graphic file (type pdf)

<use figs/l3-eps-converted-to.pdf>
Package pdftex.def Info: figs/l3-eps-converted-to.pdf used on input line 266.
(pdftex.def)             Requested size: 256.0748pt x 21.59091pt.
Package epstopdf Info: Source file: <figs/fig3_map.eps>
(epstopdf)                    date: 2015-05-07 16:54:30
(epstopdf)                    size: 96177 bytes
(epstopdf)             Output file: <figs/fig3_map-eps-converted-to.pdf>
(epstopdf)                    date: 2015-05-07 16:57:57
(epstopdf)                    size: 6837 bytes
(epstopdf)             Command: <repstopdf --outfile=figs/fig3_map-eps-converte
d-to.pdf figs/fig3_map.eps>
(epstopdf)             \includegraphics on input line 270.
Package epstopdf Info: Output file is already uptodate.

<figs/fig3_map-eps-converted-to.pdf, id=1558, 562.1pt x 421.575pt>
File: figs/fig3_map-eps-converted-to.pdf Graphic file (type pdf)

<use figs/fig3_map-eps-converted-to.pdf>
Package pdftex.def Info: figs/fig3_map-eps-converted-to.pdf used on input line 
270.
(pdftex.def)             Requested size: 170.71652pt x 128.03662pt.
Package epstopdf Info: Source file: <figs/fig3_recall.eps>
(epstopdf)                    date: 2015-05-07 16:54:32
(epstopdf)                    size: 96174 bytes
(epstopdf)             Output file: <figs/fig3_recall-eps-converted-to.pdf>
(epstopdf)                    date: 2015-05-07 16:57:58
(epstopdf)                    size: 6739 bytes
(epstopdf)             Command: <repstopdf --outfile=figs/fig3_recall-eps-conve
rted-to.pdf figs/fig3_recall.eps>
(epstopdf)             \includegraphics on input line 270.
Package epstopdf Info: Output file is already uptodate.

<figs/fig3_recall-eps-converted-to.pdf, id=1559, 562.1pt x 421.575pt>
File: figs/fig3_recall-eps-converted-to.pdf Graphic file (type pdf)

<use figs/fig3_recall-eps-converted-to.pdf>
Package pdftex.def Info: figs/fig3_recall-eps-converted-to.pdf used on input li
ne 270.
(pdftex.def)             Requested size: 170.71652pt x 128.03662pt.
 [44 <./figs/l1-eps-converted-to.pdf> <./figs/fig1_map-eps-converted-to.pdf> <.
/figs/fig1_recall-eps-converted-to.pdf>]
Underfull \vbox (badness 1152) has occurred while \output is active []

 [45 <./figs/l3-eps-converted-to.pdf> <./figs/fig3_map-eps-converted-to.pdf> <.
/figs/fig3_recall-eps-converted-to.pdf>]
Package epstopdf Info: Source file: <figs/qterm_rf_df.eps>
(epstopdf)                    date: 2015-03-31 19:42:26
(epstopdf)                    size: 4313525 bytes
(epstopdf)             Output file: <figs/qterm_rf_df-eps-converted-to.pdf>
(epstopdf)                    date: 2015-03-31 20:03:30
(epstopdf)                    size: 90512 bytes
(epstopdf)             Command: <repstopdf --outfile=figs/qterm_rf_df-eps-conve
rted-to.pdf figs/qterm_rf_df.eps>
(epstopdf)             \includegraphics on input line 310.
Package epstopdf Info: Output file is already uptodate.

<figs/qterm_rf_df-eps-converted-to.pdf, id=1639, 562.1pt x 421.575pt>
File: figs/qterm_rf_df-eps-converted-to.pdf Graphic file (type pdf)

<use figs/qterm_rf_df-eps-converted-to.pdf>
Package pdftex.def Info: figs/qterm_rf_df-eps-converted-to.pdf used on input li
ne 310.
(pdftex.def)             Requested size: 256.0748pt x 192.05493pt.
Package epstopdf Info: Source file: <figs/df-rf-tauline.eps>
(epstopdf)                    date: 2015-04-08 16:18:08
(epstopdf)                    size: 4134818 bytes
(epstopdf)             Output file: <figs/df-rf-tauline-eps-converted-to.pdf>
(epstopdf)                    date: 2015-04-08 16:20:01
(epstopdf)                    size: 71140 bytes
(epstopdf)             Command: <repstopdf --outfile=figs/df-rf-tauline-eps-con
verted-to.pdf figs/df-rf-tauline.eps>
(epstopdf)             \includegraphics on input line 312.
Package epstopdf Info: Output file is already uptodate.

<figs/df-rf-tauline-eps-converted-to.pdf, id=1640, 561.09625pt x 414.54875pt>
File: figs/df-rf-tauline-eps-converted-to.pdf Graphic file (type pdf)

<use figs/df-rf-tauline-eps-converted-to.pdf>
Package pdftex.def Info: figs/df-rf-tauline-eps-converted-to.pdf used on input 
line 312.
(pdftex.def)             Requested size: 256.0748pt x 189.18927pt.
 [46]
Package epstopdf Info: Source file: <figs/prf.eps>
(epstopdf)                    date: 2015-03-10 19:07:30
(epstopdf)                    size: 106621 bytes
(epstopdf)             Output file: <figs/prf-eps-converted-to.pdf>
(epstopdf)                    date: 2015-03-10 19:10:02
(epstopdf)                    size: 8920 bytes
(epstopdf)             Command: <repstopdf --outfile=figs/prf-eps-converted-to.
pdf figs/prf.eps>
(epstopdf)             \includegraphics on input line 337.
Package epstopdf Info: Output file is already uptodate.

<figs/prf-eps-converted-to.pdf, id=1657, 562.1pt x 421.575pt>
File: figs/prf-eps-converted-to.pdf Graphic file (type pdf)

<use figs/prf-eps-converted-to.pdf>
Package pdftex.def Info: figs/prf-eps-converted-to.pdf used on input line 337.
(pdftex.def)             Requested size: 205.70943pt x 156.48848pt.
Package epstopdf Info: Source file: <figs/scoretscorethat-tau0.eps>
(epstopdf)                    date: 2015-04-09 12:25:58
(epstopdf)                    size: 902789 bytes
(epstopdf)             Output file: <figs/scoretscorethat-tau0-eps-converted-to
.pdf>
(epstopdf)                    date: 2015-05-12 11:35:03
(epstopdf)                    size: 88190 bytes
(epstopdf)             Command: <repstopdf --outfile=figs/scoretscorethat-tau0-
eps-converted-to.pdf figs/scoretscorethat-tau0.eps>
(epstopdf)             \includegraphics on input line 345.
Package epstopdf Info: Output file is already uptodate.

<figs/scoretscorethat-tau0-eps-converted-to.pdf, id=1658, 562.1pt x 421.575pt>
File: figs/scoretscorethat-tau0-eps-converted-to.pdf Graphic file (type pdf)

<use figs/scoretscorethat-tau0-eps-converted-to.pdf>
Package pdftex.def Info: figs/scoretscorethat-tau0-eps-converted-to.pdf used on
 input line 345.
(pdftex.def)             Requested size: 199.16928pt x 149.3739pt.
Package epstopdf Info: Source file: <figs/scoretscorethat-tau1.eps>
(epstopdf)                    date: 2015-04-09 12:26:01
(epstopdf)                    size: 906192 bytes
(epstopdf)             Output file: <figs/scoretscorethat-tau1-eps-converted-to
.pdf>
(epstopdf)                    date: 2015-05-12 11:35:04
(epstopdf)                    size: 88819 bytes
(epstopdf)             Command: <repstopdf --outfile=figs/scoretscorethat-tau1-
eps-converted-to.pdf figs/scoretscorethat-tau1.eps>
(epstopdf)             \includegraphics on input line 346.
Package epstopdf Info: Output file is already uptodate.

<figs/scoretscorethat-tau1-eps-converted-to.pdf, id=1659, 562.1pt x 421.575pt>
File: figs/scoretscorethat-tau1-eps-converted-to.pdf Graphic file (type pdf)

<use figs/scoretscorethat-tau1-eps-converted-to.pdf>
Package pdftex.def Info: figs/scoretscorethat-tau1-eps-converted-to.pdf used on
 input line 346.
(pdftex.def)             Requested size: 199.16928pt x 149.3739pt.
Package epstopdf Info: Source file: <figs/scoretscorethat-tau10.eps>
(epstopdf)                    date: 2015-04-09 12:26:05
(epstopdf)                    size: 886292 bytes
(epstopdf)             Output file: <figs/scoretscorethat-tau10-eps-converted-t
o.pdf>
(epstopdf)                    date: 2015-05-12 11:35:06
(epstopdf)                    size: 89883 bytes
(epstopdf)             Command: <repstopdf --outfile=figs/scoretscorethat-tau10
-eps-converted-to.pdf figs/scoretscorethat-tau10.eps>
(epstopdf)             \includegraphics on input line 347.
Package epstopdf Info: Output file is already uptodate.

<figs/scoretscorethat-tau10-eps-converted-to.pdf, id=1660, 562.1pt x 421.575pt>
File: figs/scoretscorethat-tau10-eps-converted-to.pdf Graphic file (type pdf)
<use figs/scoretscorethat-tau10-eps-converted-to.pdf>
Package pdftex.def Info: figs/scoretscorethat-tau10-eps-converted-to.pdf used o
n input line 347.
(pdftex.def)             Requested size: 199.16928pt x 149.3739pt.

Underfull \vbox (badness 1558) has occurred while \output is active []

 [47 <./figs/qterm_rf_df-eps-converted-to.pdf> <./figs/df-rf-tauline-eps-conver
ted-to.pdf>]
Underfull \vbox (badness 1874) has occurred while \output is active []

 [48 <./figs/prf-eps-converted-to.pdf> <./figs/scoretscorethat-tau0-eps-convert
ed-to.pdf> <./figs/scoretscorethat-tau1-eps-converted-to.pdf> <./figs/scoretsco
rethat-tau10-eps-converted-to.pdf>]
(/usr/share/texlive/texmf-dist/tex/latex/listings/lstlang1.sty
File: lstlang1.sty 2013/06/27 1.5pre1 listings language file
)
(/usr/share/texlive/texmf-dist/tex/latex/listings/lstlang2.sty
File: lstlang2.sty 2013/06/27 1.5pre1 listings language file
)
(/usr/share/texlive/texmf-dist/tex/latex/listings/lstlang3.sty
File: lstlang3.sty 2013/06/27 1.5pre1 listings language file
)
(/usr/share/texlive/texmf-dist/tex/latex/listings/lstlang1.sty
File: lstlang1.sty 2013/06/27 1.5pre1 listings language file
)
(/usr/share/texlive/texmf-dist/tex/latex/listings/lstlang2.sty
File: lstlang2.sty 2013/06/27 1.5pre1 listings language file
)
(/usr/share/texlive/texmf-dist/tex/latex/listings/lstlang3.sty
File: lstlang3.sty 2013/06/27 1.5pre1 listings language file
)
(/usr/share/texlive/texmf-dist/tex/latex/listings/lstlang1.sty
File: lstlang1.sty 2013/06/27 1.5pre1 listings language file
)
(/usr/share/texlive/texmf-dist/tex/latex/listings/lstlang2.sty
File: lstlang2.sty 2013/06/27 1.5pre1 listings language file
)
(/usr/share/texlive/texmf-dist/tex/latex/listings/lstlang3.sty
File: lstlang3.sty 2013/06/27 1.5pre1 listings language file
)
(/usr/share/texlive/texmf-dist/tex/latex/listings/lstmisc.sty
File: lstmisc.sty 2013/07/10 1.5 (Carsten Heinz)
) [49] [50]
(./table/partialRFtermselect1.tex
LaTeX Font Info:    Font shape `T1/pcr/bx/n' in size <10.95> not available
(Font)              Font shape `T1/pcr/b/n' tried instead on input line 22.
)
Package epstopdf Info: Source file: <figs/1stRank.eps>
(epstopdf)                    date: 2015-02-26 15:17:00
(epstopdf)                    size: 25776 bytes
(epstopdf)             Output file: <figs/1stRank-eps-converted-to.pdf>
(epstopdf)                    date: 2015-03-11 12:15:32
(epstopdf)                    size: 8345 bytes
(epstopdf)             Command: <repstopdf --outfile=figs/1stRank-eps-converted
-to.pdf figs/1stRank.eps>
(epstopdf)             \includegraphics on input line 484.
Package epstopdf Info: Output file is already uptodate.

<figs/1stRank-eps-converted-to.pdf, id=1827, 198.7425pt x 100.375pt>
File: figs/1stRank-eps-converted-to.pdf Graphic file (type pdf)

<use figs/1stRank-eps-converted-to.pdf>
Package pdftex.def Info: figs/1stRank-eps-converted-to.pdf used on input line 4
84.
(pdftex.def)             Requested size: 184.9499pt x 99.59209pt.
) (./conclusion.tex [51 <./figs/1stRank-eps-converted-to.pdf>] [52

]
Chapter 5.
[53] [54]) [55] [56

] (./thesis.bbl (./thesis.brf)
\tf@brf=\write9
\openout9 = `thesis.brf'.

 [57

] [58]pdfTeX warning (ext4): destination with the same identifier (name{cite.mo
na2015termselection}) has been already used, duplicate ignored
<to be read again> 
                   \relax 
l.168 
       [59] [60] [61] [62])
No file thesis.ind.

Package natbib Warning: There were multiply defined citations.

Package atveryend Info: Empty hook `BeforeClearDocument' on input line 172.
[63]
Package atveryend Info: Empty hook `AfterLastShipout' on input line 172.
 (./thesis.aux

Package natbib Warning: Citation(s) may have changed.
(natbib)                Rerun to get citations correct.

)
Package atveryend Info: Executing hook `AtVeryEndDocument' on input line 172.
Package atveryend Info: Executing hook `AtEndAfterFileList' on input line 172.
Package rerunfilecheck Info: File `thesis.out' has not changed.
(rerunfilecheck)             Checksum: FD298E3FECBC1B61963AC8D0BF1673F2;6216.
Package rerunfilecheck Info: File `thesis.brf' has not changed.
(rerunfilecheck)             Checksum: 04A9B177D91E8508A27CDC1FE7364010;10379.


LaTeX Font Warning: Some font shapes were not available, defaults substituted.


LaTeX Warning: There were multiply-defined labels.

Package atveryend Info: Empty hook `AtVeryVeryEnd' on input line 172.
 ) 
Here is how much of TeX's memory you used:
 22250 strings out of 493307
 387127 string characters out of 6139906
 725581 words of memory out of 5000000
 24550 multiletter control sequences out of 15000+600000
 95172 words of font info for 173 fonts, out of 8000000 for 9000
 957 hyphenation exceptions out of 8191
 65i,20n,124p,1498b,2219s stack positions out of 5000i,500n,10000p,200000b,80000s
{/usr/share/texmf/fonts/enc/dvips/cm-super/cm-super-t1.enc}{/usr/share/texliv
e/texmf-dist/fonts/enc/dvips/base/8r.enc}</usr/share/texlive/texmf-dist/fonts/t
ype1/public/amsfonts/cm/cmex10.pfb></usr/share/texlive/texmf-dist/fonts/type1/p
ublic/amsfonts/cm/cmmi10.pfb></usr/share/texlive/texmf-dist/fonts/type1/public/
amsfonts/cm/cmr10.pfb></usr/share/texlive/texmf-dist/fonts/type1/public/amsfont
s/cm/cmsy10.pfb></usr/share/texlive/texmf-dist/fonts/type1/public/fpl/fplbj8a.p
fb></usr/share/texlive/texmf-dist/fonts/type1/public/mathpazo/fplmr.pfb></usr/s
hare/texlive/texmf-dist/fonts/type1/public/mathpazo/fplmri.pfb></usr/share/texl
ive/texmf-dist/fonts/type1/public/fpl/fplrc8a.pfb></usr/share/texmf/fonts/type1
/public/cm-super/sfrm0900.pfb></usr/share/texmf/fonts/type1/public/cm-super/sfr
m1095.pfb></usr/share/texlive/texmf-dist/fonts/type1/urw/courier/ucrb8a.pfb></u
sr/share/texlive/texmf-dist/fonts/type1/urw/courier/ucrr8a.pfb></usr/share/texl
ive/texmf-dist/fonts/type1/urw/palatino/uplb8a.pfb></usr/share/texlive/texmf-di
st/fonts/type1/urw/palatino/uplr8a.pfb></usr/share/texlive/texmf-dist/fonts/typ
e1/urw/palatino/uplri8a.pfb>
Output written on thesis.pdf (83 pages, 2073474 bytes).
PDF statistics:
 2179 PDF objects out of 2487 (max. 8388607)
 1928 compressed objects within 20 object streams
 463 named destinations out of 1000 (max. 500000)
 898 words of extra memory for PDF output out of 10000 (max. 10000000)

